{"meta": {"format": 3, "version": "7.10.6", "timestamp": "2025-09-07T23:42:40.053468", "branch_coverage": true, "show_contexts": false}, "files": {"app/__init__.py": {"executed_lines": [], "summary": {"covered_lines": 0, "num_statements": 0, "percent_covered": 100.0, "percent_covered_display": "100.00", "missing_lines": 0, "excluded_lines": 0, "num_branches": 0, "num_partial_branches": 0, "covered_branches": 0, "missing_branches": 0}, "missing_lines": [], "excluded_lines": [], "executed_branches": [], "missing_branches": [], "functions": {"": {"executed_lines": [], "summary": {"covered_lines": 0, "num_statements": 0, "percent_covered": 100.0, "percent_covered_display": "100.00", "missing_lines": 0, "excluded_lines": 0, "num_branches": 0, "num_partial_branches": 0, "covered_branches": 0, "missing_branches": 0}, "missing_lines": [], "excluded_lines": [], "executed_branches": [], "missing_branches": []}}, "classes": {"": {"executed_lines": [], "summary": {"covered_lines": 0, "num_statements": 0, "percent_covered": 100.0, "percent_covered_display": "100.00", "missing_lines": 0, "excluded_lines": 0, "num_branches": 0, "num_partial_branches": 0, "covered_branches": 0, "missing_branches": 0}, "missing_lines": [], "excluded_lines": [], "executed_branches": [], "missing_branches": []}}}, "app/api/__init__.py": {"executed_lines": [], "summary": {"covered_lines": 0, "num_statements": 0, "percent_covered": 100.0, "percent_covered_display": "100.00", "missing_lines": 0, "excluded_lines": 0, "num_branches": 0, "num_partial_branches": 0, "covered_branches": 0, "missing_branches": 0}, "missing_lines": [], "excluded_lines": [], "executed_branches": [], "missing_branches": [], "functions": {"": {"executed_lines": [], "summary": {"covered_lines": 0, "num_statements": 0, "percent_covered": 100.0, "percent_covered_display": "100.00", "missing_lines": 0, "excluded_lines": 0, "num_branches": 0, "num_partial_branches": 0, "covered_branches": 0, "missing_branches": 0}, "missing_lines": [], "excluded_lines": [], "executed_branches": [], "missing_branches": []}}, "classes": {"": {"executed_lines": [], "summary": {"covered_lines": 0, "num_statements": 0, "percent_covered": 100.0, "percent_covered_display": "100.00", "missing_lines": 0, "excluded_lines": 0, "num_branches": 0, "num_partial_branches": 0, "covered_branches": 0, "missing_branches": 0}, "missing_lines": [], "excluded_lines": [], "executed_branches": [], "missing_branches": []}}}, "app/api/deps.py": {"executed_lines": [1, 6, 7, 9, 10, 11, 12, 14, 15, 16, 17, 18, 20, 23, 26, 28, 29, 30, 31, 32, 33, 35, 41, 42, 43, 44, 45, 48, 50, 53, 70, 76, 78, 79, 80, 82, 83, 84, 87, 88, 89, 90, 91, 92, 93, 96, 97, 98, 100, 101, 103, 104, 105, 107, 108, 109, 114, 115, 116, 117, 121, 123, 124, 125, 126, 129, 133, 136, 152, 154, 155, 159, 163, 166, 182, 184, 188, 192, 196, 199, 215, 217, 218, 222, 225, 241, 243, 244, 248, 251, 252, 254, 263, 264, 265, 266, 267, 271, 272, 274, 276, 277, 279, 282, 290, 295, 296, 298, 312, 313, 314, 315, 316, 317, 318, 321, 335, 350, 351, 353, 364, 365, 366, 367, 370, 381, 394, 395, 397, 398, 399, 400, 401, 402, 403, 404, 407, 419, 420, 421, 422, 429, 431, 439, 440, 443, 444, 446, 449, 458, 459, 460, 461, 463, 465, 473, 478, 480, 481, 482, 485, 490, 492, 493, 494, 497, 502, 503, 504], "summary": {"covered_lines": 164, "num_statements": 165, "percent_covered": 98.52216748768473, "percent_covered_display": "98.52", "missing_lines": 1, "excluded_lines": 0, "num_branches": 38, "num_partial_branches": 2, "covered_branches": 36, "missing_branches": 2}, "missing_lines": [424], "excluded_lines": [], "executed_branches": [[30, 31], [41, -26], [41, 42], [79, 80], [79, 82], [83, 84], [83, 87], [103, 104], [103, 107], [107, 108], [107, 114], [154, 155], [154, 163], [184, 188], [184, 196], [217, 218], [217, 222], [243, 244], [243, 248], [419, 420], [419, 421], [421, 422], [439, 440], [439, 443], [443, 444], [443, 446], [458, 459], [458, 460], [460, 461], [460, 463], [480, 481], [480, 482], [492, 493], [492, 494], [502, 503], [502, 504]], "missing_branches": [[30, 41], [421, 424]], "functions": {"get_db": {"executed_lines": [28, 29, 30, 31, 32, 33, 35, 41, 42, 43, 44, 45], "summary": {"covered_lines": 12, "num_statements": 12, "percent_covered": 93.75, "percent_covered_display": "93.75", "missing_lines": 0, "excluded_lines": 0, "num_branches": 4, "num_partial_branches": 1, "covered_branches": 3, "missing_branches": 1}, "missing_lines": [], "excluded_lines": [], "executed_branches": [[30, 31], [41, -26], [41, 42]], "missing_branches": [[30, 41]]}, "get_sync_db": {"executed_lines": [50], "summary": {"covered_lines": 1, "num_statements": 1, "percent_covered": 100.0, "percent_covered_display": "100.00", "missing_lines": 0, "excluded_lines": 0, "num_branches": 0, "num_partial_branches": 0, "covered_branches": 0, "missing_branches": 0}, "missing_lines": [], "excluded_lines": [], "executed_branches": [], "missing_branches": []}, "get_current_user": {"executed_lines": [70, 76, 78, 79, 80, 82, 83, 84, 87, 88, 89, 90, 91, 92, 93, 96, 97, 98, 100, 101, 103, 104, 105, 107, 108, 109, 114, 115, 116, 117, 121, 123, 124, 125, 126], "summary": {"covered_lines": 35, "num_statements": 35, "percent_covered": 100.0, "percent_covered_display": "100.00", "missing_lines": 0, "excluded_lines": 0, "num_branches": 8, "num_partial_branches": 0, "covered_branches": 8, "missing_branches": 0}, "missing_lines": [], "excluded_lines": [], "executed_branches": [[79, 80], [79, 82], [83, 84], [83, 87], [103, 104], [103, 107], [107, 108], [107, 114]], "missing_branches": []}, "get_current_active_user": {"executed_lines": [133], "summary": {"covered_lines": 1, "num_statements": 1, "percent_covered": 100.0, "percent_covered_display": "100.00", "missing_lines": 0, "excluded_lines": 0, "num_branches": 0, "num_partial_branches": 0, "covered_branches": 0, "missing_branches": 0}, "missing_lines": [], "excluded_lines": [], "executed_branches": [], "missing_branches": []}, "get_admin_user": {"executed_lines": [152, 154, 155, 159, 163], "summary": {"covered_lines": 5, "num_statements": 5, "percent_covered": 100.0, "percent_covered_display": "100.00", "missing_lines": 0, "excluded_lines": 0, "num_branches": 2, "num_partial_branches": 0, "covered_branches": 2, "missing_branches": 0}, "missing_lines": [], "excluded_lines": [], "executed_branches": [[154, 155], [154, 163]], "missing_branches": []}, "get_group_leader_or_admin": {"executed_lines": [182, 184, 188, 192, 196], "summary": {"covered_lines": 5, "num_statements": 5, "percent_covered": 100.0, "percent_covered_display": "100.00", "missing_lines": 0, "excluded_lines": 0, "num_branches": 2, "num_partial_branches": 0, "covered_branches": 2, "missing_branches": 0}, "missing_lines": [], "excluded_lines": [], "executed_branches": [[184, 188], [184, 196]], "missing_branches": []}, "get_current_active_admin": {"executed_lines": [215, 217, 218, 222], "summary": {"covered_lines": 4, "num_statements": 4, "percent_covered": 100.0, "percent_covered_display": "100.00", "missing_lines": 0, "excluded_lines": 0, "num_branches": 2, "num_partial_branches": 0, "covered_branches": 2, "missing_branches": 0}, "missing_lines": [], "excluded_lines": [], "executed_branches": [[217, 218], [217, 222]], "missing_branches": []}, "get_current_active_group_leader": {"executed_lines": [241, 243, 244, 248], "summary": {"covered_lines": 4, "num_statements": 4, "percent_covered": 100.0, "percent_covered_display": "100.00", "missing_lines": 0, "excluded_lines": 0, "num_branches": 2, "num_partial_branches": 0, "covered_branches": 2, "missing_branches": 0}, "missing_lines": [], "excluded_lines": [], "executed_branches": [[243, 244], [243, 248]], "missing_branches": []}, "CommonQueryParams.__init__": {"executed_lines": [263, 264, 265, 266, 267], "summary": {"covered_lines": 5, "num_statements": 5, "percent_covered": 100.0, "percent_covered_display": "100.00", "missing_lines": 0, "excluded_lines": 0, "num_branches": 0, "num_partial_branches": 0, "covered_branches": 0, "missing_branches": 0}, "missing_lines": [], "excluded_lines": [], "executed_branches": [], "missing_branches": []}, "CommonQueryParams.offset": {"executed_lines": [274], "summary": {"covered_lines": 1, "num_statements": 1, "percent_covered": 100.0, "percent_covered_display": "100.00", "missing_lines": 0, "excluded_lines": 0, "num_branches": 0, "num_partial_branches": 0, "covered_branches": 0, "missing_branches": 0}, "missing_lines": [], "excluded_lines": [], "executed_branches": [], "missing_branches": []}, "CommonQueryParams.limit": {"executed_lines": [279], "summary": {"covered_lines": 1, "num_statements": 1, "percent_covered": 100.0, "percent_covered_display": "100.00", "missing_lines": 0, "excluded_lines": 0, "num_branches": 0, "num_partial_branches": 0, "covered_branches": 0, "missing_branches": 0}, "missing_lines": [], "excluded_lines": [], "executed_branches": [], "missing_branches": []}, "get_query_params": {"executed_lines": [290], "summary": {"covered_lines": 1, "num_statements": 1, "percent_covered": 100.0, "percent_covered_display": "100.00", "missing_lines": 0, "excluded_lines": 0, "num_branches": 0, "num_partial_branches": 0, "covered_branches": 0, "missing_branches": 0}, "missing_lines": [], "excluded_lines": [], "executed_branches": [], "missing_branches": []}, "TaskQueryParams.__init__": {"executed_lines": [312, 313, 314, 315, 316, 317, 318], "summary": {"covered_lines": 7, "num_statements": 7, "percent_covered": 100.0, "percent_covered_display": "100.00", "missing_lines": 0, "excluded_lines": 0, "num_branches": 0, "num_partial_branches": 0, "covered_branches": 0, "missing_branches": 0}, "missing_lines": [], "excluded_lines": [], "executed_branches": [], "missing_branches": []}, "get_task_query_params": {"executed_lines": [335], "summary": {"covered_lines": 1, "num_statements": 1, "percent_covered": 100.0, "percent_covered_display": "100.00", "missing_lines": 0, "excluded_lines": 0, "num_branches": 0, "num_partial_branches": 0, "covered_branches": 0, "missing_branches": 0}, "missing_lines": [], "excluded_lines": [], "executed_branches": [], "missing_branches": []}, "MemberQueryParams.__init__": {"executed_lines": [364, 365, 366, 367], "summary": {"covered_lines": 4, "num_statements": 4, "percent_covered": 100.0, "percent_covered_display": "100.00", "missing_lines": 0, "excluded_lines": 0, "num_branches": 0, "num_partial_branches": 0, "covered_branches": 0, "missing_branches": 0}, "missing_lines": [], "excluded_lines": [], "executed_branches": [], "missing_branches": []}, "get_member_query_params": {"executed_lines": [381], "summary": {"covered_lines": 1, "num_statements": 1, "percent_covered": 100.0, "percent_covered_display": "100.00", "missing_lines": 0, "excluded_lines": 0, "num_branches": 0, "num_partial_branches": 0, "covered_branches": 0, "missing_branches": 0}, "missing_lines": [], "excluded_lines": [], "executed_branches": [], "missing_branches": []}, "PaginatedResponse.__init__": {"executed_lines": [398, 399, 400, 401, 402, 403, 404], "summary": {"covered_lines": 7, "num_statements": 7, "percent_covered": 100.0, "percent_covered_display": "100.00", "missing_lines": 0, "excluded_lines": 0, "num_branches": 0, "num_partial_branches": 0, "covered_branches": 0, "missing_branches": 0}, "missing_lines": [], "excluded_lines": [], "executed_branches": [], "missing_branches": []}, "create_response": {"executed_lines": [419, 420, 421, 422, 429, 431, 439, 440, 443, 444, 446], "summary": {"covered_lines": 11, "num_statements": 12, "percent_covered": 90.0, "percent_covered_display": "90.00", "missing_lines": 1, "excluded_lines": 0, "num_branches": 8, "num_partial_branches": 1, "covered_branches": 7, "missing_branches": 1}, "missing_lines": [424], "excluded_lines": [], "executed_branches": [[419, 420], [419, 421], [421, 422], [439, 440], [439, 443], [443, 444], [443, 446]], "missing_branches": [[421, 424]]}, "create_error_response": {"executed_lines": [458, 459, 460, 461, 463, 465], "summary": {"covered_lines": 6, "num_statements": 6, "percent_covered": 100.0, "percent_covered_display": "100.00", "missing_lines": 0, "excluded_lines": 0, "num_branches": 4, "num_partial_branches": 0, "covered_branches": 4, "missing_branches": 0}, "missing_lines": [], "excluded_lines": [], "executed_branches": [[458, 459], [458, 460], [460, 461], [460, 463]], "missing_branches": []}, "check_user_can_manage_group": {"executed_lines": [478, 480, 481, 482], "summary": {"covered_lines": 4, "num_statements": 4, "percent_covered": 100.0, "percent_covered_display": "100.00", "missing_lines": 0, "excluded_lines": 0, "num_branches": 2, "num_partial_branches": 0, "covered_branches": 2, "missing_branches": 0}, "missing_lines": [], "excluded_lines": [], "executed_branches": [[480, 481], [480, 482]], "missing_branches": []}, "check_user_is_admin": {"executed_lines": [490, 492, 493, 494], "summary": {"covered_lines": 4, "num_statements": 4, "percent_covered": 100.0, "percent_covered_display": "100.00", "missing_lines": 0, "excluded_lines": 0, "num_branches": 2, "num_partial_branches": 0, "covered_branches": 2, "missing_branches": 0}, "missing_lines": [], "excluded_lines": [], "executed_branches": [[492, 493], [492, 494]], "missing_branches": []}, "check_user_can_access_task": {"executed_lines": [502, 503, 504], "summary": {"covered_lines": 3, "num_statements": 3, "percent_covered": 100.0, "percent_covered_display": "100.00", "missing_lines": 0, "excluded_lines": 0, "num_branches": 2, "num_partial_branches": 0, "covered_branches": 2, "missing_branches": 0}, "missing_lines": [], "excluded_lines": [], "executed_branches": [[502, 503], [502, 504]], "missing_branches": []}, "": {"executed_lines": [1, 6, 7, 9, 10, 11, 12, 14, 15, 16, 17, 18, 20, 23, 26, 48, 53, 129, 136, 166, 199, 225, 251, 252, 254, 271, 272, 276, 277, 282, 295, 296, 298, 321, 350, 351, 353, 370, 394, 395, 397, 407, 449, 473, 485, 497], "summary": {"covered_lines": 41, "num_statements": 41, "percent_covered": 100.0, "percent_covered_display": "100.00", "missing_lines": 0, "excluded_lines": 0, "num_branches": 0, "num_partial_branches": 0, "covered_branches": 0, "missing_branches": 0}, "missing_lines": [], "excluded_lines": [], "executed_branches": [], "missing_branches": []}}, "classes": {"CommonQueryParams": {"executed_lines": [263, 264, 265, 266, 267, 274, 279], "summary": {"covered_lines": 7, "num_statements": 7, "percent_covered": 100.0, "percent_covered_display": "100.00", "missing_lines": 0, "excluded_lines": 0, "num_branches": 0, "num_partial_branches": 0, "covered_branches": 0, "missing_branches": 0}, "missing_lines": [], "excluded_lines": [], "executed_branches": [], "missing_branches": []}, "TaskQueryParams": {"executed_lines": [312, 313, 314, 315, 316, 317, 318], "summary": {"covered_lines": 7, "num_statements": 7, "percent_covered": 100.0, "percent_covered_display": "100.00", "missing_lines": 0, "excluded_lines": 0, "num_branches": 0, "num_partial_branches": 0, "covered_branches": 0, "missing_branches": 0}, "missing_lines": [], "excluded_lines": [], "executed_branches": [], "missing_branches": []}, "MemberQueryParams": {"executed_lines": [364, 365, 366, 367], "summary": {"covered_lines": 4, "num_statements": 4, "percent_covered": 100.0, "percent_covered_display": "100.00", "missing_lines": 0, "excluded_lines": 0, "num_branches": 0, "num_partial_branches": 0, "covered_branches": 0, "missing_branches": 0}, "missing_lines": [], "excluded_lines": [], "executed_branches": [], "missing_branches": []}, "PaginatedResponse": {"executed_lines": [398, 399, 400, 401, 402, 403, 404], "summary": {"covered_lines": 7, "num_statements": 7, "percent_covered": 100.0, "percent_covered_display": "100.00", "missing_lines": 0, "excluded_lines": 0, "num_branches": 0, "num_partial_branches": 0, "covered_branches": 0, "missing_branches": 0}, "missing_lines": [], "excluded_lines": [], "executed_branches": [], "missing_branches": []}, "": {"executed_lines": [1, 6, 7, 9, 10, 11, 12, 14, 15, 16, 17, 18, 20, 23, 26, 28, 29, 30, 31, 32, 33, 35, 41, 42, 43, 44, 45, 48, 50, 53, 70, 76, 78, 79, 80, 82, 83, 84, 87, 88, 89, 90, 91, 92, 93, 96, 97, 98, 100, 101, 103, 104, 105, 107, 108, 109, 114, 115, 116, 117, 121, 123, 124, 125, 126, 129, 133, 136, 152, 154, 155, 159, 163, 166, 182, 184, 188, 192, 196, 199, 215, 217, 218, 222, 225, 241, 243, 244, 248, 251, 252, 254, 271, 272, 276, 277, 282, 290, 295, 296, 298, 321, 335, 350, 351, 353, 370, 381, 394, 395, 397, 407, 419, 420, 421, 422, 429, 431, 439, 440, 443, 444, 446, 449, 458, 459, 460, 461, 463, 465, 473, 478, 480, 481, 482, 485, 490, 492, 493, 494, 497, 502, 503, 504], "summary": {"covered_lines": 139, "num_statements": 140, "percent_covered": 98.31460674157303, "percent_covered_display": "98.31", "missing_lines": 1, "excluded_lines": 0, "num_branches": 38, "num_partial_branches": 2, "covered_branches": 36, "missing_branches": 2}, "missing_lines": [424], "excluded_lines": [], "executed_branches": [[30, 31], [41, -26], [41, 42], [79, 80], [79, 82], [83, 84], [83, 87], [103, 104], [103, 107], [107, 108], [107, 114], [154, 155], [154, 163], [184, 188], [184, 196], [217, 218], [217, 222], [243, 244], [243, 248], [419, 420], [419, 421], [421, 422], [439, 440], [439, 443], [443, 444], [443, 446], [458, 459], [458, 460], [460, 461], [460, 463], [480, 481], [480, 482], [492, 493], [492, 494], [502, 503], [502, 504]], "missing_branches": [[30, 41], [421, 424]]}}}, "app/api/v1/__init__.py": {"executed_lines": [], "summary": {"covered_lines": 0, "num_statements": 0, "percent_covered": 100.0, "percent_covered_display": "100.00", "missing_lines": 0, "excluded_lines": 0, "num_branches": 0, "num_partial_branches": 0, "covered_branches": 0, "missing_branches": 0}, "missing_lines": [], "excluded_lines": [], "executed_branches": [], "missing_branches": [], "functions": {"": {"executed_lines": [], "summary": {"covered_lines": 0, "num_statements": 0, "percent_covered": 100.0, "percent_covered_display": "100.00", "missing_lines": 0, "excluded_lines": 0, "num_branches": 0, "num_partial_branches": 0, "covered_branches": 0, "missing_branches": 0}, "missing_lines": [], "excluded_lines": [], "executed_branches": [], "missing_branches": []}}, "classes": {"": {"executed_lines": [], "summary": {"covered_lines": 0, "num_statements": 0, "percent_covered": 100.0, "percent_covered_display": "100.00", "missing_lines": 0, "excluded_lines": 0, "num_branches": 0, "num_partial_branches": 0, "covered_branches": 0, "missing_branches": 0}, "missing_lines": [], "excluded_lines": [], "executed_branches": [], "missing_branches": []}}}, "app/api/v1/attendance.py": {"executed_lines": [1, 7, 8, 9, 11, 12, 14, 15, 16, 18, 20, 26, 27, 129, 132, 305, 308, 311, 407, 408, 539, 540, 655, 656, 859, 860], "summary": {"covered_lines": 25, "num_statements": 252, "percent_covered": 8.169934640522875, "percent_covered_display": "8.17", "missing_lines": 227, "excluded_lines": 0, "num_branches": 54, "num_partial_branches": 0, "covered_branches": 0, "missing_branches": 54}, "missing_lines": [45, 46, 48, 49, 52, 53, 54, 60, 63, 64, 65, 66, 67, 68, 69, 72, 93, 94, 97, 98, 99, 116, 117, 118, 120, 122, 123, 124, 146, 148, 149, 151, 153, 154, 157, 158, 164, 165, 166, 171, 173, 175, 176, 179, 180, 181, 183, 184, 189, 199, 200, 203, 204, 205, 206, 208, 209, 210, 213, 222, 223, 226, 227, 228, 230, 231, 234, 243, 244, 247, 248, 249, 251, 252, 255, 259, 295, 296, 297, 298, 299, 315, 316, 318, 319, 321, 322, 323, 326, 331, 332, 335, 340, 341, 344, 349, 350, 353, 354, 355, 356, 359, 366, 367, 370, 371, 372, 374, 397, 398, 399, 422, 424, 425, 430, 431, 433, 434, 436, 437, 440, 441, 444, 445, 446, 449, 471, 472, 475, 476, 477, 497, 498, 504, 507, 508, 509, 511, 514, 516, 518, 519, 523, 532, 533, 534, 550, 551, 553, 554, 557, 558, 559, 560, 561, 566, 567, 570, 571, 572, 577, 580, 593, 594, 597, 598, 599, 600, 601, 602, 604, 605, 606, 607, 608, 611, 612, 613, 615, 616, 622, 646, 647, 648, 649, 650, 667, 668, 670, 672, 675, 676, 682, 683, 684, 685, 686, 691, 692, 695, 696, 697, 703, 709, 710, 713, 715, 731, 733, 767, 799, 800, 803, 804, 805, 807, 808, 809, 810, 812, 850, 851, 852, 853, 854, 864, 866], "excluded_lines": [], "executed_branches": [], "missing_branches": [[52, 53], [52, 60], [53, 54], [53, 60], [64, 65], [64, 67], [67, 68], [67, 72], [98, 99], [98, 116], [164, 165], [164, 171], [165, 166], [165, 171], [183, 184], [183, 189], [203, 204], [203, 208], [226, 227], [226, 230], [247, 248], [247, 251], [424, 425], [424, 430], [445, 446], [445, 449], [476, 477], [476, 497], [497, 498], [497, 504], [508, 509], [508, 516], [570, 571], [570, 577], [571, 572], [571, 577], [597, 598], [597, 604], [615, 616], [615, 622], [675, 676], [675, 682], [695, 696], [695, 703], [696, 697], [696, 703], [709, 710], [709, 713], [713, 715], [713, 731], [731, 733], [731, 767], [807, 808], [807, 812]], "functions": {"get_work_hours_records": {"executed_lines": [], "summary": {"covered_lines": 0, "num_statements": 28, "percent_covered": 0.0, "percent_covered_display": "0.00", "missing_lines": 28, "excluded_lines": 0, "num_branches": 10, "num_partial_branches": 0, "covered_branches": 0, "missing_branches": 10}, "missing_lines": [45, 46, 48, 49, 52, 53, 54, 60, 63, 64, 65, 66, 67, 68, 69, 72, 93, 94, 97, 98, 99, 116, 117, 118, 120, 122, 123, 124], "excluded_lines": [], "executed_branches": [], "missing_branches": [[52, 53], [52, 60], [53, 54], [53, 60], [64, 65], [64, 67], [67, 68], [67, 72], [98, 99], [98, 116]]}, "get_monthly_work_hours_summary": {"executed_lines": [], "summary": {"covered_lines": 0, "num_statements": 53, "percent_covered": 0.0, "percent_covered_display": "0.00", "missing_lines": 53, "excluded_lines": 0, "num_branches": 12, "num_partial_branches": 0, "covered_branches": 0, "missing_branches": 12}, "missing_lines": [146, 148, 149, 151, 153, 154, 157, 158, 164, 165, 166, 171, 173, 175, 176, 179, 180, 181, 183, 184, 189, 199, 200, 203, 204, 205, 206, 208, 209, 210, 213, 222, 223, 226, 227, 228, 230, 231, 234, 243, 244, 247, 248, 249, 251, 252, 255, 259, 295, 296, 297, 298, 299], "excluded_lines": [], "executed_branches": [], "missing_branches": [[164, 165], [164, 171], [165, 166], [165, 171], [183, 184], [183, 189], [203, 204], [203, 208], [226, 227], [226, 230], [247, 248], [247, 251]]}, "get_today_work_hours_summary": {"executed_lines": [], "summary": {"covered_lines": 0, "num_statements": 30, "percent_covered": 0.0, "percent_covered_display": "0.00", "missing_lines": 30, "excluded_lines": 0, "num_branches": 0, "num_partial_branches": 0, "covered_branches": 0, "missing_branches": 0}, "missing_lines": [315, 316, 318, 319, 321, 322, 323, 326, 331, 332, 335, 340, 341, 344, 349, 350, 353, 354, 355, 356, 359, 366, 367, 370, 371, 372, 374, 397, 398, 399], "excluded_lines": [], "executed_branches": [], "missing_branches": []}, "export_work_hours_data": {"executed_lines": [], "summary": {"covered_lines": 0, "num_statements": 35, "percent_covered": 0.0, "percent_covered_display": "0.00", "missing_lines": 35, "excluded_lines": 0, "num_branches": 10, "num_partial_branches": 0, "covered_branches": 0, "missing_branches": 10}, "missing_lines": [422, 424, 425, 430, 431, 433, 434, 436, 437, 440, 441, 444, 445, 446, 449, 471, 472, 475, 476, 477, 497, 498, 504, 507, 508, 509, 511, 514, 516, 518, 519, 523, 532, 533, 534], "excluded_lines": [], "executed_branches": [], "missing_branches": [[424, 425], [424, 430], [445, 446], [445, 449], [476, 477], [476, 497], [497, 498], [497, 504], [508, 509], [508, 516]]}, "get_work_hours_stats": {"executed_lines": [], "summary": {"covered_lines": 0, "num_statements": 40, "percent_covered": 0.0, "percent_covered_display": "0.00", "missing_lines": 40, "excluded_lines": 0, "num_branches": 8, "num_partial_branches": 0, "covered_branches": 0, "missing_branches": 8}, "missing_lines": [550, 551, 553, 554, 557, 558, 559, 560, 561, 566, 567, 570, 571, 572, 577, 580, 593, 594, 597, 598, 599, 600, 601, 602, 604, 605, 606, 607, 608, 611, 612, 613, 615, 616, 622, 646, 647, 648, 649, 650], "excluded_lines": [], "executed_branches": [], "missing_branches": [[570, 571], [570, 577], [571, 572], [571, 577], [597, 598], [597, 604], [615, 616], [615, 622]]}, "get_work_hours_chart_data": {"executed_lines": [], "summary": {"covered_lines": 0, "num_statements": 39, "percent_covered": 0.0, "percent_covered_display": "0.00", "missing_lines": 39, "excluded_lines": 0, "num_branches": 14, "num_partial_branches": 0, "covered_branches": 0, "missing_branches": 14}, "missing_lines": [667, 668, 670, 672, 675, 676, 682, 683, 684, 685, 686, 691, 692, 695, 696, 697, 703, 709, 710, 713, 715, 731, 733, 767, 799, 800, 803, 804, 805, 807, 808, 809, 810, 812, 850, 851, 852, 853, 854], "excluded_lines": [], "executed_branches": [], "missing_branches": [[675, 676], [675, 682], [695, 696], [695, 703], [696, 697], [696, 703], [709, 710], [709, 713], [713, 715], [713, 731], [731, 733], [731, 767], [807, 808], [807, 812]]}, "health_check": {"executed_lines": [], "summary": {"covered_lines": 0, "num_statements": 2, "percent_covered": 0.0, "percent_covered_display": "0.00", "missing_lines": 2, "excluded_lines": 0, "num_branches": 0, "num_partial_branches": 0, "covered_branches": 0, "missing_branches": 0}, "missing_lines": [864, 866], "excluded_lines": [], "executed_branches": [], "missing_branches": []}, "": {"executed_lines": [1, 7, 8, 9, 11, 12, 14, 15, 16, 18, 20, 26, 27, 129, 132, 305, 308, 311, 407, 408, 539, 540, 655, 656, 859, 860], "summary": {"covered_lines": 25, "num_statements": 25, "percent_covered": 100.0, "percent_covered_display": "100.00", "missing_lines": 0, "excluded_lines": 0, "num_branches": 0, "num_partial_branches": 0, "covered_branches": 0, "missing_branches": 0}, "missing_lines": [], "excluded_lines": [], "executed_branches": [], "missing_branches": []}}, "classes": {"": {"executed_lines": [1, 7, 8, 9, 11, 12, 14, 15, 16, 18, 20, 26, 27, 129, 132, 305, 308, 311, 407, 408, 539, 540, 655, 656, 859, 860], "summary": {"covered_lines": 25, "num_statements": 252, "percent_covered": 8.169934640522875, "percent_covered_display": "8.17", "missing_lines": 227, "excluded_lines": 0, "num_branches": 54, "num_partial_branches": 0, "covered_branches": 0, "missing_branches": 54}, "missing_lines": [45, 46, 48, 49, 52, 53, 54, 60, 63, 64, 65, 66, 67, 68, 69, 72, 93, 94, 97, 98, 99, 116, 117, 118, 120, 122, 123, 124, 146, 148, 149, 151, 153, 154, 157, 158, 164, 165, 166, 171, 173, 175, 176, 179, 180, 181, 183, 184, 189, 199, 200, 203, 204, 205, 206, 208, 209, 210, 213, 222, 223, 226, 227, 228, 230, 231, 234, 243, 244, 247, 248, 249, 251, 252, 255, 259, 295, 296, 297, 298, 299, 315, 316, 318, 319, 321, 322, 323, 326, 331, 332, 335, 340, 341, 344, 349, 350, 353, 354, 355, 356, 359, 366, 367, 370, 371, 372, 374, 397, 398, 399, 422, 424, 425, 430, 431, 433, 434, 436, 437, 440, 441, 444, 445, 446, 449, 471, 472, 475, 476, 477, 497, 498, 504, 507, 508, 509, 511, 514, 516, 518, 519, 523, 532, 533, 534, 550, 551, 553, 554, 557, 558, 559, 560, 561, 566, 567, 570, 571, 572, 577, 580, 593, 594, 597, 598, 599, 600, 601, 602, 604, 605, 606, 607, 608, 611, 612, 613, 615, 616, 622, 646, 647, 648, 649, 650, 667, 668, 670, 672, 675, 676, 682, 683, 684, 685, 686, 691, 692, 695, 696, 697, 703, 709, 710, 713, 715, 731, 733, 767, 799, 800, 803, 804, 805, 807, 808, 809, 810, 812, 850, 851, 852, 853, 854, 864, 866], "excluded_lines": [], "executed_branches": [], "missing_branches": [[52, 53], [52, 60], [53, 54], [53, 60], [64, 65], [64, 67], [67, 68], [67, 72], [98, 99], [98, 116], [164, 165], [164, 171], [165, 166], [165, 171], [183, 184], [183, 189], [203, 204], [203, 208], [226, 227], [226, 230], [247, 248], [247, 251], [424, 425], [424, 430], [445, 446], [445, 449], [476, 477], [476, 497], [497, 498], [497, 504], [508, 509], [508, 516], [570, 571], [570, 577], [571, 572], [571, 577], [597, 598], [597, 604], [615, 616], [615, 622], [675, 676], [675, 682], [695, 696], [695, 703], [696, 697], [696, 703], [709, 710], [709, 713], [713, 715], [713, 731], [731, 733], [731, 767], [807, 808], [807, 812]]}}}, "app/api/v1/auth.py": {"executed_lines": [1, 6, 7, 8, 10, 11, 12, 13, 15, 16, 17, 18, 19, 27, 28, 35, 36, 37, 40, 41, 42, 155, 156, 226, 227, 246, 247, 280, 281, 353, 354, 417, 418, 483, 484], "summary": {"covered_lines": 34, "num_statements": 166, "percent_covered": 16.19047619047619, "percent_covered_display": "16.19", "missing_lines": 132, "excluded_lines": 0, "num_branches": 44, "num_partial_branches": 0, "covered_branches": 0, "missing_branches": 44}, "missing_lines": [54, 56, 59, 62, 63, 66, 67, 70, 75, 76, 77, 83, 84, 85, 91, 92, 96, 101, 105, 110, 113, 130, 138, 140, 142, 146, 147, 148, 149, 164, 166, 169, 170, 175, 176, 177, 182, 185, 186, 189, 190, 192, 193, 199, 204, 206, 212, 216, 217, 218, 219, 220, 234, 235, 237, 239, 240, 241, 255, 257, 268, 272, 273, 274, 292, 294, 297, 298, 299, 300, 301, 305, 313, 314, 316, 317, 323, 324, 325, 327, 328, 330, 332, 334, 338, 339, 340, 341, 344, 345, 347, 364, 366, 369, 372, 378, 380, 381, 390, 391, 397, 398, 400, 402, 404, 405, 406, 407, 410, 411, 427, 429, 430, 431, 436, 437, 438, 443, 446, 447, 450, 451, 453, 454, 460, 462, 472, 473, 474, 475, 476, 486], "excluded_lines": [], "executed_branches": [], "missing_branches": [[62, 63], [62, 66], [66, 67], [66, 75], [75, 76], [75, 83], [83, 84], [83, 91], [169, 170], [169, 175], [176, 177], [176, 182], [189, 190], [189, 192], [192, 193], [192, 199], [298, 299], [298, 313], [299, 298], [299, 300], [300, 298], [300, 301], [313, 314], [313, 323], [316, 317], [316, 323], [323, 324], [323, 327], [324, 323], [324, 325], [366, 369], [366, 378], [380, 381], [380, 390], [390, 391], [390, 397], [430, 431], [430, 436], [437, 438], [437, 443], [450, 451], [450, 453], [453, 454], [453, 460]], "functions": {"login": {"executed_lines": [], "summary": {"covered_lines": 0, "num_statements": 29, "percent_covered": 0.0, "percent_covered_display": "0.00", "missing_lines": 29, "excluded_lines": 0, "num_branches": 8, "num_partial_branches": 0, "covered_branches": 0, "missing_branches": 8}, "missing_lines": [54, 56, 59, 62, 63, 66, 67, 70, 75, 76, 77, 83, 84, 85, 91, 92, 96, 101, 105, 110, 113, 130, 138, 140, 142, 146, 147, 148, 149], "excluded_lines": [], "executed_branches": [], "missing_branches": [[62, 63], [62, 66], [66, 67], [66, 75], [75, 76], [75, 83], [83, 84], [83, 91]]}, "refresh_token": {"executed_lines": [], "summary": {"covered_lines": 0, "num_statements": 23, "percent_covered": 0.0, "percent_covered_display": "0.00", "missing_lines": 23, "excluded_lines": 0, "num_branches": 8, "num_partial_branches": 0, "covered_branches": 0, "missing_branches": 8}, "missing_lines": [164, 166, 169, 170, 175, 176, 177, 182, 185, 186, 189, 190, 192, 193, 199, 204, 206, 212, 216, 217, 218, 219, 220], "excluded_lines": [], "executed_branches": [], "missing_branches": [[169, 170], [169, 175], [176, 177], [176, 182], [189, 190], [189, 192], [192, 193], [192, 199]]}, "logout": {"executed_lines": [], "summary": {"covered_lines": 0, "num_statements": 6, "percent_covered": 0.0, "percent_covered_display": "0.00", "missing_lines": 6, "excluded_lines": 0, "num_branches": 0, "num_partial_branches": 0, "covered_branches": 0, "missing_branches": 0}, "missing_lines": [234, 235, 237, 239, 240, 241], "excluded_lines": [], "executed_branches": [], "missing_branches": []}, "get_current_user_profile": {"executed_lines": [], "summary": {"covered_lines": 0, "num_statements": 6, "percent_covered": 0.0, "percent_covered_display": "0.00", "missing_lines": 6, "excluded_lines": 0, "num_branches": 0, "num_partial_branches": 0, "covered_branches": 0, "missing_branches": 0}, "missing_lines": [255, 257, 268, 272, 273, 274], "excluded_lines": [], "executed_branches": [], "missing_branches": []}, "update_user_profile": {"executed_lines": [], "summary": {"covered_lines": 0, "num_statements": 27, "percent_covered": 0.0, "percent_covered_display": "0.00", "missing_lines": 27, "excluded_lines": 0, "num_branches": 14, "num_partial_branches": 0, "covered_branches": 0, "missing_branches": 14}, "missing_lines": [292, 294, 297, 298, 299, 300, 301, 305, 313, 314, 316, 317, 323, 324, 325, 327, 328, 330, 332, 334, 338, 339, 340, 341, 344, 345, 347], "excluded_lines": [], "executed_branches": [], "missing_branches": [[298, 299], [298, 313], [299, 298], [299, 300], [300, 298], [300, 301], [313, 314], [313, 323], [316, 317], [316, 323], [323, 324], [323, 327], [324, 323], [324, 325]]}, "change_password": {"executed_lines": [], "summary": {"covered_lines": 0, "num_statements": 19, "percent_covered": 0.0, "percent_covered_display": "0.00", "missing_lines": 19, "excluded_lines": 0, "num_branches": 6, "num_partial_branches": 0, "covered_branches": 0, "missing_branches": 6}, "missing_lines": [364, 366, 369, 372, 378, 380, 381, 390, 391, 397, 398, 400, 402, 404, 405, 406, 407, 410, 411], "excluded_lines": [], "executed_branches": [], "missing_branches": [[366, 369], [366, 378], [380, 381], [380, 390], [390, 391], [390, 397]]}, "verify_user_token": {"executed_lines": [], "summary": {"covered_lines": 0, "num_statements": 21, "percent_covered": 0.0, "percent_covered_display": "0.00", "missing_lines": 21, "excluded_lines": 0, "num_branches": 8, "num_partial_branches": 0, "covered_branches": 0, "missing_branches": 8}, "missing_lines": [427, 429, 430, 431, 436, 437, 438, 443, 446, 447, 450, 451, 453, 454, 460, 462, 472, 473, 474, 475, 476], "excluded_lines": [], "executed_branches": [], "missing_branches": [[430, 431], [430, 436], [437, 438], [437, 443], [450, 451], [450, 453], [453, 454], [453, 460]]}, "auth_health_check": {"executed_lines": [], "summary": {"covered_lines": 0, "num_statements": 1, "percent_covered": 0.0, "percent_covered_display": "0.00", "missing_lines": 1, "excluded_lines": 0, "num_branches": 0, "num_partial_branches": 0, "covered_branches": 0, "missing_branches": 0}, "missing_lines": [486], "excluded_lines": [], "executed_branches": [], "missing_branches": []}, "": {"executed_lines": [1, 6, 7, 8, 10, 11, 12, 13, 15, 16, 17, 18, 19, 27, 28, 35, 36, 37, 40, 41, 42, 155, 156, 226, 227, 246, 247, 280, 281, 353, 354, 417, 418, 483, 484], "summary": {"covered_lines": 34, "num_statements": 34, "percent_covered": 100.0, "percent_covered_display": "100.00", "missing_lines": 0, "excluded_lines": 0, "num_branches": 0, "num_partial_branches": 0, "covered_branches": 0, "missing_branches": 0}, "missing_lines": [], "excluded_lines": [], "executed_branches": [], "missing_branches": []}}, "classes": {"": {"executed_lines": [1, 6, 7, 8, 10, 11, 12, 13, 15, 16, 17, 18, 19, 27, 28, 35, 36, 37, 40, 41, 42, 155, 156, 226, 227, 246, 247, 280, 281, 353, 354, 417, 418, 483, 484], "summary": {"covered_lines": 34, "num_statements": 166, "percent_covered": 16.19047619047619, "percent_covered_display": "16.19", "missing_lines": 132, "excluded_lines": 0, "num_branches": 44, "num_partial_branches": 0, "covered_branches": 0, "missing_branches": 44}, "missing_lines": [54, 56, 59, 62, 63, 66, 67, 70, 75, 76, 77, 83, 84, 85, 91, 92, 96, 101, 105, 110, 113, 130, 138, 140, 142, 146, 147, 148, 149, 164, 166, 169, 170, 175, 176, 177, 182, 185, 186, 189, 190, 192, 193, 199, 204, 206, 212, 216, 217, 218, 219, 220, 234, 235, 237, 239, 240, 241, 255, 257, 268, 272, 273, 274, 292, 294, 297, 298, 299, 300, 301, 305, 313, 314, 316, 317, 323, 324, 325, 327, 328, 330, 332, 334, 338, 339, 340, 341, 344, 345, 347, 364, 366, 369, 372, 378, 380, 381, 390, 391, 397, 398, 400, 402, 404, 405, 406, 407, 410, 411, 427, 429, 430, 431, 436, 437, 438, 443, 446, 447, 450, 451, 453, 454, 460, 462, 472, 473, 474, 475, 476, 486], "excluded_lines": [], "executed_branches": [], "missing_branches": [[62, 63], [62, 66], [66, 67], [66, 75], [75, 76], [75, 83], [83, 84], [83, 91], [169, 170], [169, 175], [176, 177], [176, 182], [189, 190], [189, 192], [192, 193], [192, 199], [298, 299], [298, 313], [299, 298], [299, 300], [300, 298], [300, 301], [313, 314], [313, 323], [316, 317], [316, 323], [323, 324], [323, 327], [324, 323], [324, 325], [366, 369], [366, 378], [380, 381], [380, 390], [390, 391], [390, 397], [430, 431], [430, 436], [437, 438], [437, 443], [450, 451], [450, 453], [453, 454], [453, 460]]}}}, "app/api/v1/dashboard.py": {"executed_lines": [1, 6, 7, 9, 10, 11, 12, 14, 15, 16, 17, 18, 32, 35, 36, 177, 178, 271, 274], "summary": {"covered_lines": 18, "num_statements": 110, "percent_covered": 13.636363636363637, "percent_covered_display": "13.64", "missing_lines": 92, "excluded_lines": 0, "num_branches": 22, "num_partial_branches": 0, "covered_branches": 0, "missing_branches": 22}, "missing_lines": [42, 44, 45, 48, 53, 55, 60, 63, 66, 74, 77, 78, 81, 86, 88, 96, 98, 106, 108, 116, 119, 120, 121, 123, 124, 125, 126, 127, 129, 131, 134, 135, 136, 137, 138, 141, 144, 146, 169, 173, 174, 186, 188, 196, 197, 200, 205, 207, 215, 217, 225, 227, 235, 238, 239, 240, 251, 253, 263, 267, 268, 282, 284, 293, 294, 296, 297, 300, 302, 303, 321, 322, 325, 326, 338, 339, 342, 343, 355, 356, 359, 360, 372, 375, 376, 379, 380, 381, 385, 392, 396, 397], "excluded_lines": [], "executed_branches": [], "missing_branches": [[120, 121], [120, 123], [124, 125], [124, 126], [126, 127], [126, 129], [135, 136], [135, 137], [137, 138], [137, 141], [239, 240], [239, 253], [300, 302], [300, 359], [302, 303], [302, 325], [325, 326], [325, 342], [342, 300], [342, 343], [359, 360], [359, 375]], "functions": {"get_dashboard_overview": {"executed_lines": [], "summary": {"covered_lines": 0, "num_statements": 32, "percent_covered": 0.0, "percent_covered_display": "0.00", "missing_lines": 32, "excluded_lines": 0, "num_branches": 4, "num_partial_branches": 0, "covered_branches": 0, "missing_branches": 4}, "missing_lines": [42, 44, 45, 48, 53, 55, 60, 63, 66, 74, 77, 78, 81, 86, 88, 96, 98, 106, 108, 116, 119, 134, 135, 136, 137, 138, 141, 144, 146, 169, 173, 174], "excluded_lines": [], "executed_branches": [], "missing_branches": [[135, 136], [135, 137], [137, 138], [137, 141]]}, "get_dashboard_overview.calculate_trend": {"executed_lines": [], "summary": {"covered_lines": 0, "num_statements": 9, "percent_covered": 0.0, "percent_covered_display": "0.00", "missing_lines": 9, "excluded_lines": 0, "num_branches": 6, "num_partial_branches": 0, "covered_branches": 0, "missing_branches": 6}, "missing_lines": [120, 121, 123, 124, 125, 126, 127, 129, 131], "excluded_lines": [], "executed_branches": [], "missing_branches": [[120, 121], [120, 123], [124, 125], [124, 126], [126, 127], [126, 129]]}, "get_my_tasks": {"executed_lines": [], "summary": {"covered_lines": 0, "num_statements": 20, "percent_covered": 0.0, "percent_covered_display": "0.00", "missing_lines": 20, "excluded_lines": 0, "num_branches": 2, "num_partial_branches": 0, "covered_branches": 0, "missing_branches": 2}, "missing_lines": [186, 188, 196, 197, 200, 205, 207, 215, 217, 225, 227, 235, 238, 239, 240, 251, 253, 263, 267, 268], "excluded_lines": [], "executed_branches": [], "missing_branches": [[239, 240], [239, 253]]}, "get_recent_activities": {"executed_lines": [], "summary": {"covered_lines": 0, "num_statements": 31, "percent_covered": 0.0, "percent_covered_display": "0.00", "missing_lines": 31, "excluded_lines": 0, "num_branches": 10, "num_partial_branches": 0, "covered_branches": 0, "missing_branches": 10}, "missing_lines": [282, 284, 293, 294, 296, 297, 300, 302, 303, 321, 322, 325, 326, 338, 339, 342, 343, 355, 356, 359, 360, 372, 375, 376, 379, 380, 381, 385, 392, 396, 397], "excluded_lines": [], "executed_branches": [], "missing_branches": [[300, 302], [300, 359], [302, 303], [302, 325], [325, 326], [325, 342], [342, 300], [342, 343], [359, 360], [359, 375]]}, "": {"executed_lines": [1, 6, 7, 9, 10, 11, 12, 14, 15, 16, 17, 18, 32, 35, 36, 177, 178, 271, 274], "summary": {"covered_lines": 18, "num_statements": 18, "percent_covered": 100.0, "percent_covered_display": "100.00", "missing_lines": 0, "excluded_lines": 0, "num_branches": 0, "num_partial_branches": 0, "covered_branches": 0, "missing_branches": 0}, "missing_lines": [], "excluded_lines": [], "executed_branches": [], "missing_branches": []}}, "classes": {"": {"executed_lines": [1, 6, 7, 9, 10, 11, 12, 14, 15, 16, 17, 18, 32, 35, 36, 177, 178, 271, 274], "summary": {"covered_lines": 18, "num_statements": 110, "percent_covered": 13.636363636363637, "percent_covered_display": "13.64", "missing_lines": 92, "excluded_lines": 0, "num_branches": 22, "num_partial_branches": 0, "covered_branches": 0, "missing_branches": 22}, "missing_lines": [42, 44, 45, 48, 53, 55, 60, 63, 66, 74, 77, 78, 81, 86, 88, 96, 98, 106, 108, 116, 119, 120, 121, 123, 124, 125, 126, 127, 129, 131, 134, 135, 136, 137, 138, 141, 144, 146, 169, 173, 174, 186, 188, 196, 197, 200, 205, 207, 215, 217, 225, 227, 235, 238, 239, 240, 251, 253, 263, 267, 268, 282, 284, 293, 294, 296, 297, 300, 302, 303, 321, 322, 325, 326, 338, 339, 342, 343, 355, 356, 359, 360, 372, 375, 376, 379, 380, 381, 385, 392, 396, 397], "excluded_lines": [], "executed_branches": [], "missing_branches": [[120, 121], [120, 123], [124, 125], [124, 126], [126, 127], [126, 129], [135, 136], [135, 137], [137, 138], [137, 141], [239, 240], [239, 253], [300, 302], [300, 359], [302, 303], [302, 325], [325, 326], [325, 342], [342, 300], [342, 343], [359, 360], [359, 375]]}}}, "app/api/v1/import_api.py": {"executed_lines": [1, 6, 7, 9, 10, 11, 13, 19, 20, 21, 23, 24, 27, 28, 217, 256, 262, 301, 333, 365, 366, 398, 427, 470, 471, 500, 501, 521, 522], "summary": {"covered_lines": 28, "num_statements": 115, "percent_covered": 22.4, "percent_covered_display": "22.40", "missing_lines": 87, "excluded_lines": 0, "num_branches": 10, "num_partial_branches": 0, "covered_branches": 0, "missing_branches": 10}, "missing_lines": [39, 41, 44, 48, 50, 51, 54, 55, 56, 67, 89, 124, 203, 208, 209, 210, 211, 212, 219, 253, 258, 259, 264, 298, 303, 330, 335, 362, 375, 376, 377, 379, 380, 385, 389, 390, 391, 392, 393, 405, 437, 440, 442, 445, 447, 449, 450, 452, 458, 459, 476, 477, 479, 491, 493, 494, 495, 506, 507, 510, 512, 514, 516, 517, 518, 528, 529, 531, 534, 535, 536, 541, 544, 546, 550, 551, 554, 555, 562, 569, 590, 595, 597, 598, 599, 600, 601], "excluded_lines": [], "executed_branches": [], "missing_branches": [[48, 50], [48, 54], [55, 56], [55, 67], [379, 380], [379, 385], [447, 449], [447, 452], [535, 536], [535, 541]], "functions": {"get_import_field_mapping": {"executed_lines": [], "summary": {"covered_lines": 0, "num_statements": 18, "percent_covered": 0.0, "percent_covered_display": "0.00", "missing_lines": 18, "excluded_lines": 0, "num_branches": 4, "num_partial_branches": 0, "covered_branches": 0, "missing_branches": 4}, "missing_lines": [39, 41, 44, 48, 50, 51, 54, 55, 56, 67, 89, 124, 203, 208, 209, 210, 211, 212], "excluded_lines": [], "executed_branches": [], "missing_branches": [[48, 50], [48, 54], [55, 56], [55, 67]]}, "_get_field_display_name": {"executed_lines": [], "summary": {"covered_lines": 0, "num_statements": 2, "percent_covered": 0.0, "percent_covered_display": "0.00", "missing_lines": 2, "excluded_lines": 0, "num_branches": 0, "num_partial_branches": 0, "covered_branches": 0, "missing_branches": 0}, "missing_lines": [219, 253], "excluded_lines": [], "executed_branches": [], "missing_branches": []}, "_is_field_required": {"executed_lines": [], "summary": {"covered_lines": 0, "num_statements": 2, "percent_covered": 0.0, "percent_covered_display": "0.00", "missing_lines": 2, "excluded_lines": 0, "num_branches": 0, "num_partial_branches": 0, "covered_branches": 0, "missing_branches": 0}, "missing_lines": [258, 259], "excluded_lines": [], "executed_branches": [], "missing_branches": []}, "_get_field_data_type": {"executed_lines": [], "summary": {"covered_lines": 0, "num_statements": 2, "percent_covered": 0.0, "percent_covered_display": "0.00", "missing_lines": 2, "excluded_lines": 0, "num_branches": 0, "num_partial_branches": 0, "covered_branches": 0, "missing_branches": 0}, "missing_lines": [264, 298], "excluded_lines": [], "executed_branches": [], "missing_branches": []}, "_get_field_description": {"executed_lines": [], "summary": {"covered_lines": 0, "num_statements": 2, "percent_covered": 0.0, "percent_covered_display": "0.00", "missing_lines": 2, "excluded_lines": 0, "num_branches": 0, "num_partial_branches": 0, "covered_branches": 0, "missing_branches": 0}, "missing_lines": [303, 330], "excluded_lines": [], "executed_branches": [], "missing_branches": []}, "_get_field_example_values": {"executed_lines": [], "summary": {"covered_lines": 0, "num_statements": 2, "percent_covered": 0.0, "percent_covered_display": "0.00", "missing_lines": 2, "excluded_lines": 0, "num_branches": 0, "num_partial_branches": 0, "covered_branches": 0, "missing_branches": 0}, "missing_lines": [335, 362], "excluded_lines": [], "executed_branches": [], "missing_branches": []}, "get_import_template": {"executed_lines": [], "summary": {"covered_lines": 0, "num_statements": 11, "percent_covered": 0.0, "percent_covered_display": "0.00", "missing_lines": 11, "excluded_lines": 0, "num_branches": 2, "num_partial_branches": 0, "covered_branches": 0, "missing_branches": 2}, "missing_lines": [375, 376, 377, 379, 380, 385, 389, 390, 391, 392, 393], "excluded_lines": [], "executed_branches": [], "missing_branches": [[379, 380], [379, 385]]}, "get_supported_field_mappings": {"executed_lines": [], "summary": {"covered_lines": 0, "num_statements": 1, "percent_covered": 0.0, "percent_covered_display": "0.00", "missing_lines": 1, "excluded_lines": 0, "num_branches": 0, "num_partial_branches": 0, "covered_branches": 0, "missing_branches": 0}, "missing_lines": [405], "excluded_lines": [], "executed_branches": [], "missing_branches": []}, "get_field_mapping": {"executed_lines": [], "summary": {"covered_lines": 0, "num_statements": 10, "percent_covered": 0.0, "percent_covered_display": "0.00", "missing_lines": 10, "excluded_lines": 0, "num_branches": 2, "num_partial_branches": 0, "covered_branches": 0, "missing_branches": 2}, "missing_lines": [437, 440, 442, 445, 447, 449, 450, 452, 458, 459], "excluded_lines": [], "executed_branches": [], "missing_branches": [[447, 449], [447, 452]]}, "get_matching_performance_stats": {"executed_lines": [], "summary": {"covered_lines": 0, "num_statements": 7, "percent_covered": 0.0, "percent_covered_display": "0.00", "missing_lines": 7, "excluded_lines": 0, "num_branches": 0, "num_partial_branches": 0, "covered_branches": 0, "missing_branches": 0}, "missing_lines": [476, 477, 479, 491, 493, 494, 495], "excluded_lines": [], "executed_branches": [], "missing_branches": []}, "clear_matching_cache": {"executed_lines": [], "summary": {"covered_lines": 0, "num_statements": 8, "percent_covered": 0.0, "percent_covered_display": "0.00", "missing_lines": 8, "excluded_lines": 0, "num_branches": 0, "num_partial_branches": 0, "covered_branches": 0, "missing_branches": 0}, "missing_lines": [506, 507, 510, 512, 514, 516, 517, 518], "excluded_lines": [], "executed_branches": [], "missing_branches": []}, "test_matching_optimization": {"executed_lines": [], "summary": {"covered_lines": 0, "num_statements": 22, "percent_covered": 0.0, "percent_covered_display": "0.00", "missing_lines": 22, "excluded_lines": 0, "num_branches": 2, "num_partial_branches": 0, "covered_branches": 0, "missing_branches": 2}, "missing_lines": [528, 529, 531, 534, 535, 536, 541, 544, 546, 550, 551, 554, 555, 562, 569, 590, 595, 597, 598, 599, 600, 601], "excluded_lines": [], "executed_branches": [], "missing_branches": [[535, 536], [535, 541]]}, "": {"executed_lines": [1, 6, 7, 9, 10, 11, 13, 19, 20, 21, 23, 24, 27, 28, 217, 256, 262, 301, 333, 365, 366, 398, 427, 470, 471, 500, 501, 521, 522], "summary": {"covered_lines": 28, "num_statements": 28, "percent_covered": 100.0, "percent_covered_display": "100.00", "missing_lines": 0, "excluded_lines": 0, "num_branches": 0, "num_partial_branches": 0, "covered_branches": 0, "missing_branches": 0}, "missing_lines": [], "excluded_lines": [], "executed_branches": [], "missing_branches": []}}, "classes": {"": {"executed_lines": [1, 6, 7, 9, 10, 11, 13, 19, 20, 21, 23, 24, 27, 28, 217, 256, 262, 301, 333, 365, 366, 398, 427, 470, 471, 500, 501, 521, 522], "summary": {"covered_lines": 28, "num_statements": 115, "percent_covered": 22.4, "percent_covered_display": "22.40", "missing_lines": 87, "excluded_lines": 0, "num_branches": 10, "num_partial_branches": 0, "covered_branches": 0, "missing_branches": 10}, "missing_lines": [39, 41, 44, 48, 50, 51, 54, 55, 56, 67, 89, 124, 203, 208, 209, 210, 211, 212, 219, 253, 258, 259, 264, 298, 303, 330, 335, 362, 375, 376, 377, 379, 380, 385, 389, 390, 391, 392, 393, 405, 437, 440, 442, 445, 447, 449, 450, 452, 458, 459, 476, 477, 479, 491, 493, 494, 495, 506, 507, 510, 512, 514, 516, 517, 518, 528, 529, 531, 534, 535, 536, 541, 544, 546, 550, 551, 554, 555, 562, 569, 590, 595, 597, 598, 599, 600, 601], "excluded_lines": [], "executed_branches": [], "missing_branches": [[48, 50], [48, 54], [55, 56], [55, 67], [379, 380], [379, 385], [447, 449], [447, 452], [535, 536], [535, 541]]}}}, "app/api/v1/members.py": {"executed_lines": [1, 6, 7, 8, 9, 11, 12, 13, 14, 16, 22, 23, 24, 31, 33, 36, 37, 122, 123, 158, 159, 224, 225, 295, 296, 343, 344, 478, 479, 532, 533, 586, 587, 595, 596], "summary": {"covered_lines": 34, "num_statements": 276, "percent_covered": 9.770114942528735, "percent_covered_display": "9.77", "missing_lines": 242, "excluded_lines": 0, "num_branches": 72, "num_partial_branches": 0, "covered_branches": 0, "missing_branches": 72}, "missing_lines": [52, 54, 57, 58, 59, 68, 69, 72, 73, 76, 77, 80, 81, 84, 85, 86, 89, 90, 92, 93, 96, 97, 98, 99, 100, 102, 104, 115, 116, 117, 131, 132, 133, 134, 136, 137, 142, 143, 147, 149, 150, 151, 152, 153, 168, 170, 171, 172, 173, 179, 180, 181, 182, 183, 189, 203, 204, 205, 207, 209, 214, 215, 216, 217, 218, 219, 235, 236, 237, 238, 240, 241, 246, 247, 249, 250, 255, 258, 259, 260, 263, 264, 267, 268, 269, 275, 276, 278, 279, 281, 283, 285, 286, 287, 288, 289, 290, 305, 306, 307, 308, 310, 311, 316, 317, 321, 322, 324, 325, 327, 329, 333, 334, 335, 336, 337, 338, 353, 355, 356, 357, 358, 359, 361, 363, 364, 366, 367, 368, 371, 372, 373, 374, 375, 377, 378, 379, 380, 381, 383, 384, 385, 386, 390, 392, 393, 396, 399, 402, 408, 411, 412, 430, 431, 432, 433, 434, 436, 437, 439, 440, 442, 443, 444, 445, 446, 449, 450, 451, 452, 453, 454, 455, 456, 461, 466, 489, 490, 491, 492, 494, 495, 500, 501, 506, 507, 508, 513, 514, 516, 518, 522, 523, 524, 525, 526, 527, 540, 542, 543, 544, 547, 548, 549, 552, 555, 556, 557, 558, 559, 562, 565, 566, 568, 579, 580, 581, 589, 606, 609, 610, 614, 616, 618, 619, 621, 622, 625, 626, 627, 630, 632, 633, 635, 638, 646, 648, 649, 650, 651, 652, 653], "excluded_lines": [], "executed_branches": [], "missing_branches": [[57, 58], [57, 68], [68, 69], [68, 72], [72, 73], [72, 76], [76, 77], [76, 80], [80, 81], [80, 84], [97, 98], [97, 102], [98, 97], [98, 99], [136, 137], [136, 142], [142, 143], [142, 147], [172, 173], [172, 179], [179, 180], [179, 189], [182, 183], [182, 189], [240, 241], [240, 246], [249, 250], [249, 255], [258, 259], [258, 263], [263, 264], [263, 275], [268, 269], [268, 275], [275, 276], [275, 278], [310, 311], [310, 316], [316, 317], [316, 321], [363, 364], [363, 449], [367, 368], [367, 371], [372, 373], [372, 374], [374, 375], [374, 377], [378, 379], [378, 383], [383, 384], [383, 402], [384, 385], [384, 392], [449, 450], [449, 461], [494, 495], [494, 500], [500, 501], [500, 506], [506, 507], [506, 513], [507, 508], [507, 513], [556, 557], [556, 562], [609, 610], [609, 616], [621, 622], [621, 625], [626, 627], [626, 630]], "functions": {"get_members": {"executed_lines": [], "summary": {"covered_lines": 0, "num_statements": 30, "percent_covered": 0.0, "percent_covered_display": "0.00", "missing_lines": 30, "excluded_lines": 0, "num_branches": 14, "num_partial_branches": 0, "covered_branches": 0, "missing_branches": 14}, "missing_lines": [52, 54, 57, 58, 59, 68, 69, 72, 73, 76, 77, 80, 81, 84, 85, 86, 89, 90, 92, 93, 96, 97, 98, 99, 100, 102, 104, 115, 116, 117], "excluded_lines": [], "executed_branches": [], "missing_branches": [[57, 58], [57, 68], [68, 69], [68, 72], [72, 73], [72, 76], [76, 77], [76, 80], [80, 81], [80, 84], [97, 98], [97, 102], [98, 97], [98, 99]]}, "get_member": {"executed_lines": [], "summary": {"covered_lines": 0, "num_statements": 14, "percent_covered": 0.0, "percent_covered_display": "0.00", "missing_lines": 14, "excluded_lines": 0, "num_branches": 4, "num_partial_branches": 0, "covered_branches": 0, "missing_branches": 4}, "missing_lines": [131, 132, 133, 134, 136, 137, 142, 143, 147, 149, 150, 151, 152, 153], "excluded_lines": [], "executed_branches": [], "missing_branches": [[136, 137], [136, 142], [142, 143], [142, 147]]}, "create_member": {"executed_lines": [], "summary": {"covered_lines": 0, "num_statements": 22, "percent_covered": 0.0, "percent_covered_display": "0.00", "missing_lines": 22, "excluded_lines": 0, "num_branches": 6, "num_partial_branches": 0, "covered_branches": 0, "missing_branches": 6}, "missing_lines": [168, 170, 171, 172, 173, 179, 180, 181, 182, 183, 189, 203, 204, 205, 207, 209, 214, 215, 216, 217, 218, 219], "excluded_lines": [], "executed_branches": [], "missing_branches": [[172, 173], [172, 179], [179, 180], [179, 189], [182, 183], [182, 189]]}, "update_member": {"executed_lines": [], "summary": {"covered_lines": 0, "num_statements": 31, "percent_covered": 0.0, "percent_covered_display": "0.00", "missing_lines": 31, "excluded_lines": 0, "num_branches": 12, "num_partial_branches": 0, "covered_branches": 0, "missing_branches": 12}, "missing_lines": [235, 236, 237, 238, 240, 241, 246, 247, 249, 250, 255, 258, 259, 260, 263, 264, 267, 268, 269, 275, 276, 278, 279, 281, 283, 285, 286, 287, 288, 289, 290], "excluded_lines": [], "executed_branches": [], "missing_branches": [[240, 241], [240, 246], [249, 250], [249, 255], [258, 259], [258, 263], [263, 264], [263, 275], [268, 269], [268, 275], [275, 276], [275, 278]]}, "delete_member": {"executed_lines": [], "summary": {"covered_lines": 0, "num_statements": 20, "percent_covered": 0.0, "percent_covered_display": "0.00", "missing_lines": 20, "excluded_lines": 0, "num_branches": 4, "num_partial_branches": 0, "covered_branches": 0, "missing_branches": 4}, "missing_lines": [305, 306, 307, 308, 310, 311, 316, 317, 321, 322, 324, 325, 327, 329, 333, 334, 335, 336, 337, 338], "excluded_lines": [], "executed_branches": [], "missing_branches": [[310, 311], [310, 316], [316, 317], [316, 321]]}, "import_members": {"executed_lines": [], "summary": {"covered_lines": 0, "num_statements": 59, "percent_covered": 0.0, "percent_covered_display": "0.00", "missing_lines": 59, "excluded_lines": 0, "num_branches": 16, "num_partial_branches": 0, "covered_branches": 0, "missing_branches": 16}, "missing_lines": [353, 355, 356, 357, 358, 359, 361, 363, 364, 366, 367, 368, 371, 372, 373, 374, 375, 377, 378, 379, 380, 381, 383, 384, 385, 386, 390, 392, 393, 396, 399, 402, 408, 411, 412, 430, 431, 432, 433, 434, 436, 437, 439, 440, 442, 443, 444, 445, 446, 449, 450, 451, 452, 453, 454, 455, 456, 461, 466], "excluded_lines": [], "executed_branches": [], "missing_branches": [[363, 364], [363, 449], [367, 368], [367, 371], [372, 373], [372, 374], [374, 375], [374, 377], [378, 379], [378, 383], [383, 384], [383, 402], [384, 385], [384, 392], [449, 450], [449, 461]]}, "change_password": {"executed_lines": [], "summary": {"covered_lines": 0, "num_statements": 21, "percent_covered": 0.0, "percent_covered_display": "0.00", "missing_lines": 21, "excluded_lines": 0, "num_branches": 8, "num_partial_branches": 0, "covered_branches": 0, "missing_branches": 8}, "missing_lines": [489, 490, 491, 492, 494, 495, 500, 501, 506, 507, 508, 513, 514, 516, 518, 522, 523, 524, 525, 526, 527], "excluded_lines": [], "executed_branches": [], "missing_branches": [[494, 495], [494, 500], [500, 501], [500, 506], [506, 507], [506, 513], [507, 508], [507, 513]]}, "get_member_stats": {"executed_lines": [], "summary": {"covered_lines": 0, "num_statements": 20, "percent_covered": 0.0, "percent_covered_display": "0.00", "missing_lines": 20, "excluded_lines": 0, "num_branches": 2, "num_partial_branches": 0, "covered_branches": 0, "missing_branches": 2}, "missing_lines": [540, 542, 543, 544, 547, 548, 549, 552, 555, 556, 557, 558, 559, 562, 565, 566, 568, 579, 580, 581], "excluded_lines": [], "executed_branches": [], "missing_branches": [[556, 557], [556, 562]]}, "members_health_check": {"executed_lines": [], "summary": {"covered_lines": 0, "num_statements": 1, "percent_covered": 0.0, "percent_covered_display": "0.00", "missing_lines": 1, "excluded_lines": 0, "num_branches": 0, "num_partial_branches": 0, "covered_branches": 0, "missing_branches": 0}, "missing_lines": [589], "excluded_lines": [], "executed_branches": [], "missing_branches": []}, "complete_profile": {"executed_lines": [], "summary": {"covered_lines": 0, "num_statements": 24, "percent_covered": 0.0, "percent_covered_display": "0.00", "missing_lines": 24, "excluded_lines": 0, "num_branches": 6, "num_partial_branches": 0, "covered_branches": 0, "missing_branches": 6}, "missing_lines": [606, 609, 610, 614, 616, 618, 619, 621, 622, 625, 626, 627, 630, 632, 633, 635, 638, 646, 648, 649, 650, 651, 652, 653], "excluded_lines": [], "executed_branches": [], "missing_branches": [[609, 610], [609, 616], [621, 622], [621, 625], [626, 627], [626, 630]]}, "": {"executed_lines": [1, 6, 7, 8, 9, 11, 12, 13, 14, 16, 22, 23, 24, 31, 33, 36, 37, 122, 123, 158, 159, 224, 225, 295, 296, 343, 344, 478, 479, 532, 533, 586, 587, 595, 596], "summary": {"covered_lines": 34, "num_statements": 34, "percent_covered": 100.0, "percent_covered_display": "100.00", "missing_lines": 0, "excluded_lines": 0, "num_branches": 0, "num_partial_branches": 0, "covered_branches": 0, "missing_branches": 0}, "missing_lines": [], "excluded_lines": [], "executed_branches": [], "missing_branches": []}}, "classes": {"": {"executed_lines": [1, 6, 7, 8, 9, 11, 12, 13, 14, 16, 22, 23, 24, 31, 33, 36, 37, 122, 123, 158, 159, 224, 225, 295, 296, 343, 344, 478, 479, 532, 533, 586, 587, 595, 596], "summary": {"covered_lines": 34, "num_statements": 276, "percent_covered": 9.770114942528735, "percent_covered_display": "9.77", "missing_lines": 242, "excluded_lines": 0, "num_branches": 72, "num_partial_branches": 0, "covered_branches": 0, "missing_branches": 72}, "missing_lines": [52, 54, 57, 58, 59, 68, 69, 72, 73, 76, 77, 80, 81, 84, 85, 86, 89, 90, 92, 93, 96, 97, 98, 99, 100, 102, 104, 115, 116, 117, 131, 132, 133, 134, 136, 137, 142, 143, 147, 149, 150, 151, 152, 153, 168, 170, 171, 172, 173, 179, 180, 181, 182, 183, 189, 203, 204, 205, 207, 209, 214, 215, 216, 217, 218, 219, 235, 236, 237, 238, 240, 241, 246, 247, 249, 250, 255, 258, 259, 260, 263, 264, 267, 268, 269, 275, 276, 278, 279, 281, 283, 285, 286, 287, 288, 289, 290, 305, 306, 307, 308, 310, 311, 316, 317, 321, 322, 324, 325, 327, 329, 333, 334, 335, 336, 337, 338, 353, 355, 356, 357, 358, 359, 361, 363, 364, 366, 367, 368, 371, 372, 373, 374, 375, 377, 378, 379, 380, 381, 383, 384, 385, 386, 390, 392, 393, 396, 399, 402, 408, 411, 412, 430, 431, 432, 433, 434, 436, 437, 439, 440, 442, 443, 444, 445, 446, 449, 450, 451, 452, 453, 454, 455, 456, 461, 466, 489, 490, 491, 492, 494, 495, 500, 501, 506, 507, 508, 513, 514, 516, 518, 522, 523, 524, 525, 526, 527, 540, 542, 543, 544, 547, 548, 549, 552, 555, 556, 557, 558, 559, 562, 565, 566, 568, 579, 580, 581, 589, 606, 609, 610, 614, 616, 618, 619, 621, 622, 625, 626, 627, 630, 632, 633, 635, 638, 646, 648, 649, 650, 651, 652, 653], "excluded_lines": [], "executed_branches": [], "missing_branches": [[57, 58], [57, 68], [68, 69], [68, 72], [72, 73], [72, 76], [76, 77], [76, 80], [80, 81], [80, 84], [97, 98], [97, 102], [98, 97], [98, 99], [136, 137], [136, 142], [142, 143], [142, 147], [172, 173], [172, 179], [179, 180], [179, 189], [182, 183], [182, 189], [240, 241], [240, 246], [249, 250], [249, 255], [258, 259], [258, 263], [263, 264], [263, 275], [268, 269], [268, 275], [275, 276], [275, 278], [310, 311], [310, 316], [316, 317], [316, 321], [363, 364], [363, 449], [367, 368], [367, 371], [372, 373], [372, 374], [374, 375], [374, 377], [378, 379], [378, 383], [383, 384], [383, 402], [384, 385], [384, 392], [449, 450], [449, 461], [494, 495], [494, 500], [500, 501], [500, 506], [506, 507], [506, 513], [507, 508], [507, 513], [556, 557], [556, 562], [609, 610], [609, 616], [621, 622], [621, 625], [626, 627], [626, 630]]}}}, "app/api/v1/members_import_debug.py": {"executed_lines": [], "summary": {"covered_lines": 0, "num_statements": 53, "percent_covered": 0.0, "percent_covered_display": "0.00", "missing_lines": 53, "excluded_lines": 0, "num_branches": 6, "num_partial_branches": 0, "covered_branches": 0, "missing_branches": 6}, "missing_lines": [5, 6, 8, 9, 11, 12, 13, 14, 16, 17, 20, 21, 40, 41, 43, 44, 46, 47, 48, 49, 51, 52, 54, 57, 58, 59, 62, 65, 66, 72, 74, 76, 81, 95, 96, 98, 99, 100, 104, 105, 106, 107, 110, 111, 112, 114, 115, 117, 126, 131, 132, 133, 134], "excluded_lines": [], "executed_branches": [], "missing_branches": [[51, 52], [51, 110], [65, 66], [65, 74], [110, 111], [110, 114]], "functions": {"import_members_debug": {"executed_lines": [], "summary": {"covered_lines": 0, "num_statements": 41, "percent_covered": 0.0, "percent_covered_display": "0.00", "missing_lines": 41, "excluded_lines": 0, "num_branches": 6, "num_partial_branches": 0, "covered_branches": 0, "missing_branches": 6}, "missing_lines": [40, 41, 43, 44, 46, 47, 48, 49, 51, 52, 54, 57, 58, 59, 62, 65, 66, 72, 74, 76, 81, 95, 96, 98, 99, 100, 104, 105, 106, 107, 110, 111, 112, 114, 115, 117, 126, 131, 132, 133, 134], "excluded_lines": [], "executed_branches": [], "missing_branches": [[51, 52], [51, 110], [65, 66], [65, 74], [110, 111], [110, 114]]}, "": {"executed_lines": [], "summary": {"covered_lines": 0, "num_statements": 12, "percent_covered": 0.0, "percent_covered_display": "0.00", "missing_lines": 12, "excluded_lines": 0, "num_branches": 0, "num_partial_branches": 0, "covered_branches": 0, "missing_branches": 0}, "missing_lines": [5, 6, 8, 9, 11, 12, 13, 14, 16, 17, 20, 21], "excluded_lines": [], "executed_branches": [], "missing_branches": []}}, "classes": {"": {"executed_lines": [], "summary": {"covered_lines": 0, "num_statements": 53, "percent_covered": 0.0, "percent_covered_display": "0.00", "missing_lines": 53, "excluded_lines": 0, "num_branches": 6, "num_partial_branches": 0, "covered_branches": 0, "missing_branches": 6}, "missing_lines": [5, 6, 8, 9, 11, 12, 13, 14, 16, 17, 20, 21, 40, 41, 43, 44, 46, 47, 48, 49, 51, 52, 54, 57, 58, 59, 62, 65, 66, 72, 74, 76, 81, 95, 96, 98, 99, 100, 104, 105, 106, 107, 110, 111, 112, 114, 115, 117, 126, 131, 132, 133, 134], "excluded_lines": [], "executed_branches": [], "missing_branches": [[51, 52], [51, 110], [65, 66], [65, 74], [110, 111], [110, 114]]}}}, "app/api/v1/roles.py": {"executed_lines": [1, 6, 7, 9, 10, 11, 12, 14, 21, 23, 24, 27, 28, 102, 103, 122, 123, 143, 144, 163, 164, 186, 187, 266, 267], "summary": {"covered_lines": 24, "num_statements": 87, "percent_covered": 25.806451612903224, "percent_covered_display": "25.81", "missing_lines": 63, "excluded_lines": 0, "num_branches": 6, "num_partial_branches": 0, "covered_branches": 0, "missing_branches": 6}, "missing_lines": [33, 35, 83, 84, 85, 86, 87, 88, 90, 95, 96, 97, 109, 110, 115, 116, 117, 118, 119, 130, 131, 136, 137, 138, 139, 140, 150, 151, 156, 157, 158, 159, 160, 171, 172, 177, 178, 179, 180, 181, 192, 193, 250, 259, 260, 261, 273, 275, 277, 278, 282, 285, 286, 287, 289, 290, 291, 307, 317, 318, 319, 320, 321], "excluded_lines": [], "executed_branches": [], "missing_branches": [[83, 84], [83, 90], [277, 278], [277, 282], [290, 291], [290, 307]], "functions": {"get_roles": {"executed_lines": [], "summary": {"covered_lines": 0, "num_statements": 12, "percent_covered": 0.0, "percent_covered_display": "0.00", "missing_lines": 12, "excluded_lines": 0, "num_branches": 2, "num_partial_branches": 0, "covered_branches": 0, "missing_branches": 2}, "missing_lines": [33, 35, 83, 84, 85, 86, 87, 88, 90, 95, 96, 97], "excluded_lines": [], "executed_branches": [], "missing_branches": [[83, 84], [83, 90]]}, "create_role": {"executed_lines": [], "summary": {"covered_lines": 0, "num_statements": 7, "percent_covered": 0.0, "percent_covered_display": "0.00", "missing_lines": 7, "excluded_lines": 0, "num_branches": 0, "num_partial_branches": 0, "covered_branches": 0, "missing_branches": 0}, "missing_lines": [109, 110, 115, 116, 117, 118, 119], "excluded_lines": [], "executed_branches": [], "missing_branches": []}, "update_role": {"executed_lines": [], "summary": {"covered_lines": 0, "num_statements": 7, "percent_covered": 0.0, "percent_covered_display": "0.00", "missing_lines": 7, "excluded_lines": 0, "num_branches": 0, "num_partial_branches": 0, "covered_branches": 0, "missing_branches": 0}, "missing_lines": [130, 131, 136, 137, 138, 139, 140], "excluded_lines": [], "executed_branches": [], "missing_branches": []}, "delete_role": {"executed_lines": [], "summary": {"covered_lines": 0, "num_statements": 7, "percent_covered": 0.0, "percent_covered_display": "0.00", "missing_lines": 7, "excluded_lines": 0, "num_branches": 0, "num_partial_branches": 0, "covered_branches": 0, "missing_branches": 0}, "missing_lines": [150, 151, 156, 157, 158, 159, 160], "excluded_lines": [], "executed_branches": [], "missing_branches": []}, "update_role_permissions": {"executed_lines": [], "summary": {"covered_lines": 0, "num_statements": 7, "percent_covered": 0.0, "percent_covered_display": "0.00", "missing_lines": 7, "excluded_lines": 0, "num_branches": 0, "num_partial_branches": 0, "covered_branches": 0, "missing_branches": 0}, "missing_lines": [171, 172, 177, 178, 179, 180, 181], "excluded_lines": [], "executed_branches": [], "missing_branches": []}, "get_available_permissions": {"executed_lines": [], "summary": {"covered_lines": 0, "num_statements": 6, "percent_covered": 0.0, "percent_covered_display": "0.00", "missing_lines": 6, "excluded_lines": 0, "num_branches": 0, "num_partial_branches": 0, "covered_branches": 0, "missing_branches": 0}, "missing_lines": [192, 193, 250, 259, 260, 261], "excluded_lines": [], "executed_branches": [], "missing_branches": []}, "get_role_users": {"executed_lines": [], "summary": {"covered_lines": 0, "num_statements": 17, "percent_covered": 0.0, "percent_covered_display": "0.00", "missing_lines": 17, "excluded_lines": 0, "num_branches": 4, "num_partial_branches": 0, "covered_branches": 0, "missing_branches": 4}, "missing_lines": [273, 275, 277, 278, 282, 285, 286, 287, 289, 290, 291, 307, 317, 318, 319, 320, 321], "excluded_lines": [], "executed_branches": [], "missing_branches": [[277, 278], [277, 282], [290, 291], [290, 307]]}, "": {"executed_lines": [1, 6, 7, 9, 10, 11, 12, 14, 21, 23, 24, 27, 28, 102, 103, 122, 123, 143, 144, 163, 164, 186, 187, 266, 267], "summary": {"covered_lines": 24, "num_statements": 24, "percent_covered": 100.0, "percent_covered_display": "100.00", "missing_lines": 0, "excluded_lines": 0, "num_branches": 0, "num_partial_branches": 0, "covered_branches": 0, "missing_branches": 0}, "missing_lines": [], "excluded_lines": [], "executed_branches": [], "missing_branches": []}}, "classes": {"": {"executed_lines": [1, 6, 7, 9, 10, 11, 12, 14, 21, 23, 24, 27, 28, 102, 103, 122, 123, 143, 144, 163, 164, 186, 187, 266, 267], "summary": {"covered_lines": 24, "num_statements": 87, "percent_covered": 25.806451612903224, "percent_covered_display": "25.81", "missing_lines": 63, "excluded_lines": 0, "num_branches": 6, "num_partial_branches": 0, "covered_branches": 0, "missing_branches": 6}, "missing_lines": [33, 35, 83, 84, 85, 86, 87, 88, 90, 95, 96, 97, 109, 110, 115, 116, 117, 118, 119, 130, 131, 136, 137, 138, 139, 140, 150, 151, 156, 157, 158, 159, 160, 171, 172, 177, 178, 179, 180, 181, 192, 193, 250, 259, 260, 261, 273, 275, 277, 278, 282, 285, 286, 287, 289, 290, 291, 307, 317, 318, 319, 320, 321], "excluded_lines": [], "executed_branches": [], "missing_branches": [[83, 84], [83, 90], [277, 278], [277, 282], [290, 291], [290, 307]]}}}, "app/api/v1/statistics.py": {"executed_lines": [1, 6, 7, 8, 9, 11, 12, 13, 14, 16, 23, 24, 25, 26, 28, 29, 32, 68, 69, 332, 333, 574, 575, 820, 821, 907, 908, 937, 938, 966, 967, 1040, 1041, 1206, 1207, 1496, 1497, 1539, 1540, 1739, 1740, 1819, 1820, 1913, 1914, 2002, 2003, 2139, 2140], "summary": {"covered_lines": 48, "num_statements": 580, "percent_covered": 6.185567010309279, "percent_covered_display": "6.19", "missing_lines": 532, "excluded_lines": 0, "num_branches": 196, "num_partial_branches": 0, "covered_branches": 0, "missing_branches": 196}, "missing_lines": [39, 40, 43, 44, 47, 48, 49, 50, 53, 56, 57, 60, 62, 80, 82, 83, 84, 85, 88, 93, 114, 115, 134, 144, 145, 161, 164, 167, 168, 172, 189, 190, 206, 207, 222, 223, 229, 240, 241, 255, 317, 319, 321, 322, 323, 348, 350, 351, 352, 353, 356, 368, 369, 371, 372, 374, 375, 381, 383, 385, 386, 387, 388, 389, 393, 394, 396, 397, 398, 401, 402, 405, 410, 411, 412, 413, 416, 418, 425, 428, 431, 434, 436, 457, 460, 462, 464, 465, 466, 467, 468, 469, 472, 474, 476, 477, 478, 480, 481, 482, 483, 484, 487, 492, 493, 494, 495, 498, 500, 506, 516, 519, 520, 521, 524, 525, 526, 527, 530, 532, 549, 559, 561, 563, 564, 565, 589, 591, 596, 602, 603, 604, 605, 608, 610, 618, 620, 621, 622, 624, 625, 630, 637, 638, 641, 646, 649, 651, 674, 694, 695, 701, 711, 712, 715, 716, 717, 718, 719, 723, 726, 727, 728, 729, 732, 737, 738, 739, 742, 743, 748, 771, 772, 775, 777, 792, 800, 804, 808, 809, 810, 811, 812, 837, 839, 840, 842, 844, 847, 848, 850, 852, 855, 856, 858, 860, 861, 862, 865, 866, 869, 870, 874, 888, 893, 897, 898, 899, 900, 901, 915, 917, 928, 929, 930, 931, 948, 950, 956, 957, 958, 959, 974, 975, 977, 980, 981, 984, 993, 994, 996, 1001, 1007, 1015, 1016, 1021, 1022, 1023, 1025, 1055, 1056, 1059, 1064, 1069, 1071, 1073, 1078, 1079, 1080, 1082, 1083, 1087, 1099, 1100, 1106, 1111, 1112, 1113, 1115, 1126, 1127, 1128, 1132, 1135, 1138, 1141, 1145, 1146, 1150, 1151, 1152, 1153, 1154, 1173, 1174, 1179, 1182, 1186, 1192, 1194, 1196, 1197, 1198, 1199, 1200, 1229, 1230, 1232, 1238, 1249, 1250, 1252, 1254, 1263, 1264, 1267, 1270, 1273, 1278, 1279, 1280, 1281, 1285, 1286, 1287, 1302, 1304, 1306, 1314, 1315, 1318, 1321, 1324, 1328, 1329, 1330, 1331, 1351, 1354, 1357, 1359, 1361, 1367, 1368, 1371, 1375, 1376, 1377, 1378, 1379, 1380, 1381, 1396, 1399, 1402, 1404, 1406, 1416, 1417, 1418, 1419, 1422, 1425, 1429, 1440, 1441, 1442, 1443, 1468, 1471, 1474, 1475, 1476, 1478, 1480, 1485, 1489, 1490, 1491, 1511, 1512, 1514, 1517, 1521, 1525, 1530, 1531, 1532, 1533, 1553, 1554, 1557, 1562, 1568, 1569, 1570, 1571, 1572, 1580, 1582, 1584, 1589, 1590, 1591, 1593, 1594, 1599, 1611, 1615, 1616, 1619, 1620, 1621, 1628, 1629, 1631, 1632, 1635, 1636, 1637, 1638, 1639, 1640, 1643, 1644, 1645, 1647, 1649, 1652, 1653, 1677, 1690, 1691, 1694, 1697, 1700, 1703, 1707, 1725, 1727, 1729, 1730, 1731, 1732, 1733, 1747, 1749, 1750, 1751, 1752, 1754, 1755, 1758, 1776, 1777, 1779, 1780, 1781, 1782, 1788, 1800, 1802, 1811, 1812, 1813, 1828, 1830, 1831, 1832, 1833, 1835, 1836, 1839, 1847, 1848, 1851, 1852, 1877, 1878, 1879, 1880, 1881, 1884, 1895, 1905, 1906, 1907, 1921, 1923, 1924, 1925, 1926, 1928, 1929, 1932, 1946, 1947, 1950, 1951, 1952, 1953, 1956, 1970, 1971, 1973, 1974, 1975, 1977, 1978, 1982, 1994, 1995, 1996, 2010, 2012, 2013, 2014, 2015, 2017, 2018, 2021, 2033, 2034, 2037, 2038, 2039, 2041, 2042, 2043, 2044, 2045, 2046, 2048, 2052, 2053, 2056, 2059, 2076, 2077, 2079, 2080, 2082, 2083, 2084, 2086, 2087, 2106, 2108, 2130, 2131, 2132, 2142], "excluded_lines": [], "executed_branches": [], "missing_branches": [[39, 40], [39, 43], [48, 49], [48, 53], [56, 57], [56, 62], [82, 83], [82, 84], [84, 85], [84, 88], [167, 168], [167, 172], [350, 351], [350, 352], [352, 353], [352, 356], [368, 369], [368, 371], [374, 375], [374, 381], [383, 385], [383, 462], [386, 387], [386, 396], [388, 389], [388, 393], [393, 386], [393, 394], [397, 398], [397, 457], [411, 412], [411, 418], [412, 411], [412, 413], [462, 464], [462, 519], [465, 466], [465, 480], [466, 467], [466, 468], [468, 469], [468, 474], [476, 477], [476, 478], [481, 482], [481, 516], [493, 494], [493, 500], [494, 493], [494, 495], [525, 526], [525, 532], [526, 525], [526, 527], [591, 596], [591, 602], [618, 620], [618, 694], [624, 625], [624, 630], [694, 695], [694, 701], [716, 717], [716, 726], [718, 719], [718, 723], [727, 728], [727, 771], [842, 844], [842, 850], [850, 852], [850, 858], [858, 860], [858, 869], [860, 861], [860, 862], [1015, 1016], [1015, 1021], [1059, 1064], [1059, 1069], [1071, 1073], [1071, 1099], [1082, 1083], [1082, 1087], [1099, 1100], [1099, 1106], [1126, 1127], [1126, 1179], [1145, 1146], [1145, 1150], [1150, 1151], [1150, 1152], [1153, 1126], [1153, 1154], [1179, 1182], [1179, 1186], [1252, 1254], [1252, 1304], [1263, 1264], [1263, 1302], [1285, 1286], [1285, 1287], [1304, 1306], [1304, 1359], [1314, 1315], [1314, 1351], [1328, 1314], [1328, 1329], [1329, 1330], [1329, 1331], [1351, 1354], [1351, 1357], [1359, 1361], [1359, 1404], [1367, 1368], [1367, 1396], [1378, 1367], [1378, 1379], [1379, 1380], [1379, 1381], [1396, 1399], [1396, 1402], [1404, 1406], [1404, 1480], [1416, 1417], [1416, 1478], [1440, 1441], [1440, 1468], [1441, 1442], [1441, 1443], [1468, 1471], [1468, 1478], [1474, 1475], [1474, 1478], [1475, 1474], [1475, 1476], [1557, 1562], [1557, 1568], [1570, 1571], [1570, 1580], [1582, 1584], [1582, 1611], [1593, 1594], [1593, 1599], [1620, 1621], [1620, 1628], [1628, 1629], [1628, 1631], [1636, 1637], [1636, 1643], [1638, 1639], [1638, 1640], [1643, 1644], [1643, 1725], [1647, 1649], [1647, 1690], [1652, 1653], [1652, 1677], [1749, 1750], [1749, 1751], [1751, 1752], [1751, 1754], [1780, 1781], [1780, 1800], [1830, 1831], [1830, 1832], [1832, 1833], [1832, 1835], [1877, 1878], [1877, 1884], [1879, 1877], [1879, 1880], [1880, 1879], [1880, 1881], [1923, 1924], [1923, 1925], [1925, 1926], [1925, 1928], [1951, 1952], [1951, 1956], [1977, 1978], [1977, 1982], [2012, 2013], [2012, 2014], [2014, 2015], [2014, 2017], [2041, 2042], [2041, 2056], [2043, 2044], [2043, 2048], [2044, 2043], [2044, 2045], [2080, 2082], [2080, 2106], [2086, 2080], [2086, 2087]], "functions": {"_calculate_efficiency_score": {"executed_lines": [], "summary": {"covered_lines": 0, "num_statements": 13, "percent_covered": 0.0, "percent_covered_display": "0.00", "missing_lines": 13, "excluded_lines": 0, "num_branches": 6, "num_partial_branches": 0, "covered_branches": 0, "missing_branches": 6}, "missing_lines": [39, 40, 43, 44, 47, 48, 49, 50, 53, 56, 57, 60, 62], "excluded_lines": [], "executed_branches": [], "missing_branches": [[39, 40], [39, 43], [48, 49], [48, 53], [56, 57], [56, 62]]}, "get_statistics_overview": {"executed_lines": [], "summary": {"covered_lines": 0, "num_statements": 32, "percent_covered": 0.0, "percent_covered_display": "0.00", "missing_lines": 32, "excluded_lines": 0, "num_branches": 6, "num_partial_branches": 0, "covered_branches": 0, "missing_branches": 6}, "missing_lines": [80, 82, 83, 84, 85, 88, 93, 114, 115, 134, 144, 145, 161, 164, 167, 168, 172, 189, 190, 206, 207, 222, 223, 229, 240, 241, 255, 317, 319, 321, 322, 323], "excluded_lines": [], "executed_branches": [], "missing_branches": [[82, 83], [82, 84], [84, 85], [84, 88], [167, 168], [167, 172]]}, "get_efficiency_analysis": {"executed_lines": [], "summary": {"covered_lines": 0, "num_statements": 81, "percent_covered": 0.0, "percent_covered_display": "0.00", "missing_lines": 81, "excluded_lines": 0, "num_branches": 42, "num_partial_branches": 0, "covered_branches": 0, "missing_branches": 42}, "missing_lines": [348, 350, 351, 352, 353, 356, 368, 369, 371, 372, 374, 375, 381, 383, 385, 386, 387, 388, 389, 393, 394, 396, 397, 398, 401, 402, 405, 410, 411, 412, 413, 416, 418, 425, 428, 431, 434, 436, 457, 460, 462, 464, 465, 466, 467, 468, 469, 472, 474, 476, 477, 478, 480, 481, 482, 483, 484, 487, 492, 493, 494, 495, 498, 500, 506, 516, 519, 520, 521, 524, 525, 526, 527, 530, 532, 549, 559, 561, 563, 564, 565], "excluded_lines": [], "executed_branches": [], "missing_branches": [[350, 351], [350, 352], [352, 353], [352, 356], [368, 369], [368, 371], [374, 375], [374, 381], [383, 385], [383, 462], [386, 387], [386, 396], [388, 389], [388, 393], [393, 386], [393, 394], [397, 398], [397, 457], [411, 412], [411, 418], [412, 411], [412, 413], [462, 464], [462, 519], [465, 466], [465, 480], [466, 467], [466, 468], [468, 469], [468, 474], [476, 477], [476, 478], [481, 482], [481, 516], [493, 494], [493, 500], [494, 493], [494, 495], [525, 526], [525, 532], [526, 525], [526, 527]]}, "get_monthly_report": {"executed_lines": [], "summary": {"covered_lines": 0, "num_statements": 57, "percent_covered": 0.0, "percent_covered_display": "0.00", "missing_lines": 57, "excluded_lines": 0, "num_branches": 14, "num_partial_branches": 0, "covered_branches": 0, "missing_branches": 14}, "missing_lines": [589, 591, 596, 602, 603, 604, 605, 608, 610, 618, 620, 621, 622, 624, 625, 630, 637, 638, 641, 646, 649, 651, 674, 694, 695, 701, 711, 712, 715, 716, 717, 718, 719, 723, 726, 727, 728, 729, 732, 737, 738, 739, 742, 743, 748, 771, 772, 775, 777, 792, 800, 804, 808, 809, 810, 811, 812], "excluded_lines": [], "executed_branches": [], "missing_branches": [[591, 596], [591, 602], [618, 620], [618, 694], [624, 625], [624, 630], [694, 695], [694, 701], [716, 717], [716, 726], [718, 719], [718, 723], [727, 728], [727, 771]]}, "export_statistics_data": {"executed_lines": [], "summary": {"covered_lines": 0, "num_statements": 27, "percent_covered": 0.0, "percent_covered_display": "0.00", "missing_lines": 27, "excluded_lines": 0, "num_branches": 8, "num_partial_branches": 0, "covered_branches": 0, "missing_branches": 8}, "missing_lines": [837, 839, 840, 842, 844, 847, 848, 850, 852, 855, 856, 858, 860, 861, 862, 865, 866, 869, 870, 874, 888, 893, 897, 898, 899, 900, 901], "excluded_lines": [], "executed_branches": [], "missing_branches": [[842, 844], [842, 850], [850, 852], [850, 858], [858, 860], [858, 869], [860, 861], [860, 862]]}, "get_chart_data": {"executed_lines": [], "summary": {"covered_lines": 0, "num_statements": 6, "percent_covered": 0.0, "percent_covered_display": "0.00", "missing_lines": 6, "excluded_lines": 0, "num_branches": 0, "num_partial_branches": 0, "covered_branches": 0, "missing_branches": 0}, "missing_lines": [915, 917, 928, 929, 930, 931], "excluded_lines": [], "executed_branches": [], "missing_branches": []}, "get_rankings": {"executed_lines": [], "summary": {"covered_lines": 0, "num_statements": 6, "percent_covered": 0.0, "percent_covered_display": "0.00", "missing_lines": 6, "excluded_lines": 0, "num_branches": 0, "num_partial_branches": 0, "covered_branches": 0, "missing_branches": 0}, "missing_lines": [948, 950, 956, 957, 958, 959], "excluded_lines": [], "executed_branches": [], "missing_branches": []}, "get_attendance_statistics": {"executed_lines": [], "summary": {"covered_lines": 0, "num_statements": 17, "percent_covered": 0.0, "percent_covered_display": "0.00", "missing_lines": 17, "excluded_lines": 0, "num_branches": 2, "num_partial_branches": 0, "covered_branches": 0, "missing_branches": 2}, "missing_lines": [974, 975, 977, 980, 981, 984, 993, 994, 996, 1001, 1007, 1015, 1016, 1021, 1022, 1023, 1025], "excluded_lines": [], "executed_branches": [], "missing_branches": [[1015, 1016], [1015, 1021]]}, "get_work_hours_overview": {"executed_lines": [], "summary": {"covered_lines": 0, "num_statements": 46, "percent_covered": 0.0, "percent_covered_display": "0.00", "missing_lines": 46, "excluded_lines": 0, "num_branches": 18, "num_partial_branches": 0, "covered_branches": 0, "missing_branches": 18}, "missing_lines": [1055, 1056, 1059, 1064, 1069, 1071, 1073, 1078, 1079, 1080, 1082, 1083, 1087, 1099, 1100, 1106, 1111, 1112, 1113, 1
[...]
 {"executed_lines": [], "summary": {"covered_lines": 0, "num_statements": 53, "percent_covered": 0.0, "percent_covered_display": "0.00", "missing_lines": 53, "excluded_lines": 0, "num_branches": 24, "num_partial_branches": 0, "covered_branches": 0, "missing_branches": 24}, "missing_lines": [1394, 1395, 1396, 1398, 1399, 1400, 1402, 1403, 1404, 1406, 1407, 1408, 1409, 1411, 1412, 1413, 1414, 1416, 1418, 1429, 1430, 1432, 1433, 1435, 1437, 1438, 1440, 1441, 1443, 1444, 1449, 1451, 1452, 1456, 1459, 1462, 1468, 1469, 1471, 1472, 1473, 1474, 1477, 1478, 1479, 1484, 1488, 1495, 1497, 1498, 1499, 1500, 1501], "excluded_lines": [], "executed_branches": [], "missing_branches": [[1394, 1395], [1394, 1398], [1398, 1399], [1398, 1402], [1402, 1403], [1402, 1406], [1406, 1407], [1406, 1416], [1407, 1408], [1407, 1411], [1411, 1412], [1411, 1416], [1412, 1411], [1412, 1413], [1429, 1430], [1429, 1432], [1437, 1438], [1437, 1456], [1443, 1444], [1443, 1449], [1471, 1472], [1471, 1484], [1472, 1471], [1472, 1473]]}, "RushTaskMarkingService.batch_mark_rush_tasks": {"executed_lines": [], "summary": {"covered_lines": 0, "num_statements": 1, "percent_covered": 0.0, "percent_covered_display": "0.00", "missing_lines": 1, "excluded_lines": 0, "num_branches": 0, "num_partial_branches": 0, "covered_branches": 0, "missing_branches": 0}, "missing_lines": [1522], "excluded_lines": [], "executed_branches": [], "missing_branches": []}, "RushTaskMarkingService.get_rush_tasks_list": {"executed_lines": [], "summary": {"covered_lines": 0, "num_statements": 26, "percent_covered": 0.0, "percent_covered_display": "0.00", "missing_lines": 26, "excluded_lines": 0, "num_branches": 8, "num_partial_branches": 0, "covered_branches": 0, "missing_branches": 8}, "missing_lines": [1547, 1548, 1549, 1552, 1558, 1559, 1560, 1561, 1562, 1563, 1566, 1567, 1568, 1571, 1572, 1578, 1579, 1582, 1583, 1584, 1601, 1604, 1606, 1621, 1622, 1623], "excluded_lines": [], "executed_branches": [], "missing_branches": [[1558, 1559], [1558, 1560], [1560, 1561], [1560, 1562], [1562, 1563], [1562, 1566], [1583, 1584], [1583, 1604]]}, "RushTaskMarkingService.get_statistics": {"executed_lines": [], "summary": {"covered_lines": 0, "num_statements": 38, "percent_covered": 0.0, "percent_covered_display": "0.00", "missing_lines": 38, "excluded_lines": 0, "num_branches": 18, "num_partial_branches": 0, "covered_branches": 0, "missing_branches": 18}, "missing_lines": [1638, 1639, 1642, 1648, 1649, 1650, 1651, 1653, 1654, 1657, 1658, 1659, 1662, 1664, 1665, 1666, 1671, 1681, 1682, 1683, 1684, 1685, 1686, 1687, 1688, 1691, 1699, 1704, 1705, 1706, 1707, 1708, 1709, 1710, 1712, 1732, 1733, 1734], "excluded_lines": [], "executed_branches": [], "missing_branches": [[1648, 1649], [1648, 1650], [1650, 1651], [1650, 1653], [1665, 1666], [1665, 1671], [1682, 1683], [1682, 1691], [1683, 1682], [1683, 1684], [1685, 1686], [1685, 1687], [1705, 1706], [1705, 1712], [1706, 1705], [1706, 1707], [1708, 1709], [1708, 1710]]}, "RushTaskMarkingService.remove_rush_marking": {"executed_lines": [], "summary": {"covered_lines": 0, "num_statements": 24, "percent_covered": 0.0, "percent_covered_display": "0.00", "missing_lines": 24, "excluded_lines": 0, "num_branches": 6, "num_partial_branches": 0, "covered_branches": 0, "missing_branches": 6}, "missing_lines": [1749, 1750, 1753, 1759, 1760, 1763, 1765, 1771, 1772, 1774, 1776, 1777, 1779, 1782, 1783, 1786, 1788, 1790, 1792, 1796, 1803, 1804, 1805, 1806], "excluded_lines": [], "executed_branches": [], "missing_branches": [[1776, 1777], [1776, 1790], [1777, 1776], [1777, 1779], [1782, 1783], [1782, 1786]]}, "RushTaskMarkingService.process_monthly_carryover": {"executed_lines": [], "summary": {"covered_lines": 0, "num_statements": 26, "percent_covered": 0.0, "percent_covered_display": "0.00", "missing_lines": 26, "excluded_lines": 0, "num_branches": 6, "num_partial_branches": 0, "covered_branches": 0, "missing_branches": 6}, "missing_lines": [1829, 1831, 1838, 1839, 1841, 1842, 1847, 1848, 1849, 1851, 1852, 1855, 1862, 1863, 1865, 1866, 1868, 1869, 1872, 1874, 1876, 1882, 1894, 1895, 1896, 1897], "excluded_lines": [], "executed_branches": [], "missing_branches": [[1841, 1842], [1841, 1847], [1847, 1848], [1847, 1851], [1866, 1868], [1866, 1872]]}, "RushTaskMarkingService.batch_process_carryover": {"executed_lines": [], "summary": {"covered_lines": 0, "num_statements": 25, "percent_covered": 0.0, "percent_covered_display": "0.00", "missing_lines": 25, "excluded_lines": 0, "num_branches": 4, "num_partial_branches": 0, "covered_branches": 0, "missing_branches": 4}, "missing_lines": [1918, 1920, 1921, 1933, 1944, 1945, 1947, 1948, 1949, 1951, 1952, 1953, 1956, 1957, 1958, 1959, 1964, 1965, 1966, 1970, 1975, 1985, 1986, 1987, 1988], "excluded_lines": [], "executed_branches": [], "missing_branches": [[1920, 1921], [1920, 1933], [1951, 1952], [1951, 1970]]}, "RushTaskMarkingService.get_carryover_summary": {"executed_lines": [], "summary": {"covered_lines": 0, "num_statements": 10, "percent_covered": 0.0, "percent_covered_display": "0.00", "missing_lines": 10, "excluded_lines": 0, "num_branches": 2, "num_partial_branches": 0, "covered_branches": 0, "missing_branches": 2}, "missing_lines": [2007, 2009, 2016, 2017, 2019, 2020, 2027, 2037, 2038, 2039], "excluded_lines": [], "executed_branches": [], "missing_branches": [[2019, 2020], [2019, 2027]]}, "RushTaskMarkingService.calculate_projected_carryover": {"executed_lines": [], "summary": {"covered_lines": 0, "num_statements": 17, "percent_covered": 0.0, "percent_covered_display": "0.00", "missing_lines": 17, "excluded_lines": 0, "num_branches": 6, "num_partial_branches": 0, "covered_branches": 0, "missing_branches": 6}, "missing_lines": [2062, 2063, 2065, 2067, 2068, 2070, 2071, 2072, 2075, 2079, 2080, 2087, 2101, 2103, 2112, 2113, 2114], "excluded_lines": [], "executed_branches": [], "missing_branches": [[2065, 2067], [2065, 2103], [2070, 2071], [2070, 2075], [2079, 2080], [2079, 2087]]}, "RushTaskMarkingService.apply_group_penalty_for_task": {"executed_lines": [], "summary": {"covered_lines": 0, "num_statements": 15, "percent_covered": 0.0, "percent_covered_display": "0.00", "missing_lines": 15, "excluded_lines": 0, "num_branches": 2, "num_partial_branches": 0, "covered_branches": 0, "missing_branches": 2}, "missing_lines": [2135, 2137, 2142, 2143, 2145, 2146, 2149, 2152, 2154, 2156, 2162, 2172, 2173, 2174, 2175], "excluded_lines": [], "executed_branches": [], "missing_branches": [[2145, 2146], [2145, 2149]]}, "RushTaskMarkingService.get_group_members_by_task": {"executed_lines": [], "summary": {"covered_lines": 0, "num_statements": 19, "percent_covered": 0.0, "percent_covered_display": "0.00", "missing_lines": 19, "excluded_lines": 0, "num_branches": 6, "num_partial_branches": 0, "covered_branches": 0, "missing_branches": 6}, "missing_lines": [2187, 2189, 2194, 2195, 2197, 2198, 2201, 2203, 2211, 2218, 2219, 2222, 2223, 2224, 2233, 2235, 2249, 2250, 2251], "excluded_lines": [], "executed_branches": [], "missing_branches": [[2197, 2198], [2197, 2201], [2201, 2203], [2201, 2211], [2223, 2224], [2223, 2235]]}, "RushTaskMarkingService.batch_apply_group_penalties": {"executed_lines": [], "summary": {"covered_lines": 0, "num_statements": 22, "percent_covered": 0.0, "percent_covered_display": "0.00", "missing_lines": 22, "excluded_lines": 0, "num_branches": 2, "num_partial_branches": 0, "covered_branches": 0, "missing_branches": 2}, "missing_lines": [2270, 2271, 2272, 2273, 2274, 2276, 2277, 2278, 2281, 2282, 2283, 2284, 2285, 2290, 2291, 2292, 2296, 2302, 2314, 2315, 2316, 2317], "excluded_lines": [], "executed_branches": [], "missing_branches": [[2276, 2277], [2276, 2296]]}, "RushTaskMarkingService._get_penalty_minutes": {"executed_lines": [], "summary": {"covered_lines": 0, "num_statements": 3, "percent_covered": 0.0, "percent_covered_display": "0.00", "missing_lines": 3, "excluded_lines": 0, "num_branches": 0, "num_partial_branches": 0, "covered_branches": 0, "missing_branches": 0}, "missing_lines": [2329, 2331, 2337], "excluded_lines": [], "executed_branches": [], "missing_branches": []}, "RushTaskMarkingService._get_or_create_penalty_tag": {"executed_lines": [], "summary": {"covered_lines": 0, "num_statements": 14, "percent_covered": 0.0, "percent_covered_display": "0.00", "missing_lines": 14, "excluded_lines": 0, "num_branches": 4, "num_partial_branches": 0, "covered_branches": 0, "missing_branches": 4}, "missing_lines": [2349, 2355, 2356, 2358, 2359, 2362, 2363, 2364, 2366, 2368, 2374, 2375, 2376, 2378], "excluded_lines": [], "executed_branches": [], "missing_branches": [[2355, 2356], [2355, 2358], [2366, 2368], [2366, 2378]]}, "": {"executed_lines": [1, 9, 10, 11, 12, 14, 15, 16, 18, 19, 20, 30, 33, 45, 46, 48, 68, 271, 459, 547, 620, 703, 747, 761, 771, 775, 821, 830, 913, 1031, 1116, 1158, 1164, 1169, 1174, 1179, 1184, 1188, 1192, 1225, 1226, 1228, 1233, 1357, 1374, 1503, 1526, 1625, 1736, 1810, 1899, 1990, 2041, 2118, 2177, 2253, 2319, 2339], "summary": {"covered_lines": 55, "num_statements": 55, "percent_covered": 100.0, "percent_covered_display": "100.00", "missing_lines": 0, "excluded_lines": 0, "num_branches": 0, "num_partial_branches": 0, "covered_branches": 0, "missing_branches": 0}, "missing_lines": [], "excluded_lines": [], "executed_branches": [], "missing_branches": []}}, "classes": {"WorkHoursCalculationService": {"executed_lines": [], "summary": {"covered_lines": 0, "num_statements": 413, "percent_covered": 0.0, "percent_covered_display": "0.00", "missing_lines": 413, "excluded_lines": 0, "num_branches": 152, "num_partial_branches": 0, "covered_branches": 0, "missing_branches": 152}, "missing_lines": [49, 50, 51, 54, 55, 56, 57, 60, 61, 62, 65, 66, 84, 85, 86, 88, 89, 90, 92, 93, 94, 96, 97, 98, 101, 102, 105, 106, 107, 108, 109, 111, 113, 116, 117, 118, 119, 120, 121, 124, 126, 127, 130, 131, 132, 135, 136, 137, 138, 139, 140, 143, 144, 149, 150, 154, 155, 159, 160, 164, 169, 171, 184, 191, 194, 195, 196, 197, 200, 201, 202, 203, 204, 205, 206, 207, 208, 211, 212, 215, 216, 219, 220, 224, 225, 229, 230, 234, 242, 246, 258, 260, 261, 263, 264, 265, 269, 290, 291, 292, 294, 295, 296, 298, 299, 300, 303, 304, 305, 306, 308, 309, 310, 313, 314, 318, 319, 320, 321, 322, 324, 326, 327, 330, 344, 345, 348, 351, 359, 360, 363, 368, 376, 377, 380, 385, 386, 388, 395, 396, 398, 404, 405, 406, 414, 415, 417, 455, 456, 457, 478, 479, 480, 482, 483, 484, 486, 487, 488, 490, 492, 497, 504, 505, 507, 509, 510, 511, 512, 515, 522, 526, 527, 528, 529, 531, 532, 534, 537, 539, 541, 542, 543, 544, 545, 566, 567, 568, 570, 571, 572, 574, 575, 576, 577, 579, 580, 581, 582, 584, 586, 587, 589, 591, 592, 594, 595, 597, 598, 599, 600, 601, 602, 605, 607, 613, 615, 616, 617, 618, 638, 639, 640, 642, 643, 644, 646, 647, 648, 650, 651, 652, 653, 655, 657, 663, 664, 666, 669, 671, 674, 675, 676, 677, 679, 687, 689, 692, 694, 696, 697, 698, 699, 707, 719, 720, 723, 725, 726, 728, 730, 731, 734, 735, 738, 741, 745, 749, 754, 756, 759, 763, 764, 766, 769, 773, 777, 795, 796, 797, 799, 802, 803, 804, 806, 808, 809, 812, 813, 814, 815, 816, 817, 819, 823, 828, 840, 847, 848, 850, 851, 854, 857, 860, 861, 863, 864, 867, 872, 873, 876, 881, 882, 885, 892, 893, 894, 895, 896, 898, 911, 932, 933, 935, 937, 938, 939, 940, 942, 944, 946, 951, 953, 959, 960, 963, 965, 966, 970, 975, 976, 977, 979, 980, 983, 986, 989, 990, 991, 992, 993, 994, 995, 996, 998, 999, 1000, 1001, 1003, 1005, 1010, 1019, 1020, 1021, 1022, 1042, 1044, 1045, 1046, 1048, 1049, 1050, 1052, 1053, 1055, 1059, 1070, 1071, 1072, 1074, 1075, 1079, 1112, 1113, 1114, 1130, 1132, 1137, 1139, 1144, 1154, 1155, 1156, 1162, 1166, 1167, 1171, 1172, 1176, 1177, 1181, 1182, 1186, 1190, 1195, 1196, 1197, 1199, 1200, 1203, 1208, 1209, 1211], "excluded_lines": [], "executed_branches": [], "missing_branches": [[49, 50], [49, 51], [84, 85], [84, 88], [88, 89], [88, 92], [92, 93], [92, 96], [96, 97], [96, 101], [101, 102], [101, 111], [116, 117], [116, 124], [118, 119], [118, 124], [119, 118], [119, 120], [124, 126], [124, 184], [135, 136], [135, 149], [136, 135], [136, 137], [137, 138], [137, 139], [139, 140], [139, 143], [143, 135], [143, 144], [149, 150], [149, 154], [154, 155], [154, 159], [159, 160], [159, 164], [200, 201], [200, 219], [201, 200], [201, 202], [202, 203], [202, 204], [204, 200], [204, 205], [205, 206], [205, 207], [207, 208], [207, 211], [211, 212], [211, 215], [215, 200], [215, 216], [219, 220], [219, 224], [224, 225], [224, 229], [229, 230], [229, 234], [290, 291], [290, 294], [294, 295], [294, 298], [298, 299], [298, 303], [308, 309], [308, 313], [313, 314], [313, 324], [478, 479], [478, 482], [482, 483], [482, 486], [486, 487], [486, 490], [507, 509], [507, 515], [509, 510], [509, 512], [510, 509], [510, 511], [526, 527], [526, 529], [527, 526], [527, 528], [566, 567], [566, 570], [570, 571], [570, 574], [574, 575], [574, 584], [575, 576], [575, 579], [579, 580], [579, 584], [580, 579], [580, 581], [586, 587], [586, 589], [597, 598], [597, 607], [638, 639], [638, 642], [642, 643], [642, 646], [646, 647], [646, 650], [651, 652], [651, 655], [669, 671], [669, 689], [674, 675], [674, 676], [719, 720], [719, 745], [725, 726], [725, 728], [749, 754], [749, 756], [763, 764], [763, 766], [796, 797], [796, 799], [806, 808], [806, 819], [809, 812], [809, 813], [850, 851], [850, 857], [863, 864], [863, 872], [872, 873], [872, 881], [881, 882], [881, 892], [963, 965], [963, 983], [975, 976], [975, 989], [976, 975], [976, 977], [989, 990], [989, 1003], [990, 991], [990, 993], [993, 989], [993, 994], [994, 995], [994, 998], [1052, 1053], [1052, 1079], [1199, 1200], [1199, 1203]]}, "RushTaskMarkingService": {"executed_lines": [], "summary": {"covered_lines": 0, "num_statements": 353, "percent_covered": 0.0, "percent_covered_display": "0.00", "missing_lines": 353, "excluded_lines": 0, "num_branches": 116, "num_partial_branches": 0, "covered_branches": 0, "missing_branches": 116}, "missing_lines": [1229, 1230, 1231, 1258, 1259, 1260, 1262, 1263, 1264, 1266, 1267, 1268, 1270, 1271, 1272, 1273, 1275, 1276, 1277, 1278, 1280, 1281, 1282, 1284, 1286, 1300, 1301, 1303, 1304, 1307, 1309, 1310, 1312, 1314, 1320, 1322, 1325, 1326, 1329, 1331, 1334, 1335, 1337, 1339, 1343, 1349, 1351, 1352, 1353, 1354, 1355, 1359, 1362, 1363, 1365, 1367, 1368, 1369, 1370, 1372, 1394, 1395, 1396, 1398, 1399, 1400, 1402, 1403, 1404, 1406, 1407, 1408, 1409, 1411, 1412, 1413, 1414, 1416, 1418, 1429, 1430, 1432, 1433, 1435, 1437, 1438, 1440, 1441, 1443, 1444, 1449, 1451, 1452, 1456, 1459, 1462, 1468, 1469, 1471, 1472, 1473, 1474, 1477, 1478, 1479, 1484, 1488, 1495, 1497, 1498, 1499, 1500, 1501, 1522, 1547, 1548, 1549, 1552, 1558, 1559, 1560, 1561, 1562, 1563, 1566, 1567, 1568, 1571, 1572, 1578, 1579, 1582, 1583, 1584, 1601, 1604, 1606, 1621, 1622, 1623, 1638, 1639, 1642, 1648, 1649, 1650, 1651, 1653, 1654, 1657, 1658, 1659, 1662, 1664, 1665, 1666, 1671, 1681, 1682, 1683, 1684, 1685, 1686, 1687, 1688, 1691, 1699, 1704, 1705, 1706, 1707, 1708, 1709, 1710, 1712, 1732, 1733, 1734, 1749, 1750, 1753, 1759, 1760, 1763, 1765, 1771, 1772, 1774, 1776, 1777, 1779, 1782, 1783, 1786, 1788, 1790, 1792, 1796, 1803, 1804, 1805, 1806, 1829, 1831, 1838, 1839, 1841, 1842, 1847, 1848, 1849, 1851, 1852, 1855, 1862, 1863, 1865, 1866, 1868, 1869, 1872, 1874, 1876, 1882, 1894, 1895, 1896, 1897, 1918, 1920, 1921, 1933, 1944, 1945, 1947, 1948, 1949, 1951, 1952, 1953, 1956, 1957, 1958, 1959, 1964, 1965, 1966, 1970, 1975, 1985, 1986, 1987, 1988, 2007, 2009, 2016, 2017, 2019, 2020, 2027, 2037, 2038, 2039, 2062, 2063, 2065, 2067, 2068, 2070, 2071, 2072, 2075, 2079, 2080, 2087, 2101, 2103, 2112, 2113, 2114, 2135, 2137, 2142, 2143, 2145, 2146, 2149, 2152, 2154, 2156, 2162, 2172, 2173, 2174, 2175, 2187, 2189, 2194, 2195, 2197, 2198, 2201, 2203, 2211, 2218, 2219, 2222, 2223, 2224, 2233, 2235, 2249, 2250, 2251, 2270, 2271, 2272, 2273, 2274, 2276, 2277, 2278, 2281, 2282, 2283, 2284, 2285, 2290, 2291, 2292, 2296, 2302, 2314, 2315, 2316, 2317, 2329, 2331, 2337, 2349, 2355, 2356, 2358, 2359, 2362, 2363, 2364, 2366, 2368, 2374, 2375, 2376, 2378], "excluded_lines": [], "executed_branches": [], "missing_branches": [[1229, 1230], [1229, 1231], [1258, 1259], [1258, 1262], [1262, 1263], [1262, 1266], [1266, 1267], [1266, 1270], [1270, 1271], [1270, 1280], [1271, 1272], [1271, 1275], [1275, 1276], [1275, 1280], [1276, 1275], [1276, 1277], [1280, 1281], [1280, 1284], [1300, 1301], [1300, 1303], [1312, 1314], [1312, 1337], [1320, 1322], [1320, 1334], [1325, 1326], [1325, 1329], [1365, 1367], [1365, 1372], [1394, 1395], [1394, 1398], [1398, 1399], [1398, 1402], [1402, 1403], [1402, 1406], [1406, 1407], [1406, 1416], [1407, 1408], [1407, 1411], [1411, 1412], [1411, 1416], [1412, 1411], [1412, 1413], [1429, 1430], [1429, 1432], [1437, 1438], [1437, 1456], [1443, 1444], [1443, 1449], [1471, 1472], [1471, 1484], [1472, 1471], [1472, 1473], [1558, 1559], [1558, 1560], [1560, 1561], [1560, 1562], [1562, 1563], [1562, 1566], [1583, 1584], [1583, 1604], [1648, 1649], [1648, 1650], [1650, 1651], [1650, 1653], [1665, 1666], [1665, 1671], [1682, 1683], [1682, 1691], [1683, 1682], [1683, 1684], [1685, 1686], [1685, 1687], [1705, 1706], [1705, 1712], [1706, 1705], [1706, 1707], [1708, 1709], [1708, 1710], [1776, 1777], [1776, 1790], [1777, 1776], [1777, 1779], [1782, 1783], [1782, 1786], [1841, 1842], [1841, 1847], [1847, 1848], [1847, 1851], [1866, 1868], [1866, 1872], [1920, 1921], [1920, 1933], [1951, 1952], [1951, 1970], [2019, 2020], [2019, 2027], [2065, 2067], [2065, 2103], [2070, 2071], [2070, 2075], [2079, 2080], [2079, 2087], [2145, 2146], [2145, 2149], [2197, 2198], [2197, 2201], [2201, 2203], [2201, 2211], [2223, 2224], [2223, 2235], [2276, 2277], [2276, 2296], [2355, 2356], [2355, 2358], [2366, 2368], [2366, 2378]]}, "": {"executed_lines": [1, 9, 10, 11, 12, 14, 15, 16, 18, 19, 20, 30, 33, 45, 46, 48, 68, 271, 459, 547, 620, 703, 747, 761, 771, 775, 821, 830, 913, 1031, 1116, 1158, 1164, 1169, 1174, 1179, 1184, 1188, 1192, 1225, 1226, 1228, 1233, 1357, 1374, 1503, 1526, 1625, 1736, 1810, 1899, 1990, 2041, 2118, 2177, 2253, 2319, 2339], "summary": {"covered_lines": 55, "num_statements": 63, "percent_covered": 82.08955223880596, "percent_covered_display": "82.09", "missing_lines": 8, "excluded_lines": 0, "num_branches": 4, "num_partial_branches": 0, "covered_branches": 0, "missing_branches": 4}, "missing_lines": [35, 36, 37, 38, 39, 40, 41, 42], "excluded_lines": [], "executed_branches": [], "missing_branches": [[35, 36], [35, 37], [37, 38], [37, 39]]}}}, "app/utils/__init__.py": {"executed_lines": [], "summary": {"covered_lines": 0, "num_statements": 0, "percent_covered": 100.0, "percent_covered_display": "100.00", "missing_lines": 0, "excluded_lines": 0, "num_branches": 0, "num_partial_branches": 0, "covered_branches": 0, "missing_branches": 0}, "missing_lines": [], "excluded_lines": [], "executed_branches": [], "missing_branches": [], "functions": {"": {"executed_lines": [], "summary": {"covered_lines": 0, "num_statements": 0, "percent_covered": 100.0, "percent_covered_display": "100.00", "missing_lines": 0, "excluded_lines": 0, "num_branches": 0, "num_partial_branches": 0, "covered_branches": 0, "missing_branches": 0}, "missing_lines": [], "excluded_lines": [], "executed_branches": [], "missing_branches": []}}, "classes": {"": {"executed_lines": [], "summary": {"covered_lines": 0, "num_statements": 0, "percent_covered": 100.0, "percent_covered_display": "100.00", "missing_lines": 0, "excluded_lines": 0, "num_branches": 0, "num_partial_branches": 0, "covered_branches": 0, "missing_branches": 0}, "missing_lines": [], "excluded_lines": [], "executed_branches": [], "missing_branches": []}}}}, "totals": {"covered_lines": 2632, "num_statements": 12107, "percent_covered": 17.751671318231974, "percent_covered_display": "17.75", "missing_lines": 9475, "excluded_lines": 66, "num_branches": 3300, "num_partial_branches": 37, "covered_branches": 103, "missing_branches": 3197}}