{"meta": {"format": 3, "version": "7.10.1", "timestamp": "2025-08-20T17:32:39.493606", "branch_coverage": true, "show_contexts": false}, "files": {"app\\__init__.py": {"executed_lines": [], "summary": {"covered_lines": 0, "num_statements": 0, "percent_covered": 100.0, "percent_covered_display": "100.00", "missing_lines": 0, "excluded_lines": 0, "num_branches": 0, "num_partial_branches": 0, "covered_branches": 0, "missing_branches": 0}, "missing_lines": [], "excluded_lines": [], "executed_branches": [], "missing_branches": [], "functions": {"": {"executed_lines": [], "summary": {"covered_lines": 0, "num_statements": 0, "percent_covered": 100.0, "percent_covered_display": "100.00", "missing_lines": 0, "excluded_lines": 0, "num_branches": 0, "num_partial_branches": 0, "covered_branches": 0, "missing_branches": 0}, "missing_lines": [], "excluded_lines": [], "executed_branches": [], "missing_branches": []}}, "classes": {"": {"executed_lines": [], "summary": {"covered_lines": 0, "num_statements": 0, "percent_covered": 100.0, "percent_covered_display": "100.00", "missing_lines": 0, "excluded_lines": 0, "num_branches": 0, "num_partial_branches": 0, "covered_branches": 0, "missing_branches": 0}, "missing_lines": [], "excluded_lines": [], "executed_branches": [], "missing_branches": []}}}, "app\\api\\__init__.py": {"executed_lines": [], "summary": {"covered_lines": 0, "num_statements": 0, "percent_covered": 100.0, "percent_covered_display": "100.00", "missing_lines": 0, "excluded_lines": 0, "num_branches": 0, "num_partial_branches": 0, "covered_branches": 0, "missing_branches": 0}, "missing_lines": [], "excluded_lines": [], "executed_branches": [], "missing_branches": [], "functions": {"": {"executed_lines": [], "summary": {"covered_lines": 0, "num_statements": 0, "percent_covered": 100.0, "percent_covered_display": "100.00", "missing_lines": 0, "excluded_lines": 0, "num_branches": 0, "num_partial_branches": 0, "covered_branches": 0, "missing_branches": 0}, "missing_lines": [], "excluded_lines": [], "executed_branches": [], "missing_branches": []}}, "classes": {"": {"executed_lines": [], "summary": {"covered_lines": 0, "num_statements": 0, "percent_covered": 100.0, "percent_covered_display": "100.00", "missing_lines": 0, "excluded_lines": 0, "num_branches": 0, "num_partial_branches": 0, "covered_branches": 0, "missing_branches": 0}, "missing_lines": [], "excluded_lines": [], "executed_branches": [], "missing_branches": []}}}, "app\\api\\deps.py": {"executed_lines": [1, 7, 8, 10, 11, 12, 13, 15, 16, 17, 18, 20, 23, 26, 32, 37, 96, 103, 126, 149, 174, 197, 198, 200, 217, 218, 222, 223, 228, 241, 242, 244, 267, 296, 297, 299, 316, 340, 341, 343, 353, 365], "summary": {"covered_lines": 37, "num_statements": 107, "percent_covered": 29.6, "percent_covered_display": "29.60", "missing_lines": 70, "excluded_lines": 0, "num_branches": 18, "num_partial_branches": 0, "covered_branches": 0, "missing_branches": 18}, "missing_lines": [28, 29, 34, 54, 60, 62, 63, 64, 66, 67, 68, 71, 72, 73, 74, 75, 76, 77, 80, 82, 83, 85, 86, 88, 89, 93, 100, 118, 119, 123, 141, 142, 146, 165, 167, 168, 171, 189, 190, 194, 209, 210, 211, 212, 213, 220, 225, 236, 258, 259, 260, 261, 262, 263, 264, 281, 310, 311, 312, 313, 327, 344, 345, 346, 347, 348, 349, 350, 357, 371], "excluded_lines": [], "executed_branches": [], "missing_branches": [[28, -26], [28, 29], [63, 64], [63, 66], [67, 68], [67, 71], [85, 86], [85, 88], [88, 89], [88, 93], [118, 119], [118, 123], [141, 142], [141, 146], [167, 168], [167, 171], [189, 190], [189, 194]], "functions": {"get_db": {"executed_lines": [], "summary": {"covered_lines": 0, "num_statements": 2, "percent_covered": 0.0, "percent_covered_display": "0.00", "missing_lines": 2, "excluded_lines": 0, "num_branches": 2, "num_partial_branches": 0, "covered_branches": 0, "missing_branches": 2}, "missing_lines": [28, 29], "excluded_lines": [], "executed_branches": [], "missing_branches": [[28, -26], [28, 29]]}, "get_sync_db": {"executed_lines": [], "summary": {"covered_lines": 0, "num_statements": 1, "percent_covered": 0.0, "percent_covered_display": "0.00", "missing_lines": 1, "excluded_lines": 0, "num_branches": 0, "num_partial_branches": 0, "covered_branches": 0, "missing_branches": 0}, "missing_lines": [34], "excluded_lines": [], "executed_branches": [], "missing_branches": []}, "get_current_user": {"executed_lines": [], "summary": {"covered_lines": 0, "num_statements": 23, "percent_covered": 0.0, "percent_covered_display": "0.00", "missing_lines": 23, "excluded_lines": 0, "num_branches": 8, "num_partial_branches": 0, "covered_branches": 0, "missing_branches": 8}, "missing_lines": [54, 60, 62, 63, 64, 66, 67, 68, 71, 72, 73, 74, 75, 76, 77, 80, 82, 83, 85, 86, 88, 89, 93], "excluded_lines": [], "executed_branches": [], "missing_branches": [[63, 64], [63, 66], [67, 68], [67, 71], [85, 86], [85, 88], [88, 89], [88, 93]]}, "get_current_active_user": {"executed_lines": [], "summary": {"covered_lines": 0, "num_statements": 1, "percent_covered": 0.0, "percent_covered_display": "0.00", "missing_lines": 1, "excluded_lines": 0, "num_branches": 0, "num_partial_branches": 0, "covered_branches": 0, "missing_branches": 0}, "missing_lines": [100], "excluded_lines": [], "executed_branches": [], "missing_branches": []}, "get_admin_user": {"executed_lines": [], "summary": {"covered_lines": 0, "num_statements": 3, "percent_covered": 0.0, "percent_covered_display": "0.00", "missing_lines": 3, "excluded_lines": 0, "num_branches": 2, "num_partial_branches": 0, "covered_branches": 0, "missing_branches": 2}, "missing_lines": [118, 119, 123], "excluded_lines": [], "executed_branches": [], "missing_branches": [[118, 119], [118, 123]]}, "get_group_leader_or_admin": {"executed_lines": [], "summary": {"covered_lines": 0, "num_statements": 3, "percent_covered": 0.0, "percent_covered_display": "0.00", "missing_lines": 3, "excluded_lines": 0, "num_branches": 2, "num_partial_branches": 0, "covered_branches": 0, "missing_branches": 2}, "missing_lines": [141, 142, 146], "excluded_lines": [], "executed_branches": [], "missing_branches": [[141, 142], [141, 146]]}, "get_current_active_admin": {"executed_lines": [], "summary": {"covered_lines": 0, "num_statements": 4, "percent_covered": 0.0, "percent_covered_display": "0.00", "missing_lines": 4, "excluded_lines": 0, "num_branches": 2, "num_partial_branches": 0, "covered_branches": 0, "missing_branches": 2}, "missing_lines": [165, 167, 168, 171], "excluded_lines": [], "executed_branches": [], "missing_branches": [[167, 168], [167, 171]]}, "get_current_active_group_leader": {"executed_lines": [], "summary": {"covered_lines": 0, "num_statements": 3, "percent_covered": 0.0, "percent_covered_display": "0.00", "missing_lines": 3, "excluded_lines": 0, "num_branches": 2, "num_partial_branches": 0, "covered_branches": 0, "missing_branches": 2}, "missing_lines": [189, 190, 194], "excluded_lines": [], "executed_branches": [], "missing_branches": [[189, 190], [189, 194]]}, "CommonQueryParams.__init__": {"executed_lines": [], "summary": {"covered_lines": 0, "num_statements": 5, "percent_covered": 0.0, "percent_covered_display": "0.00", "missing_lines": 5, "excluded_lines": 0, "num_branches": 0, "num_partial_branches": 0, "covered_branches": 0, "missing_branches": 0}, "missing_lines": [209, 210, 211, 212, 213], "excluded_lines": [], "executed_branches": [], "missing_branches": []}, "CommonQueryParams.offset": {"executed_lines": [], "summary": {"covered_lines": 0, "num_statements": 1, "percent_covered": 0.0, "percent_covered_display": "0.00", "missing_lines": 1, "excluded_lines": 0, "num_branches": 0, "num_partial_branches": 0, "covered_branches": 0, "missing_branches": 0}, "missing_lines": [220], "excluded_lines": [], "executed_branches": [], "missing_branches": []}, "CommonQueryParams.limit": {"executed_lines": [], "summary": {"covered_lines": 0, "num_statements": 1, "percent_covered": 0.0, "percent_covered_display": "0.00", "missing_lines": 1, "excluded_lines": 0, "num_branches": 0, "num_partial_branches": 0, "covered_branches": 0, "missing_branches": 0}, "missing_lines": [225], "excluded_lines": [], "executed_branches": [], "missing_branches": []}, "get_query_params": {"executed_lines": [], "summary": {"covered_lines": 0, "num_statements": 1, "percent_covered": 0.0, "percent_covered_display": "0.00", "missing_lines": 1, "excluded_lines": 0, "num_branches": 0, "num_partial_branches": 0, "covered_branches": 0, "missing_branches": 0}, "missing_lines": [236], "excluded_lines": [], "executed_branches": [], "missing_branches": []}, "TaskQueryParams.__init__": {"executed_lines": [], "summary": {"covered_lines": 0, "num_statements": 7, "percent_covered": 0.0, "percent_covered_display": "0.00", "missing_lines": 7, "excluded_lines": 0, "num_branches": 0, "num_partial_branches": 0, "covered_branches": 0, "missing_branches": 0}, "missing_lines": [258, 259, 260, 261, 262, 263, 264], "excluded_lines": [], "executed_branches": [], "missing_branches": []}, "get_task_query_params": {"executed_lines": [], "summary": {"covered_lines": 0, "num_statements": 1, "percent_covered": 0.0, "percent_covered_display": "0.00", "missing_lines": 1, "excluded_lines": 0, "num_branches": 0, "num_partial_branches": 0, "covered_branches": 0, "missing_branches": 0}, "missing_lines": [281], "excluded_lines": [], "executed_branches": [], "missing_branches": []}, "MemberQueryParams.__init__": {"executed_lines": [], "summary": {"covered_lines": 0, "num_statements": 4, "percent_covered": 0.0, "percent_covered_display": "0.00", "missing_lines": 4, "excluded_lines": 0, "num_branches": 0, "num_partial_branches": 0, "covered_branches": 0, "missing_branches": 0}, "missing_lines": [310, 311, 312, 313], "excluded_lines": [], "executed_branches": [], "missing_branches": []}, "get_member_query_params": {"executed_lines": [], "summary": {"covered_lines": 0, "num_statements": 1, "percent_covered": 0.0, "percent_covered_display": "0.00", "missing_lines": 1, "excluded_lines": 0, "num_branches": 0, "num_partial_branches": 0, "covered_branches": 0, "missing_branches": 0}, "missing_lines": [327], "excluded_lines": [], "executed_branches": [], "missing_branches": []}, "PaginatedResponse.__init__": {"executed_lines": [], "summary": {"covered_lines": 0, "num_statements": 7, "percent_covered": 0.0, "percent_covered_display": "0.00", "missing_lines": 7, "excluded_lines": 0, "num_branches": 0, "num_partial_branches": 0, "covered_branches": 0, "missing_branches": 0}, "missing_lines": [344, 345, 346, 347, 348, 349, 350], "excluded_lines": [], "executed_branches": [], "missing_branches": []}, "create_response": {"executed_lines": [], "summary": {"covered_lines": 0, "num_statements": 1, "percent_covered": 0.0, "percent_covered_display": "0.00", "missing_lines": 1, "excluded_lines": 0, "num_branches": 0, "num_partial_branches": 0, "covered_branches": 0, "missing_branches": 0}, "missing_lines": [357], "excluded_lines": [], "executed_branches": [], "missing_branches": []}, "create_error_response": {"executed_lines": [], "summary": {"covered_lines": 0, "num_statements": 1, "percent_covered": 0.0, "percent_covered_display": "0.00", "missing_lines": 1, "excluded_lines": 0, "num_branches": 0, "num_partial_branches": 0, "covered_branches": 0, "missing_branches": 0}, "missing_lines": [371], "excluded_lines": [], "executed_branches": [], "missing_branches": []}, "": {"executed_lines": [1, 7, 8, 10, 11, 12, 13, 15, 16, 17, 18, 20, 23, 26, 32, 37, 96, 103, 126, 149, 174, 197, 198, 200, 217, 218, 222, 223, 228, 241, 242, 244, 267, 296, 297, 299, 316, 340, 341, 343, 353, 365], "summary": {"covered_lines": 37, "num_statements": 37, "percent_covered": 100.0, "percent_covered_display": "100.00", "missing_lines": 0, "excluded_lines": 0, "num_branches": 0, "num_partial_branches": 0, "covered_branches": 0, "missing_branches": 0}, "missing_lines": [], "excluded_lines": [], "executed_branches": [], "missing_branches": []}}, "classes": {"CommonQueryParams": {"executed_lines": [], "summary": {"covered_lines": 0, "num_statements": 7, "percent_covered": 0.0, "percent_covered_display": "0.00", "missing_lines": 7, "excluded_lines": 0, "num_branches": 0, "num_partial_branches": 0, "covered_branches": 0, "missing_branches": 0}, "missing_lines": [209, 210, 211, 212, 213, 220, 225], "excluded_lines": [], "executed_branches": [], "missing_branches": []}, "TaskQueryParams": {"executed_lines": [], "summary": {"covered_lines": 0, "num_statements": 7, "percent_covered": 0.0, "percent_covered_display": "0.00", "missing_lines": 7, "excluded_lines": 0, "num_branches": 0, "num_partial_branches": 0, "covered_branches": 0, "missing_branches": 0}, "missing_lines": [258, 259, 260, 261, 262, 263, 264], "excluded_lines": [], "executed_branches": [], "missing_branches": []}, "MemberQueryParams": {"executed_lines": [], "summary": {"covered_lines": 0, "num_statements": 4, "percent_covered": 0.0, "percent_covered_display": "0.00", "missing_lines": 4, "excluded_lines": 0, "num_branches": 0, "num_partial_branches": 0, "covered_branches": 0, "missing_branches": 0}, "missing_lines": [310, 311, 312, 313], "excluded_lines": [], "executed_branches": [], "missing_branches": []}, "PaginatedResponse": {"executed_lines": [], "summary": {"covered_lines": 0, "num_statements": 7, "percent_covered": 0.0, "percent_covered_display": "0.00", "missing_lines": 7, "excluded_lines": 0, "num_branches": 0, "num_partial_branches": 0, "covered_branches": 0, "missing_branches": 0}, "missing_lines": [344, 345, 346, 347, 348, 349, 350], "excluded_lines": [], "executed_branches": [], "missing_branches": []}, "": {"executed_lines": [1, 7, 8, 10, 11, 12, 13, 15, 16, 17, 18, 20, 23, 26, 32, 37, 96, 103, 126, 149, 174, 197, 198, 200, 217, 218, 222, 223, 228, 241, 242, 244, 267, 296, 297, 299, 316, 340, 341, 343, 353, 365], "summary": {"covered_lines": 37, "num_statements": 82, "percent_covered": 37.0, "percent_covered_display": "37.00", "missing_lines": 45, "excluded_lines": 0, "num_branches": 18, "num_partial_branches": 0, "covered_branches": 0, "missing_branches": 18}, "missing_lines": [28, 29, 34, 54, 60, 62, 63, 64, 66, 67, 68, 71, 72, 73, 74, 75, 76, 77, 80, 82, 83, 85, 86, 88, 89, 93, 100, 118, 119, 123, 141, 142, 146, 165, 167, 168, 171, 189, 190, 194, 236, 281, 327, 357, 371], "excluded_lines": [], "executed_branches": [], "missing_branches": [[28, -26], [28, 29], [63, 64], [63, 66], [67, 68], [67, 71], [85, 86], [85, 88], [88, 89], [88, 93], [118, 119], [118, 123], [141, 142], [141, 146], [167, 168], [167, 171], [189, 190], [189, 194]]}}}, "app\\api\\v1\\__init__.py": {"executed_lines": [], "summary": {"covered_lines": 0, "num_statements": 0, "percent_covered": 100.0, "percent_covered_display": "100.00", "missing_lines": 0, "excluded_lines": 0, "num_branches": 0, "num_partial_branches": 0, "covered_branches": 0, "missing_branches": 0}, "missing_lines": [], "excluded_lines": [], "executed_branches": [], "missing_branches": [], "functions": {"": {"executed_lines": [], "summary": {"covered_lines": 0, "num_statements": 0, "percent_covered": 100.0, "percent_covered_display": "100.00", "missing_lines": 0, "excluded_lines": 0, "num_branches": 0, "num_partial_branches": 0, "covered_branches": 0, "missing_branches": 0}, "missing_lines": [], "excluded_lines": [], "executed_branches": [], "missing_branches": []}}, "classes": {"": {"executed_lines": [], "summary": {"covered_lines": 0, "num_statements": 0, "percent_covered": 100.0, "percent_covered_display": "100.00", "missing_lines": 0, "excluded_lines": 0, "num_branches": 0, "num_partial_branches": 0, "covered_branches": 0, "missing_branches": 0}, "missing_lines": [], "excluded_lines": [], "executed_branches": [], "missing_branches": []}}}, "app\\api\\v1\\attendance.py": {"executed_lines": [1, 7, 8, 9, 11, 12, 14, 15, 16, 18, 20, 26, 27, 129, 132, 305, 308, 311, 407, 408, 539, 540, 655, 656, 859, 860], "summary": {"covered_lines": 25, "num_statements": 252, "percent_covered": 8.169934640522875, "percent_covered_display": "8.17", "missing_lines": 227, "excluded_lines": 0, "num_branches": 54, "num_partial_branches": 0, "covered_branches": 0, "missing_branches": 54}, "missing_lines": [45, 46, 48, 49, 52, 53, 54, 60, 63, 64, 65, 66, 67, 68, 69, 72, 93, 94, 97, 98, 99, 116, 117, 118, 120, 122, 123, 124, 146, 148, 149, 151, 153, 154, 157, 158, 164, 165, 166, 171, 173, 175, 176, 179, 180, 181, 183, 184, 189, 199, 200, 203, 204, 205, 206, 208, 209, 210, 213, 222, 223, 226, 227, 228, 230, 231, 234, 243, 244, 247, 248, 249, 251, 252, 255, 259, 295, 296, 297, 298, 299, 315, 316, 318, 319, 321, 322, 323, 326, 331, 332, 335, 340, 341, 344, 349, 350, 353, 354, 355, 356, 359, 366, 367, 370, 371, 372, 374, 397, 398, 399, 422, 424, 425, 430, 431, 433, 434, 436, 437, 440, 441, 444, 445, 446, 449, 471, 472, 475, 476, 477, 497, 498, 504, 507, 508, 509, 511, 514, 516, 518, 519, 523, 532, 533, 534, 550, 551, 553, 554, 557, 558, 559, 560, 561, 566, 567, 570, 571, 572, 577, 580, 593, 594, 597, 598, 599, 600, 601, 602, 604, 605, 606, 607, 608, 611, 612, 613, 615, 616, 622, 646, 647, 648, 649, 650, 667, 668, 670, 672, 675, 676, 682, 683, 684, 685, 686, 691, 692, 695, 696, 697, 703, 709, 710, 713, 715, 731, 733, 767, 799, 800, 803, 804, 805, 807, 808, 809, 810, 812, 850, 851, 852, 853, 854, 864, 866], "excluded_lines": [], "executed_branches": [], "missing_branches": [[52, 53], [52, 60], [53, 54], [53, 60], [64, 65], [64, 67], [67, 68], [67, 72], [98, 99], [98, 116], [164, 165], [164, 171], [165, 166], [165, 171], [183, 184], [183, 189], [203, 204], [203, 208], [226, 227], [226, 230], [247, 248], [247, 251], [424, 425], [424, 430], [445, 446], [445, 449], [476, 477], [476, 497], [497, 498], [497, 504], [508, 509], [508, 516], [570, 571], [570, 577], [571, 572], [571, 577], [597, 598], [597, 604], [615, 616], [615, 622], [675, 676], [675, 682], [695, 696], [695, 703], [696, 697], [696, 703], [709, 710], [709, 713], [713, 715], [713, 731], [731, 733], [731, 767], [807, 808], [807, 812]], "functions": {"get_work_hours_records": {"executed_lines": [], "summary": {"covered_lines": 0, "num_statements": 28, "percent_covered": 0.0, "percent_covered_display": "0.00", "missing_lines": 28, "excluded_lines": 0, "num_branches": 10, "num_partial_branches": 0, "covered_branches": 0, "missing_branches": 10}, "missing_lines": [45, 46, 48, 49, 52, 53, 54, 60, 63, 64, 65, 66, 67, 68, 69, 72, 93, 94, 97, 98, 99, 116, 117, 118, 120, 122, 123, 124], "excluded_lines": [], "executed_branches": [], "missing_branches": [[52, 53], [52, 60], [53, 54], [53, 60], [64, 65], [64, 67], [67, 68], [67, 72], [98, 99], [98, 116]]}, "get_monthly_work_hours_summary": {"executed_lines": [], "summary": {"covered_lines": 0, "num_statements": 53, "percent_covered": 0.0, "percent_covered_display": "0.00", "missing_lines": 53, "excluded_lines": 0, "num_branches": 12, "num_partial_branches": 0, "covered_branches": 0, "missing_branches": 12}, "missing_lines": [146, 148, 149, 151, 153, 154, 157, 158, 164, 165, 166, 171, 173, 175, 176, 179, 180, 181, 183, 184, 189, 199, 200, 203, 204, 205, 206, 208, 209, 210, 213, 222, 223, 226, 227, 228, 230, 231, 234, 243, 244, 247, 248, 249, 251, 252, 255, 259, 295, 296, 297, 298, 299], "excluded_lines": [], "executed_branches": [], "missing_branches": [[164, 165], [164, 171], [165, 166], [165, 171], [183, 184], [183, 189], [203, 204], [203, 208], [226, 227], [226, 230], [247, 248], [247, 251]]}, "get_today_work_hours_summary": {"executed_lines": [], "summary": {"covered_lines": 0, "num_statements": 30, "percent_covered": 0.0, "percent_covered_display": "0.00", "missing_lines": 30, "excluded_lines": 0, "num_branches": 0, "num_partial_branches": 0, "covered_branches": 0, "missing_branches": 0}, "missing_lines": [315, 316, 318, 319, 321, 322, 323, 326, 331, 332, 335, 340, 341, 344, 349, 350, 353, 354, 355, 356, 359, 366, 367, 370, 371, 372, 374, 397, 398, 399], "excluded_lines": [], "executed_branches": [], "missing_branches": []}, "export_work_hours_data": {"executed_lines": [], "summary": {"covered_lines": 0, "num_statements": 35, "percent_covered": 0.0, "percent_covered_display": "0.00", "missing_lines": 35, "excluded_lines": 0, "num_branches": 10, "num_partial_branches": 0, "covered_branches": 0, "missing_branches": 10}, "missing_lines": [422, 424, 425, 430, 431, 433, 434, 436, 437, 440, 441, 444, 445, 446, 449, 471, 472, 475, 476, 477, 497, 498, 504, 507, 508, 509, 511, 514, 516, 518, 519, 523, 532, 533, 534], "excluded_lines": [], "executed_branches": [], "missing_branches": [[424, 425], [424, 430], [445, 446], [445, 449], [476, 477], [476, 497], [497, 498], [497, 504], [508, 509], [508, 516]]}, "get_work_hours_stats": {"executed_lines": [], "summary": {"covered_lines": 0, "num_statements": 40, "percent_covered": 0.0, "percent_covered_display": "0.00", "missing_lines": 40, "excluded_lines": 0, "num_branches": 8, "num_partial_branches": 0, "covered_branches": 0, "missing_branches": 8}, "missing_lines": [550, 551, 553, 554, 557, 558, 559, 560, 561, 566, 567, 570, 571, 572, 577, 580, 593, 594, 597, 598, 599, 600, 601, 602, 604, 605, 606, 607, 608, 611, 612, 613, 615, 616, 622, 646, 647, 648, 649, 650], "excluded_lines": [], "executed_branches": [], "missing_branches": [[570, 571], [570, 577], [571, 572], [571, 577], [597, 598], [597, 604], [615, 616], [615, 622]]}, "get_work_hours_chart_data": {"executed_lines": [], "summary": {"covered_lines": 0, "num_statements": 39, "percent_covered": 0.0, "percent_covered_display": "0.00", "missing_lines": 39, "excluded_lines": 0, "num_branches": 14, "num_partial_branches": 0, "covered_branches": 0, "missing_branches": 14}, "missing_lines": [667, 668, 670, 672, 675, 676, 682, 683, 684, 685, 686, 691, 692, 695, 696, 697, 703, 709, 710, 713, 715, 731, 733, 767, 799, 800, 803, 804, 805, 807, 808, 809, 810, 812, 850, 851, 852, 853, 854], "excluded_lines": [], "executed_branches": [], "missing_branches": [[675, 676], [675, 682], [695, 696], [695, 703], [696, 697], [696, 703], [709, 710], [709, 713], [713, 715], [713, 731], [731, 733], [731, 767], [807, 808], [807, 812]]}, "health_check": {"executed_lines": [], "summary": {"covered_lines": 0, "num_statements": 2, "percent_covered": 0.0, "percent_covered_display": "0.00", "missing_lines": 2, "excluded_lines": 0, "num_branches": 0, "num_partial_branches": 0, "covered_branches": 0, "missing_branches": 0}, "missing_lines": [864, 866], "excluded_lines": [], "executed_branches": [], "missing_branches": []}, "": {"executed_lines": [1, 7, 8, 9, 11, 12, 14, 15, 16, 18, 20, 26, 27, 129, 132, 305, 308, 311, 407, 408, 539, 540, 655, 656, 859, 860], "summary": {"covered_lines": 25, "num_statements": 25, "percent_covered": 100.0, "percent_covered_display": "100.00", "missing_lines": 0, "excluded_lines": 0, "num_branches": 0, "num_partial_branches": 0, "covered_branches": 0, "missing_branches": 0}, "missing_lines": [], "excluded_lines": [], "executed_branches": [], "missing_branches": []}}, "classes": {"": {"executed_lines": [1, 7, 8, 9, 11, 12, 14, 15, 16, 18, 20, 26, 27, 129, 132, 305, 308, 311, 407, 408, 539, 540, 655, 656, 859, 860], "summary": {"covered_lines": 25, "num_statements": 252, "percent_covered": 8.169934640522875, "percent_covered_display": "8.17", "missing_lines": 227, "excluded_lines": 0, "num_branches": 54, "num_partial_branches": 0, "covered_branches": 0, "missing_branches": 54}, "missing_lines": [45, 46, 48, 49, 52, 53, 54, 60, 63, 64, 65, 66, 67, 68, 69, 72, 93, 94, 97, 98, 99, 116, 117, 118, 120, 122, 123, 124, 146, 148, 149, 151, 153, 154, 157, 158, 164, 165, 166, 171, 173, 175, 176, 179, 180, 181, 183, 184, 189, 199, 200, 203, 204, 205, 206, 208, 209, 210, 213, 222, 223, 226, 227, 228, 230, 231, 234, 243, 244, 247, 248, 249, 251, 252, 255, 259, 295, 296, 297, 298, 299, 315, 316, 318, 319, 321, 322, 323, 326, 331, 332, 335, 340, 341, 344, 349, 350, 353, 354, 355, 356, 359, 366, 367, 370, 371, 372, 374, 397, 398, 399, 422, 424, 425, 430, 431, 433, 434, 436, 437, 440, 441, 444, 445, 446, 449, 471, 472, 475, 476, 477, 497, 498, 504, 507, 508, 509, 511, 514, 516, 518, 519, 523, 532, 533, 534, 550, 551, 553, 554, 557, 558, 559, 560, 561, 566, 567, 570, 571, 572, 577, 580, 593, 594, 597, 598, 599, 600, 601, 602, 604, 605, 606, 607, 608, 611, 612, 613, 615, 616, 622, 646, 647, 648, 649, 650, 667, 668, 670, 672, 675, 676, 682, 683, 684, 685, 686, 691, 692, 695, 696, 697, 703, 709, 710, 713, 715, 731, 733, 767, 799, 800, 803, 804, 805, 807, 808, 809, 810, 812, 850, 851, 852, 853, 854, 864, 866], "excluded_lines": [], "executed_branches": [], "missing_branches": [[52, 53], [52, 60], [53, 54], [53, 60], [64, 65], [64, 67], [67, 68], [67, 72], [98, 99], [98, 116], [164, 165], [164, 171], [165, 166], [165, 171], [183, 184], [183, 189], [203, 204], [203, 208], [226, 227], [226, 230], [247, 248], [247, 251], [424, 425], [424, 430], [445, 446], [445, 449], [476, 477], [476, 497], [497, 498], [497, 504], [508, 509], [508, 516], [570, 571], [570, 577], [571, 572], [571, 577], [597, 598], [597, 604], [615, 616], [615, 622], [675, 676], [675, 682], [695, 696], [695, 703], [696, 697], [696, 703], [709, 710], [709, 713], [713, 715], [713, 731], [731, 733], [731, 767], [807, 808], [807, 812]]}}}, "app\\api\\v1\\auth.py": {"executed_lines": [1, 6, 7, 8, 10, 11, 12, 13, 15, 16, 17, 26, 27, 34, 35, 36, 39, 40, 132, 133, 197, 198, 217, 218, 251, 252, 318, 319, 382, 383, 442, 443], "summary": {"covered_lines": 31, "num_statements": 157, "percent_covered": 15.736040609137056, "percent_covered_display": "15.74", "missing_lines": 126, "excluded_lines": 0, "num_branches": 40, "num_partial_branches": 0, "covered_branches": 0, "missing_branches": 40}, "missing_lines": [51, 54, 57, 58, 63, 65, 68, 71, 72, 75, 79, 80, 81, 87, 88, 89, 94, 95, 98, 101, 105, 110, 112, 120, 122, 123, 124, 125, 126, 141, 143, 146, 147, 151, 152, 153, 157, 160, 161, 163, 164, 170, 175, 177, 183, 187, 188, 189, 190, 191, 205, 206, 208, 210, 211, 212, 226, 228, 239, 243, 244, 245, 263, 265, 268, 269, 270, 271, 272, 276, 282, 283, 285, 286, 292, 293, 294, 296, 297, 299, 301, 305, 306, 307, 308, 311, 312, 329, 331, 334, 337, 343, 345, 346, 355, 356, 362, 363, 365, 367, 369, 370, 371, 372, 375, 376, 392, 394, 395, 396, 400, 401, 402, 406, 409, 410, 412, 413, 419, 421, 431, 432, 433, 434, 435, 445], "excluded_lines": [], "executed_branches": [], "missing_branches": [[54, 57], [54, 63], [71, 72], [71, 79], [79, 80], [79, 87], [87, 88], [87, 94], [146, 147], [146, 151], [152, 153], [152, 157], [163, 164], [163, 170], [269, 270], [269, 282], [270, 269], [270, 271], [271, 269], [271, 272], [282, 283], [282, 292], [285, 286], [285, 292], [292, 293], [292, 296], [293, 292], [293, 294], [331, 334], [331, 343], [345, 346], [345, 355], [355, 356], [355, 362], [395, 396], [395, 400], [401, 402], [401, 406], [412, 413], [412, 419]], "functions": {"login": {"executed_lines": [], "summary": {"covered_lines": 0, "num_statements": 29, "percent_covered": 0.0, "percent_covered_display": "0.00", "missing_lines": 29, "excluded_lines": 0, "num_branches": 8, "num_partial_branches": 0, "covered_branches": 0, "missing_branches": 8}, "missing_lines": [51, 54, 57, 58, 63, 65, 68, 71, 72, 75, 79, 80, 81, 87, 88, 89, 94, 95, 98, 101, 105, 110, 112, 120, 122, 123, 124, 125, 126], "excluded_lines": [], "executed_branches": [], "missing_branches": [[54, 57], [54, 63], [71, 72], [71, 79], [79, 80], [79, 87], [87, 88], [87, 94]]}, "refresh_token": {"executed_lines": [], "summary": {"covered_lines": 0, "num_statements": 21, "percent_covered": 0.0, "percent_covered_display": "0.00", "missing_lines": 21, "excluded_lines": 0, "num_branches": 6, "num_partial_branches": 0, "covered_branches": 0, "missing_branches": 6}, "missing_lines": [141, 143, 146, 147, 151, 152, 153, 157, 160, 161, 163, 164, 170, 175, 177, 183, 187, 188, 189, 190, 191], "excluded_lines": [], "executed_branches": [], "missing_branches": [[146, 147], [146, 151], [152, 153], [152, 157], [163, 164], [163, 170]]}, "logout": {"executed_lines": [], "summary": {"covered_lines": 0, "num_statements": 6, "percent_covered": 0.0, "percent_covered_display": "0.00", "missing_lines": 6, "excluded_lines": 0, "num_branches": 0, "num_partial_branches": 0, "covered_branches": 0, "missing_branches": 0}, "missing_lines": [205, 206, 208, 210, 211, 212], "excluded_lines": [], "executed_branches": [], "missing_branches": []}, "get_current_user_profile": {"executed_lines": [], "summary": {"covered_lines": 0, "num_statements": 6, "percent_covered": 0.0, "percent_covered_display": "0.00", "missing_lines": 6, "excluded_lines": 0, "num_branches": 0, "num_partial_branches": 0, "covered_branches": 0, "missing_branches": 0}, "missing_lines": [226, 228, 239, 243, 244, 245], "excluded_lines": [], "executed_branches": [], "missing_branches": []}, "update_user_profile": {"executed_lines": [], "summary": {"covered_lines": 0, "num_statements": 25, "percent_covered": 0.0, "percent_covered_display": "0.00", "missing_lines": 25, "excluded_lines": 0, "num_branches": 14, "num_partial_branches": 0, "covered_branches": 0, "missing_branches": 14}, "missing_lines": [263, 265, 268, 269, 270, 271, 272, 276, 282, 283, 285, 286, 292, 293, 294, 296, 297, 299, 301, 305, 306, 307, 308, 311, 312], "excluded_lines": [], "executed_branches": [], "missing_branches": [[269, 270], [269, 282], [270, 269], [270, 271], [271, 269], [271, 272], [282, 283], [282, 292], [285, 286], [285, 292], [292, 293], [292, 296], [293, 292], [293, 294]]}, "change_password": {"executed_lines": [], "summary": {"covered_lines": 0, "num_statements": 19, "percent_covered": 0.0, "percent_covered_display": "0.00", "missing_lines": 19, "excluded_lines": 0, "num_branches": 6, "num_partial_branches": 0, "covered_branches": 0, "missing_branches": 6}, "missing_lines": [329, 331, 334, 337, 343, 345, 346, 355, 356, 362, 363, 365, 367, 369, 370, 371, 372, 375, 376], "excluded_lines": [], "executed_branches": [], "missing_branches": [[331, 334], [331, 343], [345, 346], [345, 355], [355, 356], [355, 362]]}, "verify_user_token": {"executed_lines": [], "summary": {"covered_lines": 0, "num_statements": 19, "percent_covered": 0.0, "percent_covered_display": "0.00", "missing_lines": 19, "excluded_lines": 0, "num_branches": 6, "num_partial_branches": 0, "covered_branches": 0, "missing_branches": 6}, "missing_lines": [392, 394, 395, 396, 400, 401, 402, 406, 409, 410, 412, 413, 419, 421, 431, 432, 433, 434, 435], "excluded_lines": [], "executed_branches": [], "missing_branches": [[395, 396], [395, 400], [401, 402], [401, 406], [412, 413], [412, 419]]}, "auth_health_check": {"executed_lines": [], "summary": {"covered_lines": 0, "num_statements": 1, "percent_covered": 0.0, "percent_covered_display": "0.00", "missing_lines": 1, "excluded_lines": 0, "num_branches": 0, "num_partial_branches": 0, "covered_branches": 0, "missing_branches": 0}, "missing_lines": [445], "excluded_lines": [], "executed_branches": [], "missing_branches": []}, "": {"executed_lines": [1, 6, 7, 8, 10, 11, 12, 13, 15, 16, 17, 26, 27, 34, 35, 36, 39, 40, 132, 133, 197, 198, 217, 218, 251, 252, 318, 319, 382, 383, 442, 443], "summary": {"covered_lines": 31, "num_statements": 31, "percent_covered": 100.0, "percent_covered_display": "100.00", "missing_lines": 0, "excluded_lines": 0, "num_branches": 0, "num_partial_branches": 0, "covered_branches": 0, "missing_branches": 0}, "missing_lines": [], "excluded_lines": [], "executed_branches": [], "missing_branches": []}}, "classes": {"": {"executed_lines": [1, 6, 7, 8, 10, 11, 12, 13, 15, 16, 17, 26, 27, 34, 35, 36, 39, 40, 132, 133, 197, 198, 217, 218, 251, 252, 318, 319, 382, 383, 442, 443], "summary": {"covered_lines": 31, "num_statements": 157, "percent_covered": 15.736040609137056, "percent_covered_display": "15.74", "missing_lines": 126, "excluded_lines": 0, "num_branches": 40, "num_partial_branches": 0, "covered_branches": 0, "missing_branches": 40}, "missing_lines": [51, 54, 57, 58, 63, 65, 68, 71, 72, 75, 79, 80, 81, 87, 88, 89, 94, 95, 98, 101, 105, 110, 112, 120, 122, 123, 124, 125, 126, 141, 143, 146, 147, 151, 152, 153, 157, 160, 161, 163, 164, 170, 175, 177, 183, 187, 188, 189, 190, 191, 205, 206, 208, 210, 211, 212, 226, 228, 239, 243, 244, 245, 263, 265, 268, 269, 270, 271, 272, 276, 282, 283, 285, 286, 292, 293, 294, 296, 297, 299, 301, 305, 306, 307, 308, 311, 312, 329, 331, 334, 337, 343, 345, 346, 355, 356, 362, 363, 365, 367, 369, 370, 371, 372, 375, 376, 392, 394, 395, 396, 400, 401, 402, 406, 409, 410, 412, 413, 419, 421, 431, 432, 433, 434, 435, 445], "excluded_lines": [], "executed_branches": [], "missing_branches": [[54, 57], [54, 63], [71, 72], [71, 79], [79, 80], [79, 87], [87, 88], [87, 94], [146, 147], [146, 151], [152, 153], [152, 157], [163, 164], [163, 170], [269, 270], [269, 282], [270, 269], [270, 271], [271, 269], [271, 272], [282, 283], [282, 292], [285, 286], [285, 292], [292, 293], [292, 296], [293, 292], [293, 294], [331, 334], [331, 343], [345, 346], [345, 355], [355, 356], [355, 362], [395, 396], [395, 400], [401, 402], [401, 406], [412, 413], [412, 419]]}}}, "app\\api\\v1\\import_api.py": {"executed_lines": [1, 6, 7, 9, 10, 11, 13, 19, 20, 22, 23, 26, 27, 214, 253, 259, 298, 330, 362, 363, 395, 402], "summary": {"covered_lines": 21, "num_statements": 60, "percent_covered": 31.818181818181817, "percent_covered_display": "31.82", "missing_lines": 39, "excluded_lines": 0, "num_branches": 6, "num_partial_branches": 0, "covered_branches": 0, "missing_branches": 6}, "missing_lines": [38, 40, 43, 45, 47, 48, 51, 52, 53, 64, 86, 121, 200, 205, 206, 207, 208, 209, 216, 250, 255, 256, 261, 295, 300, 327, 332, 359, 372, 373, 374, 376, 377, 382, 386, 387, 388, 389, 390], "excluded_lines": [], "executed_branches": [], "missing_branches": [[45, 47], [45, 51], [52, 53], [52, 64], [376, 377], [376, 382]], "functions": {"get_import_field_mapping": {"executed_lines": [], "summary": {"covered_lines": 0, "num_statements": 18, "percent_covered": 0.0, "percent_covered_display": "0.00", "missing_lines": 18, "excluded_lines": 0, "num_branches": 4, "num_partial_branches": 0, "covered_branches": 0, "missing_branches": 4}, "missing_lines": [38, 40, 43, 45, 47, 48, 51, 52, 53, 64, 86, 121, 200, 205, 206, 207, 208, 209], "excluded_lines": [], "executed_branches": [], "missing_branches": [[45, 47], [45, 51], [52, 53], [52, 64]]}, "_get_field_display_name": {"executed_lines": [], "summary": {"covered_lines": 0, "num_statements": 2, "percent_covered": 0.0, "percent_covered_display": "0.00", "missing_lines": 2, "excluded_lines": 0, "num_branches": 0, "num_partial_branches": 0, "covered_branches": 0, "missing_branches": 0}, "missing_lines": [216, 250], "excluded_lines": [], "executed_branches": [], "missing_branches": []}, "_is_field_required": {"executed_lines": [], "summary": {"covered_lines": 0, "num_statements": 2, "percent_covered": 0.0, "percent_covered_display": "0.00", "missing_lines": 2, "excluded_lines": 0, "num_branches": 0, "num_partial_branches": 0, "covered_branches": 0, "missing_branches": 0}, "missing_lines": [255, 256], "excluded_lines": [], "executed_branches": [], "missing_branches": []}, "_get_field_data_type": {"executed_lines": [], "summary": {"covered_lines": 0, "num_statements": 2, "percent_covered": 0.0, "percent_covered_display": "0.00", "missing_lines": 2, "excluded_lines": 0, "num_branches": 0, "num_partial_branches": 0, "covered_branches": 0, "missing_branches": 0}, "missing_lines": [261, 295], "excluded_lines": [], "executed_branches": [], "missing_branches": []}, "_get_field_description": {"executed_lines": [], "summary": {"covered_lines": 0, "num_statements": 2, "percent_covered": 0.0, "percent_covered_display": "0.00", "missing_lines": 2, "excluded_lines": 0, "num_branches": 0, "num_partial_branches": 0, "covered_branches": 0, "missing_branches": 0}, "missing_lines": [300, 327], "excluded_lines": [], "executed_branches": [], "missing_branches": []}, "_get_field_example_values": {"executed_lines": [], "summary": {"covered_lines": 0, "num_statements": 2, "percent_covered": 0.0, "percent_covered_display": "0.00", "missing_lines": 2, "excluded_lines": 0, "num_branches": 0, "num_partial_branches": 0, "covered_branches": 0, "missing_branches": 0}, "missing_lines": [332, 359], "excluded_lines": [], "executed_branches": [], "missing_branches": []}, "get_import_template": {"executed_lines": [], "summary": {"covered_lines": 0, "num_statements": 11, "percent_covered": 0.0, "percent_covered_display": "0.00", "missing_lines": 11, "excluded_lines": 0, "num_branches": 2, "num_partial_branches": 0, "covered_branches": 0, "missing_branches": 2}, "missing_lines": [372, 373, 374, 376, 377, 382, 386, 387, 388, 389, 390], "excluded_lines": [], "executed_branches": [], "missing_branches": [[376, 377], [376, 382]]}, "get_supported_field_mappings": {"executed_lines": [402], "summary": {"covered_lines": 1, "num_statements": 1, "percent_covered": 100.0, "percent_covered_display": "100.00", "missing_lines": 0, "excluded_lines": 0, "num_branches": 0, "num_partial_branches": 0, "covered_branches": 0, "missing_branches": 0}, "missing_lines": [], "excluded_lines": [], "executed_branches": [], "missing_branches": []}, "": {"executed_lines": [1, 6, 7, 9, 10, 11, 13, 19, 20, 22, 23, 26, 27, 214, 253, 259, 298, 330, 362, 363, 395], "summary": {"covered_lines": 20, "num_statements": 20, "percent_covered": 100.0, "percent_covered_display": "100.00", "missing_lines": 0, "excluded_lines": 0, "num_branches": 0, "num_partial_branches": 0, "covered_branches": 0, "missing_branches": 0}, "missing_lines": [], "excluded_lines": [], "executed_branches": [], "missing_branches": []}}, "classes": {"": {"executed_lines": [1, 6, 7, 9, 10, 11, 13, 19, 20, 22, 23, 26, 27, 214, 253, 259, 298, 330, 362, 363, 395, 402], "summary": {"covered_lines": 21, "num_statements": 60, "percent_covered": 31.818181818181817, "percent_covered_display": "31.82", "missing_lines": 39, "excluded_lines": 0, "num_branches": 6, "num_partial_branches": 0, "covered_branches": 0, "missing_branches": 6}, "missing_lines": [38, 40, 43, 45, 47, 48, 51, 52, 53, 64, 86, 121, 200, 205, 206, 207, 208, 209, 216, 250, 255, 256, 261, 295, 300, 327, 332, 359, 372, 373, 374, 376, 377, 382, 386, 387, 388, 389, 390], "excluded_lines": [], "executed_branches": [], "missing_branches": [[45, 47], [45, 51], [52, 53], [52, 64], [376, 377], [376, 382]]}}}, "app\\api\\v1\\members.py": {"executed_lines": [1, 6, 7, 8, 9, 11, 12, 13, 14, 16, 22, 23, 24, 31, 33, 36, 37, 122, 123, 158, 159, 224, 225, 295, 296, 343, 344, 478, 479, 532, 533, 586, 587, 595, 596], "summary": {"covered_lines": 34, "num_statements": 276, "percent_covered": 9.770114942528735, "percent_covered_display": "9.77", "missing_lines": 242, "excluded_lines": 0, "num_branches": 72, "num_partial_branches": 0, "covered_branches": 0, "missing_branches": 72}, "missing_lines": [52, 54, 57, 58, 59, 68, 69, 72, 73, 76, 77, 80, 81, 84, 85, 86, 89, 90, 92, 93, 96, 97, 98, 99, 100, 102, 104, 115, 116, 117, 131, 132, 133, 134, 136, 137, 142, 143, 147, 149, 150, 151, 152, 153, 168, 170, 171, 172, 173, 179, 180, 181, 182, 183, 189, 203, 204, 205, 207, 209, 214, 215, 216, 217, 218, 219, 235, 236, 237, 238, 240, 241, 246, 247, 249, 250, 255, 258, 259, 260, 263, 264, 267, 268, 269, 275, 276, 278, 279, 281, 283, 285, 286, 287, 288, 289, 290, 305, 306, 307, 308, 310, 311, 316, 317, 321, 322, 324, 325, 327, 329, 333, 334, 335, 336, 337, 338, 353, 355, 356, 357, 358, 359, 361, 363, 364, 366, 367, 368, 371, 372, 373, 374, 375, 377, 378, 379, 380, 381, 383, 384, 385, 386, 390, 392, 393, 396, 399, 402, 408, 411, 412, 430, 431, 432, 433, 434, 436, 437, 439, 440, 442, 443, 444, 445, 446, 449, 450, 451, 452, 453, 454, 455, 456, 461, 466, 489, 490, 491, 492, 494, 495, 500, 501, 506, 507, 508, 513, 514, 516, 518, 522, 523, 524, 525, 526, 527, 540, 542, 543, 544, 547, 548, 549, 552, 555, 556, 557, 558, 559, 562, 565, 566, 568, 579, 580, 581, 589, 606, 609, 610, 614, 616, 618, 619, 621, 622, 625, 626, 627, 630, 632, 633, 635, 638, 646, 648, 649, 650, 651, 652, 653], "excluded_lines": [], "executed_branches": [], "missing_branches": [[57, 58], [57, 68], [68, 69], [68, 72], [72, 73], [72, 76], [76, 77], [76, 80], [80, 81], [80, 84], [97, 98], [97, 102], [98, 97], [98, 99], [136, 137], [136, 142], [142, 143], [142, 147], [172, 173], [172, 179], [179, 180], [179, 189], [182, 183], [182, 189], [240, 241], [240, 246], [249, 250], [249, 255], [258, 259], [258, 263], [263, 264], [263, 275], [268, 269], [268, 275], [275, 276], [275, 278], [310, 311], [310, 316], [316, 317], [316, 321], [363, 364], [363, 449], [367, 368], [367, 371], [372, 373], [372, 374], [374, 375], [374, 377], [378, 379], [378, 383], [383, 384], [383, 402], [384, 385], [384, 392], [449, 450], [449, 461], [494, 495], [494, 500], [500, 501], [500, 506], [506, 507], [506, 513], [507, 508], [507, 513], [556, 557], [556, 562], [609, 610], [609, 616], [621, 622], [621, 625], [626, 627], [626, 630]], "functions": {"get_members": {"executed_lines": [], "summary": {"covered_lines": 0, "num_statements": 30, "percent_covered": 0.0, "percent_covered_display": "0.00", "missing_lines": 30, "excluded_lines": 0, "num_branches": 14, "num_partial_branches": 0, "covered_branches": 0, "missing_branches": 14}, "missing_lines": [52, 54, 57, 58, 59, 68, 69, 72, 73, 76, 77, 80, 81, 84, 85, 86, 89, 90, 92, 93, 96, 97, 98, 99, 100, 102, 104, 115, 116, 117], "excluded_lines": [], "executed_branches": [], "missing_branches": [[57, 58], [57, 68], [68, 69], [68, 72], [72, 73], [72, 76], [76, 77], [76, 80], [80, 81], [80, 84], [97, 98], [97, 102], [98, 97], [98, 99]]}, "get_member": {"executed_lines": [], "summary": {"covered_lines": 0, "num_statements": 14, "percent_covered": 0.0, "percent_covered_display": "0.00", "missing_lines": 14, "excluded_lines": 0, "num_branches": 4, "num_partial_branches": 0, "covered_branches": 0, "missing_branches": 4}, "missing_lines": [131, 132, 133, 134, 136, 137, 142, 143, 147, 149, 150, 151, 152, 153], "excluded_lines": [], "executed_branches": [], "missing_branches": [[136, 137], [136, 142], [142, 143], [142, 147]]}, "create_member": {"executed_lines": [], "summary": {"covered_lines": 0, "num_statements": 22, "percent_covered": 0.0, "percent_covered_display": "0.00", "missing_lines": 22, "excluded_lines": 0, "num_branches": 6, "num_partial_branches": 0, "covered_branches": 0, "missing_branches": 6}, "missing_lines": [168, 170, 171, 172, 173, 179, 180, 181, 182, 183, 189, 203, 204, 205, 207, 209, 214, 215, 216, 217, 218, 219], "excluded_lines": [], "executed_branches": [], "missing_branches": [[172, 173], [172, 179], [179, 180], [179, 189], [182, 183], [182, 189]]}, "update_member": {"executed_lines": [], "summary": {"covered_lines": 0, "num_statements": 31, "percent_covered": 0.0, "percent_covered_display": "0.00", "missing_lines": 31, "excluded_lines": 0, "num_branches": 12, "num_partial_branches": 0, "covered_branches": 0, "missing_branches": 12}, "missing_lines": [235, 236, 237, 238, 240, 241, 246, 247, 249, 250, 255, 258, 259, 260, 263, 264, 267, 268, 269, 275, 276, 278, 279, 281, 283, 285, 286, 287, 288, 289, 290], "excluded_lines": [], "executed_branches": [], "missing_branches": [[240, 241], [240, 246], [249, 250], [249, 255], [258, 259], [258, 263], [263, 264], [263, 275], [268, 269], [268, 275], [275, 276], [275, 278]]}, "delete_member": {"executed_lines": [], "summary": {"covered_lines": 0, "num_statements": 20, "percent_covered": 0.0, "percent_covered_display": "0.00", "missing_lines": 20, "excluded_lines": 0, "num_branches": 4, "num_partial_branches": 0, "covered_branches": 0, "missing_branches": 4}, "missing_lines": [305, 306, 307, 308, 310, 311, 316, 317, 321, 322, 324, 325, 327, 329, 333, 334, 335, 336, 337, 338], "excluded_lines": [], "executed_branches": [], "missing_branches": [[310, 311], [310, 316], [316, 317], [316, 321]]}, "import_members": {"executed_lines": [], "summary": {"covered_lines": 0, "num_statements": 59, "percent_covered": 0.0, "percent_covered_display": "0.00", "missing_lines": 59, "excluded_lines": 0, "num_branches": 16, "num_partial_branches": 0, "covered_branches": 0, "missing_branches": 16}, "missing_lines": [353, 355, 356, 357, 358, 359, 361, 363, 364, 366, 367, 368, 371, 372, 373, 374, 375, 377, 378, 379, 380, 381, 383, 384, 385, 386, 390, 392, 393, 396, 399, 402, 408, 411, 412, 430, 431, 432, 433, 434, 436, 437, 439, 440, 442, 443, 444, 445, 446, 449, 450, 451, 452, 453, 454, 455, 456, 461, 466], "excluded_lines": [], "executed_branches": [], "missing_branches": [[363, 364], [363, 449], [367, 368], [367, 371], [372, 373], [372, 374], [374, 375], [374, 377], [378, 379], [378, 383], [383, 384], [383, 402], [384, 385], [384, 392], [449, 450], [449, 461]]}, "change_password": {"executed_lines": [], "summary": {"covered_lines": 0, "num_statements": 21, "percent_covered": 0.0, "percent_covered_display": "0.00", "missing_lines": 21, "excluded_lines": 0, "num_branches": 8, "num_partial_branches": 0, "covered_branches": 0, "missing_branches": 8}, "missing_lines": [489, 490, 491, 492, 494, 495, 500, 501, 506, 507, 508, 513, 514, 516, 518, 522, 523, 524, 525, 526, 527], "excluded_lines": [], "executed_branches": [], "missing_branches": [[494, 495], [494, 500], [500, 501], [500, 506], [506, 507], [506, 513], [507, 508], [507, 513]]}, "get_member_stats": {"executed_lines": [], "summary": {"covered_lines": 0, "num_statements": 20, "percent_covered": 0.0, "percent_covered_display": "0.00", "missing_lines": 20, "excluded_lines": 0, "num_branches": 2, "num_partial_branches": 0, "covered_branches": 0, "missing_branches": 2}, "missing_lines": [540, 542, 543, 544, 547, 548, 549, 552, 555, 556, 557, 558, 559, 562, 565, 566, 568, 579, 580, 581], "excluded_lines": [], "executed_branches": [], "missing_branches": [[556, 557], [556, 562]]}, "members_health_check": {"executed_lines": [], "summary": {"covered_lines": 0, "num_statements": 1, "percent_covered": 0.0, "percent_covered_display": "0.00", "missing_lines": 1, "excluded_lines": 0, "num_branches": 0, "num_partial_branches": 0, "covered_branches": 0, "missing_branches": 0}, "missing_lines": [589], "excluded_lines": [], "executed_branches": [], "missing_branches": []}, "complete_profile": {"executed_lines": [], "summary": {"covered_lines": 0, "num_statements": 24, "percent_covered": 0.0, "percent_covered_display": "0.00", "missing_lines": 24, "excluded_lines": 0, "num_branches": 6, "num_partial_branches": 0, "covered_branches": 0, "missing_branches": 6}, "missing_lines": [606, 609, 610, 614, 616, 618, 619, 621, 622, 625, 626, 627, 630, 632, 633, 635, 638, 646, 648, 649, 650, 651, 652, 653], "excluded_lines": [], "executed_branches": [], "missing_branches": [[609, 610], [609, 616], [621, 622], [621, 625], [626, 627], [626, 630]]}, "": {"executed_lines": [1, 6, 7, 8, 9, 11, 12, 13, 14, 16, 22, 23, 24, 31, 33, 36, 37, 122, 123, 158, 159, 224, 225, 295, 296, 343, 344, 478, 479, 532, 533, 586, 587, 595, 596], "summary": {"covered_lines": 34, "num_statements": 34, "percent_covered": 100.0, "percent_covered_display": "100.00", "missing_lines": 0, "excluded_lines": 0, "num_branches": 0, "num_partial_branches": 0, "covered_branches": 0, "missing_branches": 0}, "missing_lines": [], "excluded_lines": [], "executed_branches": [], "missing_branches": []}}, "classes": {"": {"executed_lines": [1, 6, 7, 8, 9, 11, 12, 13, 14, 16, 22, 23, 24, 31, 33, 36, 37, 122, 123, 158, 159, 224, 225, 295, 296, 343, 344, 478, 479, 532, 533, 586, 587, 595, 596], "summary": {"covered_lines": 34, "num_statements": 276, "percent_covered": 9.770114942528735, "percent_covered_display": "9.77", "missing_lines": 242, "excluded_lines": 0, "num_branches": 72, "num_partial_branches": 0, "covered_branches": 0, "missing_branches": 72}, "missing_lines": [52, 54, 57, 58, 59, 68, 69, 72, 73, 76, 77, 80, 81, 84, 85, 86, 89, 90, 92, 93, 96, 97, 98, 99, 100, 102, 104, 115, 116, 117, 131, 132, 133, 134, 136, 137, 142, 143, 147, 149, 150, 151, 152, 153, 168, 170, 171, 172, 173, 179, 180, 181, 182, 183, 189, 203, 204, 205, 207, 209, 214, 215, 216, 217, 218, 219, 235, 236, 237, 238, 240, 241, 246, 247, 249, 250, 255, 258, 259, 260, 263, 264, 267, 268, 269, 275, 276, 278, 279, 281, 283, 285, 286, 287, 288, 289, 290, 305, 306, 307, 308, 310, 311, 316, 317, 321, 322, 324, 325, 327, 329, 333, 334, 335, 336, 337, 338, 353, 355, 356, 357, 358, 359, 361, 363, 364, 366, 367, 368, 371, 372, 373, 374, 375, 377, 378, 379, 380, 381, 383, 384, 385, 386, 390, 392, 393, 396, 399, 402, 408, 411, 412, 430, 431, 432, 433, 434, 436, 437, 439, 440, 442, 443, 444, 445, 446, 449, 450, 451, 452, 453, 454, 455, 456, 461, 466, 489, 490, 491, 492, 494, 495, 500, 501, 506, 507, 508, 513, 514, 516, 518, 522, 523, 524, 525, 526, 527, 540, 542, 543, 544, 547, 548, 549, 552, 555, 556, 557, 558, 559, 562, 565, 566, 568, 579, 580, 581, 589, 606, 609, 610, 614, 616, 618, 619, 621, 622, 625, 626, 627, 630, 632, 633, 635, 638, 646, 648, 649, 650, 651, 652, 653], "excluded_lines": [], "executed_branches": [], "missing_branches": [[57, 58], [57, 68], [68, 69], [68, 72], [72, 73], [72, 76], [76, 77], [76, 80], [80, 81], [80, 84], [97, 98], [97, 102], [98, 97], [98, 99], [136, 137], [136, 142], [142, 143], [142, 147], [172, 173], [172, 179], [179, 180], [179, 189], [182, 183], [182, 189], [240, 241], [240, 246], [249, 250], [249, 255], [258, 259], [258, 263], [263, 264], [263, 275], [268, 269], [268, 275], [275, 276], [275, 278], [310, 311], [310, 316], [316, 317], [316, 321], [363, 364], [363, 449], [367, 368], [367, 371], [372, 373], [372, 374], [374, 375], [374, 377], [378, 379], [378, 383], [383, 384], [383, 402], [384, 385], [384, 392], [449, 450], [449, 461], [494, 495], [494, 500], [500, 501], [500, 506], [506, 507], [506, 513], [507, 508], [507, 513], [556, 557], [556, 562], [609, 610], [609, 616], [621, 622], [621, 625], [626, 627], [626, 630]]}}}, "app\\api\\v1\\members_import_debug.py": {"executed_lines": [], "summary": {"covered_lines": 0, "num_statements": 53, "percent_covered": 0.0, "percent_covered_display": "0.00", "missing_lines": 53, "excluded_lines": 0, "num_branches": 6, "num_partial_branches": 0, "covered_branches": 0, "missing_branches": 6}, "missing_lines": [5, 6, 8, 9, 11, 12, 13, 14, 16, 17, 20, 21, 40, 41, 43, 44, 46, 47, 48, 49, 51, 52, 54, 57, 58, 59, 62, 65, 66, 72, 74, 76, 81, 93, 94, 96, 97, 98, 102, 103, 104, 105, 108, 109, 110, 112, 113, 115, 124, 129, 130, 131, 132], "excluded_lines": [], "executed_branches": [], "missing_branches": [[51, 52], [51, 108], [65, 66], [65, 74], [108, 109], [108, 112]], "functions": {"import_members_debug": {"executed_lines": [], "summary": {"covered_lines": 0, "num_statements": 41, "percent_covered": 0.0, "percent_covered_display": "0.00", "missing_lines": 41, "excluded_lines": 0, "num_branches": 6, "num_partial_branches": 0, "covered_branches": 0, "missing_branches": 6}, "missing_lines": [40, 41, 43, 44, 46, 47, 48, 49, 51, 52, 54, 57, 58, 59, 62, 65, 66, 72, 74, 76, 81, 93, 94, 96, 97, 98, 102, 103, 104, 105, 108, 109, 110, 112, 113, 115, 124, 129, 130, 131, 132], "excluded_lines": [], "executed_branches": [], "missing_branches": [[51, 52], [51, 108], [65, 66], [65, 74], [108, 109], [108, 112]]}, "": {"executed_lines": [], "summary": {"covered_lines": 0, "num_statements": 12, "percent_covered": 0.0, "percent_covered_display": "0.00", "missing_lines": 12, "excluded_lines": 0, "num_branches": 0, "num_partial_branches": 0, "covered_branches": 0, "missing_branches": 0}, "missing_lines": [5, 6, 8, 9, 11, 12, 13, 14, 16, 17, 20, 21], "excluded_lines": [], "executed_branches": [], "missing_branches": []}}, "classes": {"": {"executed_lines": [], "summary": {"covered_lines": 0, "num_statements": 53, "percent_covered": 0.0, "percent_covered_display": "0.00", "missing_lines": 53, "excluded_lines": 0, "num_branches": 6, "num_partial_branches": 0, "covered_branches": 0, "missing_branches": 6}, "missing_lines": [5, 6, 8, 9, 11, 12, 13, 14, 16, 17, 20, 21, 40, 41, 43, 44, 46, 47, 48, 49, 51, 52, 54, 57, 58, 59, 62, 65, 66, 72, 74, 76, 81, 93, 94, 96, 97, 98, 102, 103, 104, 105, 108, 109, 110, 112, 113, 115, 124, 129, 130, 131, 132], "excluded_lines": [], "executed_branches": [], "missing_branches": [[51, 52], [51, 108], [65, 66], [65, 74], [108, 109], [108, 112]]}}}, "app\\api\\v1\\statistics.py": {"executed_lines": [1, 6, 7, 8, 9, 11, 12, 13, 14, 16, 23, 24, 25, 26, 28, 29, 32, 68, 69, 332, 333, 574, 575, 820, 821, 907, 908, 937, 938, 966, 967, 1040, 1041, 1205, 1206, 1495, 1496, 1538, 1539, 1739, 1740], "summary": {"covered_lines": 40, "num_statements": 465, "percent_covered": 6.420545746388443, "percent_covered_display": "6.42", "missing_lines": 425, "excluded_lines": 0, "num_branches": 158, "num_partial_branches": 0, "covered_branches": 0, "missing_branches": 158}, "missing_lines": [39, 40, 43, 44, 47, 48, 49, 50, 53, 56, 57, 60, 62, 80, 82, 83, 84, 85, 88, 93, 114, 115, 134, 144, 145, 161, 164, 167, 168, 172, 189, 190, 206, 207, 222, 223, 229, 240, 241, 255, 317, 319, 321, 322, 323, 348, 350, 351, 352, 353, 356, 368, 369, 371, 372, 374, 375, 381, 383, 385, 386, 387, 388, 389, 393, 394, 396, 397, 398, 401, 402, 405, 410, 411, 412, 413, 416, 418, 425, 428, 431, 434, 436, 457, 460, 462, 464, 465, 466, 467, 468, 469, 472, 474, 476, 477, 478, 480, 481, 482, 483, 484, 487, 492, 493, 494, 495, 498, 500, 506, 516, 519, 520, 521, 524, 525, 526, 527, 530, 532, 549, 559, 561, 563, 564, 565, 589, 591, 596, 602, 603, 604, 605, 608, 610, 618, 620, 621, 622, 624, 625, 630, 637, 638, 641, 646, 649, 651, 674, 694, 695, 701, 711, 712, 715, 716, 717, 718, 719, 723, 726, 727, 728, 729, 732, 737, 738, 739, 742, 743, 748, 771, 772, 775, 777, 792, 800, 804, 808, 809, 810, 811, 812, 837, 839, 840, 842, 844, 847, 848, 850, 852, 855, 856, 858, 860, 861, 862, 865, 866, 869, 870, 874, 888, 893, 897, 898, 899, 900, 901, 915, 917, 928, 929, 930, 931, 948, 950, 956, 957, 958, 959, 974, 975, 977, 980, 981, 984, 993, 994, 996, 1001, 1007, 1015, 1016, 1021, 1022, 1023, 1025, 1055, 1056, 1059, 1064, 1069, 1071, 1073, 1078, 1079, 1080, 1082, 1083, 1087, 1099, 1100, 1106, 1111, 1112, 1113, 1115, 1126, 1127, 1128, 1132, 1135, 1138, 1141, 1145, 1146, 1150, 1151, 1152, 1153, 1172, 1173, 1178, 1181, 1185, 1191, 1193, 1195, 1196, 1197, 1198, 1199, 1228, 1229, 1231, 1237, 1248, 1249, 1251, 1253, 1262, 1263, 1266, 1269, 1272, 1277, 1278, 1279, 1280, 1284, 1285, 1286, 1301, 1303, 1305, 1313, 1314, 1317, 1320, 1323, 1327, 1328, 1329, 1330, 1350, 1353, 1356, 1358, 1360, 1366, 1367, 1370, 1374, 1375, 1376, 1377, 1378, 1379, 1380, 1395, 1398, 1401, 1403, 1405, 1415, 1416, 1417, 1418, 1421, 1424, 1428, 1439, 1440, 1441, 1442, 1467, 1470, 1473, 1474, 1475, 1477, 1479, 1484, 1488, 1489, 1490, 1510, 1511, 1513, 1516, 1520, 1524, 1529, 1530, 1531, 1532, 1552, 1553, 1556, 1561, 1567, 1568, 1569, 1570, 1571, 1579, 1581, 1583, 1588, 1589, 1590, 1592, 1593, 1598, 1610, 1614, 1615, 1618, 1619, 1620, 1627, 1628, 1630, 1631, 1634, 1635, 1636, 1637, 1638, 1639, 1642, 1643, 1644, 1646, 1648, 1651, 1652, 1676, 1689, 1690, 1693, 1696, 1699, 1702, 1706, 1724, 1726, 1728, 1729, 1730, 1731, 1732, 1742], "excluded_lines": [], "executed_branches": [], "missing_branches": [[39, 40], [39, 43], [48, 49], [48, 53], [56, 57], [56, 62], [82, 83], [82, 84], [84, 85], [84, 88], [167, 168], [167, 172], [350, 351], [350, 352], [352, 353], [352, 356], [368, 369], [368, 371], [374, 375], [374, 381], [383, 385], [383, 462], [386, 387], [386, 396], [388, 389], [388, 393], [393, 386], [393, 394], [397, 398], [397, 457], [411, 412], [411, 418], [412, 411], [412, 413], [462, 464], [462, 519], [465, 466], [465, 480], [466, 467], [466, 468], [468, 469], [468, 474], [476, 477], [476, 478], [481, 482], [481, 516], [493, 494], [493, 500], [494, 493], [494, 495], [525, 526], [525, 532], [526, 525], [526, 527], [591, 596], [591, 602], [618, 620], [618, 694], [624, 625], [624, 630], [694, 695], [694, 701], [716, 717], [716, 726], [718, 719], [718, 723], [727, 728], [727, 771], [842, 844], [842, 850], [850, 852], [850, 858], [858, 860], [858, 869], [860, 861], [860, 862], [1015, 1016], [1015, 1021], [1059, 1064], [1059, 1069], [1071, 1073], [1071, 1099], [1082, 1083], [1082, 1087], [1099, 1100], [1099, 1106], [1126, 1127], [1126, 1178], [1145, 1146], [1145, 1150], [1150, 1151], [1150, 1152], [1152, 1126], [1152, 1153], [1178, 1181], [1178, 1185], [1251, 1253], [1251, 1303], [1262, 1263], [1262, 1301], [1284, 1285], [1284, 1286], [1303, 1305], [1303, 1358], [1313, 1314], [1313, 1350], [1327, 1313], [1327, 1328], [1328, 1329], [1328, 1330], [1350, 1353], [1350, 1356], [1358, 1360], [1358, 1403], [1366, 1367], [1366, 1395], [1377, 1366], [1377, 1378], [1378, 1379], [1378, 1380], [1395, 1398], [1395, 1401], [1403, 1405], [1403, 1479], [1415, 1416], [1415, 1477], [1439, 1440], [1439, 1467], [1440, 1441], [1440, 1442], [1467, 1470], [1467, 1477], [1473, 1474], [1473, 1477], [1474, 1473], [1474, 1475], [1556, 1561], [1556, 1567], [1569, 1570], [1569, 1579], [1581, 1583], [1581, 1610], [1592, 1593], [1592, 1598], [1619, 1620], [1619, 1627], [1627, 1628], [1627, 1630], [1635, 1636], [1635, 1642], [1637, 1638], [1637, 1639], [1642, 1643], [1642, 1724], [1646, 1648], [1646, 1689], [1651, 1652], [1651, 1676]], "functions": {"_calculate_efficiency_score": {"executed_lines": [], "summary": {"covered_lines": 0, "num_statements": 13, "percent_covered": 0.0, "percent_covered_display": "0.00", "missing_lines": 13, "excluded_lines": 0, "num_branches": 6, "num_partial_branches": 0, "covered_branches": 0, "missing_branches": 6}, "missing_lines": [39, 40, 43, 44, 47, 48, 49, 50, 53, 56, 57, 60, 62], "excluded_lines": [], "executed_branches": [], "missing_branches": [[39, 40], [39, 43], [48, 49], [48, 53], [56, 57], [56, 62]]}, "get_statistics_overview": {"executed_lines": [], "summary": {"covered_lines": 0, "num_statements": 32, "percent_covered": 0.0, "percent_covered_display": "0.00", "missing_lines": 32, "excluded_lines": 0, "num_branches": 6, "num_partial_branches": 0, "covered_branches": 0, "missing_branches": 6}, "missing_lines": [80, 82, 83, 84, 85, 88, 93, 114, 115, 134, 144, 145, 161, 164, 167, 168, 172, 189, 190, 206, 207, 222, 223, 229, 240, 241, 255, 317, 319, 321, 322, 323], "excluded_lines": [], "executed_branches": [], "missing_branches": [[82, 83], [82, 84], [84, 85], [84, 88], [167, 168], [167, 172]]}, "get_efficiency_analysis": {"executed_lines": [], "summary": {"covered_lines": 0, "num_statements": 81, "percent_covered": 0.0, "percent_covered_display": "0.00", "missing_lines": 81, "excluded_lines": 0, "num_branches": 42, "num_partial_branches": 0, "covered_branches": 0, "missing_branches": 42}, "missing_lines": [348, 350, 351, 352, 353, 356, 368, 369, 371, 372, 374, 375, 381, 383, 385, 386, 387, 388, 389, 393, 394, 396, 397, 398, 401, 402, 405, 410, 411, 412, 413, 416, 418, 425, 428, 431, 434, 436, 457, 460, 462, 464, 465, 466, 467, 468, 469, 472, 474, 476, 477, 478, 480, 481, 482, 483, 484, 487, 492, 493, 494, 495, 498, 500, 506, 516, 519, 520, 521, 524, 525, 526, 527, 530, 532, 549, 559, 561, 563, 564, 565], "excluded_lines": [], "executed_branches": [], "missing_branches": [[350, 351], [350, 352], [352, 353], [352, 356], [368, 369], [368, 371], [374, 375], [374, 381], [383, 385], [383, 462], [386, 387], [386, 396], [388, 389], [388, 393], [393, 386], [393, 394], [397, 398], [397, 457], [411, 412], [411, 418], [412, 411], [412, 413], [462, 464], [462, 519], [465, 466], [465, 480], [466, 467], [466, 468], [468, 469], [468, 474], [476, 477], [476, 478], [481, 482], [481, 516], [493, 494], [493, 500], [494, 493], [494, 495], [525, 526], [525, 532], [526, 525], [526, 527]]}, "get_monthly_report": {"executed_lines": [], "summary": {"covered_lines": 0, "num_statements": 57, "percent_covered": 0.0, "percent_covered_display": "0.00", "missing_lines": 57, "excluded_lines": 0, "num_branches": 14, "num_partial_branches": 0, "covered_branches": 0, "missing_branches": 14}, "missing_lines": [589, 591, 596, 602, 603, 604, 605, 608, 610, 618, 620, 621, 622, 624, 625, 630, 637, 638, 641, 646, 649, 651, 674, 694, 695, 701, 711, 712, 715, 716, 717, 718, 719, 723, 726, 727, 728, 729, 732, 737, 738, 739, 742, 743, 748, 771, 772, 775, 777, 792, 800, 804, 808, 809, 810, 811, 812], "excluded_lines": [], "executed_branches": [], "missing_branches": [[591, 596], [591, 602], [618, 620], [618, 694], [624, 625], [624, 630], [694, 695], [694, 701], [716, 717], [716, 726], [718, 719], [718, 723], [727, 728], [727, 771]]}, "export_statistics_data": {"executed_lines": [], "summary": {"covered_lines": 0, "num_statements": 27, "percent_covered": 0.0, "percent_covered_display": "0.00", "missing_lines": 27, "excluded_lines": 0, "num_branches": 8, "num_partial_branches": 0, "covered_branches": 0, "missing_branches": 8}, "missing_lines": [837, 839, 840, 842, 844, 847, 848, 850, 852, 855, 856, 858, 860, 861, 862, 865, 866, 869, 870, 874, 888, 893, 897, 898, 899, 900, 901], "excluded_lines": [], "executed_branches": [], "missing_branches": [[842, 844], [842, 850], [850, 852], [850, 858], [858, 860], [858, 869], [860, 861], [860, 862]]}, "get_chart_data": {"executed_lines": [], "summary": {"covered_lines": 0, "num_statements": 6, "percent_covered": 0.0, "percent_covered_display": "0.00", "missing_lines": 6, "excluded_lines": 0, "num_branches": 0, "num_partial_branches": 0, "covered_branches": 0, "missing_branches": 0}, "missing_lines": [915, 917, 928, 929, 930, 931], "excluded_lines": [], "executed_branches": [], "missing_branches": []}, "get_rankings": {"executed_lines": [], "summary": {"covered_lines": 0, "num_statements": 6, "percent_covered": 0.0, "percent_covered_display": "0.00", "missing_lines": 6, "excluded_lines": 0, "num_branches": 0, "num_partial_branches": 0, "covered_branches": 0, "missing_branches": 0}, "missing_lines": [948, 950, 956, 957, 958, 959], "excluded_lines": [], "executed_branches": [], "missing_branches": []}, "get_attendance_statistics": {"executed_lines": [], "summary": {"covered_lines": 0, "num_statements": 17, "percent_covered": 0.0, "percent_covered_display": "0.00", "missing_lines": 17, "excluded_lines": 0, "num_branches": 2, "num_partial_branches": 0, "covered_branches": 0, "missing_branches": 2}, "missing_lines": [974, 975, 977, 980, 981, 984, 993, 994, 996, 1001, 1007, 1015, 1016, 1021, 1022, 1023, 1025], "excluded_lines": [], "executed_branches": [], "missing_branches": [[1015, 1016], [1015, 1021]]}, "get_work_hours_overview": {"executed_lines": [], "summary": {"covered_lines": 0, "num_statements": 45, "percent_covered": 0.0, "percent_covered_display": "0.00", "missing_lines": 45, "excluded_lines": 0, "num_branches": 18, "num_partial_branches": 0, "covered_branches": 0, "missing_branches": 18}, "missing_lines": [1055, 1056, 1059, 1064, 1069, 1071, 1073, 1078, 1079, 1080, 1082, 1083, 1087, 1099, 1100, 1106, 1111, 1112, 1113, 1115, 1126, 1127, 1128, 1132, 1135, 1138, 1141, 1145, 1146, 1150, 1151, 1152, 1153, 1172, 1173, 1178, 1181, 1185, 1191, 1193, 1195, 1196, 1197, 1198, 1199], "excluded_lines": [], "executed_branches": [], "missing_branches": [[1059, 1064], [1059, 1069], [1071, 1073], [1071, 1099], [1082, 1083], [1082, 1087], [1099, 1100], [1099, 1106], [1126, 1127], [1126, 1178], [1145, 1146], [1145, 1150], [1150, 1151], [1150, 1152], [1152, 1126], [1152, 1153], [1178, 1181], [1178, 1185]]}, "get_work_hours_analysis": {"executed_lines": [], "summary": {"covered_lines": 0, "num_statements": 74, "percent_covered": 0.0, "percent_covered_display": "0.00", "missing_lines": 74, "excluded_lines": 0, "num_branches": 40, "num_partial_branches": 0, "covered_branches": 0, "missing_branches": 40}, "missing_lines": [1228, 1229, 1231, 1237, 1248, 1249, 1251, 1253, 1262, 1263, 1266, 1269, 1272, 1277, 1278, 1279, 1280, 1284, 1285, 1286, 1301, 1303, 1305, 1313, 1314, 1317, 1320, 1323, 1327, 1328, 1329, 1330, 1350, 1353, 1356, 1358, 1360, 1366, 1367, 1370, 1374, 1375, 1376, 1377, 1378, 1379, 1380, 1395, 1398, 1401, 1403, 1405, 1415, 1416, 1417, 1418, 1421, 1424, 1428, 1439, 1440, 1441, 1442, 1467, 1470, 1473, 1474, 1475, 1477, 1479, 1484, 1488, 1489, 1490], "excluded_lines": [], "executed_branches": [], "missing_branches": [[1251, 1253], [1251, 1303], [1262, 1263], [1262, 1301], [1284, 1285], [1284, 1286], [1303, 1305], [1303, 1358], [1313, 1314], [1313, 1350], [1327, 1313], [1327, 1328], [1328, 1329], [1328, 1330], [1350, 1353], [1350, 1356], [1358, 1360], [1358, 1403], [1366, 1367], [1366, 1395], [1377, 1366], [1377, 1378], [1378, 1379], [1378, 1380], [1395, 1398], [1395, 1401], [1403, 1405], [1403, 1479], [1415, 1416], [1415, 1477], [1439, 1440], [1439, 1467], [1440, 1441], [1440, 1442], [1467, 1470], [1467, 1477], [1473, 1474], [1473, 1477], [1474, 1473], [1474, 1475]]}, "batch_update_work_hours_summaries": {"executed_lines": [], "summary": {"covered_lines": 0, "num_statements": 10, "percent_covered": 0.0, "percent_covered_display": "0.00", "missing_lines": 10, "excluded_lines": 0, "num_branches": 0, "num_partial_branches": 0, "covered_branches": 0, "missing_branches": 0}, "missing_lines": [1510, 1511, 1513, 1516, 1520, 1524, 1529, 1530, 1531, 1532], "excluded_lines": [], "executed_branches": [], "missing_branches": []}, "get_work_hours_trend": {"executed_lines": [], "summary": {"covered_lines": 0, "num_statements": 56, "percent_covered": 0.0, "percent_covered_display": "0.00", "missing_lines": 56, "excluded_lines": 0, "num_branches": 22, "num_partial_branches": 0, "covered_branches": 0, "missing_branches": 22}, "missing_lines": [1552, 1553, 1556, 1561, 1567, 1568, 1569, 1570, 1571, 1579, 1581, 1583, 1588, 1589, 1590, 1592, 1593, 1598, 1610, 1614, 1615, 1618, 1619, 1620, 1627, 1628, 1630, 1631, 1634, 1635, 1636, 1637, 1638, 1639, 1642, 1643, 1644, 1646, 1648, 1651, 1652, 1676, 1689, 1690, 1693, 1696, 1699, 1702, 1706, 1724, 1726, 1728, 1729, 1730, 1731, 1732], "excluded_lines": [], "executed_branches": [], "missing_branches": [[1556, 1561], [1556, 1567], [1569, 1570], [1569, 1579], [1581, 1583], [1581, 1610], [1592, 1593], [1592, 1598], [1619, 1620], [1619, 1627], [1627, 1628], [1627, 1630], [1635, 1636], [1635, 1642], [1637, 1638], [1637, 1639], [1642, 1643], [1642, 1724], [1646, 1648], [1646, 1689], [1651, 1652], [1651, 1676]]}, "statistics_health_check": {"executed_lines": [], "summary": {"covered_lines": 0, "num_statements": 1, "percent_covered": 0.0, "percent_covered_display": "0.00", "missing_lines": 1, "excluded_lines": 0, "num_branches": 0, "num_partial_branches": 0, "covered_branches": 0, "missing_branches": 0}, "missing_lines": [1742], "excluded_lines": [], "executed_branches": [], "missing_branches": []}, "": {"executed_lines": [1, 6, 7, 8, 9, 11, 12, 13, 14, 16, 23, 24, 25, 26, 28, 29, 32, 68, 69, 332, 333, 574, 575, 820, 821, 907, 908, 937, 938, 966, 967, 1040, 1041, 1205, 1206, 1495, 1496, 1538, 1539, 1739, 1740], "summary": {"covered_lines": 40, "num_statements": 40, "percent_covered": 100.0, "percent_covered_display": "100.00", "missing_lines": 0, "excluded_lines": 0, "num_branches": 0, "num_partial_branches": 0, "covered_branches": 0, "missing_branches": 0}, "missing_lines": [], "excluded_lines": [], "executed_branches": [], "missing_branches": []}}, "classes": {"": {"executed_lines": [1, 6, 7, 8, 9, 11, 12, 13, 14, 16, 23, 24, 25, 26, 28, 29, 32, 68, 69, 332, 333, 574, 575, 820, 821, 907, 908, 937, 938, 966, 967, 1040, 1041, 1205, 1206, 1495, 1496, 1538, 1539, 1739, 1740], "summary": {"covered_lines": 40, "num_statements": 465, "percent_covered": 6.420545746388443, "percent_covered_display": "6.42", "missing_lines": 425, "excluded_lines": 0, "num_branches": 158, "num_partial_branches": 0, "covered_branches": 0, "missing_branches": 158}, "missing_lines": [39, 40, 43, 44, 47, 48, 49, 50, 53, 56, 57, 60, 62, 80, 82, 83, 84, 85, 88, 93, 114, 115, 134, 144, 145, 161, 164, 167, 168, 172, 189, 190, 206, 207, 222, 223, 229, 240, 241, 255, 317, 319, 321, 322, 323, 348, 350, 351, 352, 353, 356, 368, 369, 371, 372, 374, 375, 381, 383, 385, 386, 387, 388, 389, 393, 394, 396, 397, 398, 401, 402, 405, 410, 411, 412, 413, 416, 418, 425, 428, 431, 434, 436, 457, 460, 462, 464, 465, 466, 467, 468, 469, 472, 474, 476, 477, 478, 480, 481, 482, 483, 484, 487, 492, 493, 494, 495, 498, 500, 506, 516, 519, 520, 521, 524, 525, 526, 527, 530, 532, 549, 559, 561, 563, 564, 565, 589, 591, 596, 602, 603, 604, 605, 608, 610, 618, 620, 621, 622, 624, 625, 630, 637, 638, 641, 646, 649, 651, 674, 694, 695, 701, 711, 712, 715, 716, 717, 718, 719, 723, 726, 727, 728, 729, 732, 737, 738, 739, 742, 743, 748, 771, 772, 775, 777, 792, 800, 804, 808, 809, 810, 811, 812, 837, 839, 840, 842, 844, 847, 848, 850, 852, 855, 856, 858, 860, 861, 862, 865, 866, 869, 870, 874, 888, 893, 897, 898, 899, 900, 901, 915, 917, 928, 929, 930, 931, 948, 950, 956, 957, 958, 959, 974, 975, 977, 980, 981, 984, 993, 994, 996, 1001, 1007, 1015, 1016, 1021, 1022, 1023, 1025, 1055, 1056, 1059, 1064, 1069, 1071, 1073, 1078, 1079, 1080, 1082, 1083, 1087, 1099, 1100, 1106, 1111, 1112, 1113, 1115, 1126, 1127, 1128, 1132, 1135, 1138, 1141, 1145, 1146, 1150, 1151, 1152, 1153, 1172, 1173, 1178, 1181, 1185, 1191, 1193, 1195, 1196, 1197, 1198, 1199, 1228, 1229, 1231, 1237, 1248, 1249, 1251, 1253, 1262, 1263, 1266, 1269, 1272, 1277, 1278, 1279, 1280, 1284, 1285, 1286, 1301, 1303, 1305, 1313, 1314, 1317, 1320, 1323, 1327, 1328, 1329, 1330, 1350, 1353, 1356, 1358, 1360, 1366, 1367, 1370, 1374, 1375, 1376, 1377, 1378, 1379, 1380, 1395, 1398, 1401, 1403, 1405, 1415, 1416, 1417, 1418, 1421, 1424, 1428, 1439, 1440, 1441, 1442, 1467, 1470, 1473, 1474, 1475, 1477, 1479, 1484, 1488, 1489, 1490, 1510, 1511, 1513, 1516, 1520, 1524, 1529, 1530, 1531, 1532, 1552, 1553, 1556, 1561, 1567, 1568, 1569, 1570, 1571, 1579, 1581, 1583, 1588, 1589, 1590, 1592, 1593, 1598, 1610, 1614, 1615, 1618, 1619, 1620, 1627, 1628, 1630, 1631, 1634, 1635, 1636, 1637, 1638, 1639, 1642, 1643, 1644, 1646, 1648, 1651, 1652, 1676, 1689, 1690, 1693, 1696, 1699, 1702, 1706, 1724, 1726, 1728, 1729, 1730, 1731, 1732, 1742], "excluded_lines": [], "executed_branches": [], "missing_branches": [[39, 40], [39, 43], [48, 49], [48, 53], [56, 57], [56, 62], [82, 83], [82, 84], [84, 85], [84, 88], [167, 168], [167, 172], [350, 351], [350, 352], [352, 353], [352, 356], [368, 369], [368, 371], [374, 375], [374, 381], [383, 385], [383, 462], [386, 387], [386, 396], [388, 389], [388, 393], [393, 386], [393, 394], [397, 398], [397, 457], [411, 412], [411, 418], [412, 411], [412, 413], [462, 464], [462, 519], [465, 466], [465, 480], [466, 467], [466, 468], [468, 469], [468, 474], [476, 477], [476, 478], [481, 482], [481, 516], [493, 494], [493, 500], [494, 493], [494, 495], [525, 526], [525, 532], [526, 525], [526, 527], [591, 596], [591, 602], [618, 620], [618, 694], [624, 625], [624, 630], [694, 695], [694, 701], [716, 717], [716, 726], [718, 719], [718, 723], [727, 728], [727, 771], [842, 844], [842, 850], [850, 852], [850, 858], [858, 860], [858, 869], [860, 861], [860, 862], [1015, 1016], [1015, 1021], [1059, 1064], [1059, 1069], [1071, 1073], [1071, 1099], [1082, 1083], [1082, 1087], [1099, 1100], [1099, 1106], [1126, 1127], [1126, 1178], [1145, 1146], [1145, 1150], [1150, 1151], [1150, 1152], [1152, 1126], [1152, 1153], [1178, 1181], [1178, 1185], [1251, 1253], [1251, 1303], [1262, 1263], [1262, 1301], [1284, 1285], [1284, 1286], [1303, 1305], [1303, 1358], [1313, 1314], [1313, 1350], [1327, 1313], [1327, 1328], [1328, 1329], [1328, 1330], [1350, 1353], [1350, 1356], [1358, 1360], [1358, 1403], [1366, 1367], [1366, 1395], [1377, 1366], [1377, 1378], [1378, 1379], [1378, 1380], [1395, 1398], [1395, 1401], [1403, 1405], [1403, 1479], [1415, 1416], [1415, 1477], [1439, 1440], [1439, 1467], [1440, 1441], [1440, 1442], [1467, 1470], [1467, 1477], [1473, 1474], [1473, 1477], [1474, 1473], [1474, 1475], [1556, 1561], [1556, 1567], [1569, 1570], [1569, 1579], [1581, 1583], [1581, 1610], [1592, 1593], [1592, 1598], [1619, 1620], [1619, 1627], [1627, 1628], [1627, 1630], [1635, 1636], [1635, 1642], [1637, 1638], [1637, 1639], [1642, 1643], [1642, 1724], [1646, 1648], [1646, 1689], [1651, 1652], [1651, 1676]]}}}, "app\\api\\v1\\tasks.py": {"executed_lines": [1, 6, 7, 8, 10, 11, 12, 13, 14, 16, 24, 25, 34, 43, 44, 50, 51, 58, 59, 136, 137, 221, 222, 299, 300, 420, 421, 482, 483, 587, 588, 598, 599, 689, 690, 784, 785, 896, 897, 951, 952, 1042, 1043, 1138, 1139, 1232, 1233, 1303, 1304, 1388, 1389, 1461, 1462, 1529, 1530, 1591, 1592, 1652, 1653, 1739, 1740, 1855, 1868, 1885, 1909, 1938, 2105, 2106, 2170, 2171, 2257, 2258, 2322, 2323, 2409, 2410, 2465, 2466, 2560, 2561, 2876, 2877, 2994, 2995, 3080, 3081, 3169, 3170, 3284, 3285, 3382, 3383, 3545, 3546, 3657, 3658, 3734, 3735, 3808, 3809, 3889, 3890, 3938, 3939], "summary": {"covered_lines": 103, "num_statements": 1300, "percent_covered": 6.094674556213017, "percent_covered_display": "6.09", "missing_lines": 1197, "excluded_lines": 0, "num_branches": 390, "num_partial_branches": 0, "covered_branches": 0, "missing_branches": 390}, "missing_lines": [53, 66, 67, 69, 72, 75, 76, 79, 84, 85, 88, 89, 90, 92, 93, 96, 97, 98, 118, 129, 130, 131, 144, 145, 148, 153, 154, 157, 160, 161, 164, 165, 166, 168, 169, 172, 173, 174, 203, 214, 215, 216, 229, 230, 232, 235, 238, 239, 242, 247, 248, 251, 252, 253, 255, 256, 259, 260, 261, 281, 292, 293, 294, 316, 317, 320, 321, 322, 323, 331, 332, 334, 335, 338, 340, 346, 348, 349, 352, 353, 354, 356, 359, 362, 363, 366, 367, 368, 370, 371, 374, 375, 376, 406, 408, 413, 414, 415, 432, 434, 440, 441, 443, 444, 449, 450, 456, 458, 473, 474, 475, 476, 477, 490, 492, 493, 494, 497, 498, 499, 502, 505, 506, 509, 512, 513, 516, 519, 520, 523, 528, 529, 532, 538, 539, 542, 543, 544, 545, 548, 549, 551, 557, 558, 560, 577, 578, 579, 592, 609, 611, 617, 618, 620, 621, 626, 627, 632, 673, 677, 679, 680, 681, 682, 683, 700, 702, 703, 704, 705, 706, 708, 709, 714, 715, 721, 724, 740, 742, 743, 746, 747, 748, 749, 751, 752, 755, 757, 758, 760, 762, 773, 774, 775, 776, 777, 778, 796, 798, 804, 805, 807, 808, 813, 814, 815, 820, 823, 824, 825, 826, 827, 833, 834, 835, 836, 838, 839, 845, 846, 848, 850, 853, 854, 855, 856, 858, 859, 860, 861, 864, 865, 867, 868, 869, 870, 873, 875, 876, 878, 880, 885, 886, 887, 888, 889, 890, 907, 909, 910, 911, 913, 914, 919, 920, 925, 926, 929, 930, 932, 936, 940, 941, 942, 943, 944, 945, 962, 964, 966, 967, 973, 974, 975, 977, 978, 983, 984, 986, 987, 988, 990, 992, 993, 1002, 1003, 1005, 1006, 1007, 1008, 1009, 1010, 1011, 1013, 1015, 1019, 1028, 1029, 1030, 1031, 1032, 1033, 1054, 1056, 1057, 1058, 1060, 1061, 1066, 1067, 1068, 1073, 1074, 1077, 1078, 1084, 1087, 1088, 1089, 1090, 1091, 1094, 1096, 1099, 1100, 1101, 1103, 1106, 1108, 1109, 1111, 1116, 1127, 1128, 1129, 1130, 1131, 1132, 1150, 1152, 1153, 1154, 1156, 1157, 1162, 1163, 1164, 1166, 1167, 1171, 1172, 1177, 1178, 1180, 1181, 1182, 1183, 1184, 1187, 1190, 1191, 1192, 1194, 1196, 1197, 1199, 1200, 1201, 1203, 1208, 1218, 1219, 1220, 1221, 1222, 1223, 1243, 1245, 1250, 1251, 1253, 1254, 1259, 1263, 1269, 1270, 1276, 1277, 1279, 1280, 1282, 1292, 1293, 1294, 1295, 1296, 1297, 1315, 1317, 1322, 1323, 1325, 1326, 1331, 1335, 1341, 1342, 1348, 1349, 1352, 1353, 1356, 1357, 1358, 1361, 1363, 1364, 1366, 1377, 1378, 1379, 1380, 1381, 1382, 1400, 1401, 1404, 1409, 1410, 1412, 1413, 1418, 1419, 1425, 1426, 1429, 1430, 1432, 1433, 1435, 1440, 1450, 1451, 1452, 1453, 1454, 1455, 1473, 1474, 1477, 1485, 1488, 1489, 1492, 1493, 1494, 1497, 1498, 1499, 1513, 1518, 1519, 1520, 1541, 1542, 1545, 1546, 1547, 1548, 1549, 1551, 1552, 1554, 1556, 1557, 1560, 1561, 1562, 1572, 1574, 1578, 1583, 1584, 1585, 1602, 1604, 1605, 1606, 1607, 1613, 1621, 1622, 1623, 1625, 1629, 1638, 1639, 1640, 1641, 1642, 1643, 1664, 1666, 1672, 1673, 1675, 1676, 1681, 1682, 1683, 1689, 1690, 1693, 1694, 1696, 1697, 1699, 1700, 1703, 1705, 1706, 1709, 1711, 1715, 1725, 1726, 1727, 1728, 1729, 1730, 1752, 1754, 1757, 1759, 1760, 1761, 1764, 1765, 1766, 1767, 1770, 1771, 1772, 1775, 1776, 1777, 1778, 1779, 1780, 1783, 1784, 1785, 1786, 1787, 1788, 1791, 1792, 1793, 1794, 1795, 1796, 1799, 1802, 1803, 1804, 1807, 1808, 1809, 1810, 1813, 1814, 1820, 1823, 1824, 1826, 1840, 1842, 1844, 1845, 1846, 1857, 1860, 1861, 1862, 1865, 1870, 1882, 1890, 1891, 1892, 1894, 1895, 1901, 1902, 1905, 1906, 1911, 1912, 1913, 1915, 1916, 1917, 1918, 1926, 1940, 1943, 1944, 1947, 1948, 1949, 1951, 1952, 1955, 1959, 1960, 1968, 1971, 1972, 1973, 1975, 1982, 1983, 1984, 1985, 1986, 1992, 1994, 1997, 1998, 2006, 2008, 2009, 2017, 2019, 2020, 2028, 2031, 2033, 2034, 2037, 2040, 2043, 2054, 2055, 2056, 2058, 2059, 2062, 2064, 2116, 2117, 2118, 2121, 2133, 2135, 2136, 2137, 2140, 2141, 2142, 2143, 2147, 2151, 2161, 2162, 2163, 2164, 2185, 2186, 2189, 2190, 2191, 2194, 2196, 2197, 2199, 2200, 2201, 2202, 2205, 2206, 2207, 2210, 2211, 2213, 2214, 2217, 2218, 2219, 2235, 2246, 2247, 2248, 2268, 2269, 2270, 2273, 2285, 2287, 2288, 2289, 2292, 2293, 2294, 2295, 2299, 2303, 2313, 2314, 2315, 2316, 2337, 2338, 2341, 2342, 2343, 2346, 2348, 2349, 2351, 2352, 2353, 2354, 2357, 2358, 2359, 2362, 2363, 2365, 2366, 2369, 2370, 2371, 2387, 2398, 2399, 2400, 2420, 2421, 2423, 2425, 2428, 2429, 2430, 2433, 2441, 2443, 2446, 2447, 2448, 2450, 2452, 2456, 2457, 2458, 2459, 2479, 2481, 2496, 2497, 2498, 2501, 2502, 2504, 2505, 2508, 2509, 2511, 2513, 2530, 2531, 2533, 2549, 2550, 2551, 2571, 2572, 2574, 2577, 2579, 2580, 2585, 2586, 2587, 2588, 2589, 2591, 2592, 2594, 2602, 2603, 2605, 2607, 2608, 2611, 2614, 2615, 2622, 2624, 2626, 2629, 2632, 2635, 2642, 2644, 2646, 2662, 2663, 2665, 2666, 2667, 2668, 2671, 2677, 2678, 2684, 2685, 2687, 2689, 2690, 2691, 2692, 2695, 2701, 2706, 2712, 2713, 2716, 2723, 2724, 2725, 2727, 2728, 2729, 2731, 2732, 2734, 2735, 2736, 2738, 2739, 2740, 2742, 2743, 2745, 2746, 2747, 2749, 2750, 2751, 2753, 2754, 2756, 2757, 2758, 2761, 2766, 2767, 2768, 2769, 2774, 2775, 2776, 2779, 2784, 2785, 2786, 2787, 2792, 2793, 2798, 2799, 2804, 2807, 2829, 2830, 2831, 2833, 2834, 2835, 2836, 2837, 2838, 2842, 2853, 2857, 2858, 2859, 2860, 2861, 2863, 2865, 2866, 2867, 2868, 2869, 2870, 2885, 2887, 2962, 2983, 2984, 2985, 3010, 3012, 3014, 3015, 3016, 3017, 3018, 3019, 3020, 3021, 3022, 3024, 3025, 3027, 3028, 3033, 3034, 3036, 3037, 3038, 3039, 3041, 3042, 3043, 3047, 3048, 3049, 3053, 3055, 3062, 3066, 3071, 3072, 3073, 3074, 3092, 3094, 3100, 3101, 3103, 3104, 3109, 3110, 3111, 3117, 3120, 3123, 3125, 3126, 3127, 3130, 3132, 3141, 3146, 3156, 3157, 3158, 3159, 3162, 3163, 3184, 3186, 3189, 3205, 3206, 3209, 3210, 3211, 3214, 3215, 3217, 3218, 3221, 3222, 3223, 3226, 3227, 3228, 3229, 3230, 3231, 3232, 3234, 3256, 3258, 3268, 3272, 3276, 3277, 3278, 3297, 3299, 3305, 3306, 3308, 3309, 3314, 3317, 3320, 3323, 3324, 3327, 3328, 3335, 3336, 3338, 3341, 3344, 3349, 3350, 3353, 3355, 3366, 3371, 3372, 3373, 3374, 3375, 3376, 3396, 3398, 3399, 3400, 3401, 3404, 3416, 3417, 3419, 3420, 3423, 3424, 3425, 3428, 3429, 3430, 3431, 3432, 3433, 3434, 3437, 3438, 3439, 3446, 3447, 3448, 3449, 3450, 3452, 3453, 3455, 3457, 3458, 3459, 3460, 3463, 3464, 3465, 3466, 3480, 3481, 3482, 3483, 3484, 3485, 3486, 3490, 3492, 3493, 3494, 3495, 3510, 3512, 3530, 3532, 3534, 3535, 3536, 3556, 3557, 3559, 3562, 3563, 3564, 3566, 3567, 3572, 3574, 3575, 3576, 3579, 3586, 3587, 3588, 3591, 3592, 3593, 3623, 3641, 3645, 3649, 3650, 3651, 3668, 3669, 3671, 3674, 3675, 3676, 3677, 3679, 3680, 3685, 3693, 3694, 3695, 3696, 3698, 3699, 3701, 3715, 3720, 3725, 3726, 3727, 3728, 3745, 3747, 3748, 3750, 3751, 3757, 3758, 3760, 3767, 3768, 3770, 3771, 3773, 3774, 3776, 3777, 3778, 3779, 3781, 3782, 3784, 3791, 3795, 3799, 3800, 3801, 3802, 3819, 3820, 3822, 3825, 3826, 3827, 3828, 3830, 3832, 3835, 3840, 3842, 3845, 3850, 3852, 3853, 3855, 3861, 3866, 3868, 3872, 3875, 3880, 3881, 3882, 3883, 3900, 3901, 3903, 3905, 3908, 3909, 3910, 3913, 3917, 3921, 3929, 3930, 3931, 3932, 3946, 3948], "excluded_lines": [], "executed_branches": [], "missing_branches": [[75, 76], [75, 79], [89, 90], [89, 92], [97, 98], [97, 118], [153, 154], [153, 15
[...]
, 967], [965, 979], [970, 971], [970, 974], [1009, 1011], [1009, 1016], [1038, 1039], [1038, 1042], [1042, 1044], [1042, 1049], [1044, 1045], [1044, 1049], [1045, 1044], [1045, 1046], [1062, 1063], [1062, 1065], [1070, 1071], [1070, 1089], [1076, 1077], [1076, 1082], [1104, 1105], [1104, 1117], [1105, 1104], [1105, 1106]], "functions": {"WorkHoursCalculationService.__init__": {"executed_lines": [], "summary": {"covered_lines": 0, "num_statements": 10, "percent_covered": 0.0, "percent_covered_display": "0.00", "missing_lines": 10, "excluded_lines": 0, "num_branches": 0, "num_partial_branches": 0, "covered_branches": 0, "missing_branches": 0}, "missing_lines": [35, 38, 39, 40, 41, 44, 45, 46, 49, 50], "excluded_lines": [], "executed_branches": [], "missing_branches": []}, "WorkHoursCalculationService.calculate_task_work_minutes": {"executed_lines": [], "summary": {"covered_lines": 0, "num_statements": 85, "percent_covered": 0.0, "percent_covered_display": "0.00", "missing_lines": 85, "excluded_lines": 0, "num_branches": 56, "num_partial_branches": 0, "covered_branches": 0, "missing_branches": 56}, "missing_lines": [68, 69, 70, 72, 73, 74, 76, 77, 78, 80, 81, 82, 85, 86, 89, 90, 91, 92, 93, 95, 97, 100, 101, 102, 103, 104, 105, 108, 110, 111, 114, 115, 116, 119, 120, 121, 122, 123, 124, 127, 128, 133, 134, 138, 139, 143, 144, 148, 153, 155, 168, 175, 178, 179, 180, 181, 184, 185, 186, 187, 188, 189, 190, 191, 192, 195, 196, 199, 200, 203, 204, 208, 209, 213, 214, 218, 226, 230, 242, 244, 245, 247, 248, 249, 253], "excluded_lines": [], "executed_branches": [], "missing_branches": [[68, 69], [68, 72], [72, 73], [72, 76], [76, 77], [76, 80], [80, 81], [80, 85], [85, 86], [85, 95], [100, 101], [100, 108], [102, 103], [102, 108], [103, 102], [103, 104], [108, 110], [108, 168], [119, 120], [119, 133], [120, 119], [120, 121], [121, 122], [121, 123], [123, 124], [123, 127], [127, 119], [127, 128], [133, 134], [133, 138], [138, 139], [138, 143], [143, 144], [143, 148], [184, 185], [184, 203], [185, 184], [185, 186], [186, 187], [186, 188], [188, 184], [188, 189], [189, 190], [189, 191], [191, 192], [191, 195], [195, 196], [195, 199], [199, 184], [199, 200], [203, 204], [203, 208], [208, 209], [208, 213], [213, 214], [213, 218]]}, "WorkHoursCalculationService.calculate_monthly_work_hours": {"executed_lines": [], "summary": {"covered_lines": 0, "num_statements": 52, "percent_covered": 0.0, "percent_covered_display": "0.00", "missing_lines": 52, "excluded_lines": 0, "num_branches": 10, "num_partial_branches": 0, "covered_branches": 0, "missing_branches": 10}, "missing_lines": [274, 275, 276, 278, 279, 280, 282, 283, 284, 287, 288, 289, 290, 292, 293, 294, 296, 297, 301, 302, 303, 304, 305, 307, 309, 310, 313, 327, 328, 331, 334, 342, 343, 346, 351, 359, 360, 363, 368, 369, 371, 378, 379, 381, 386, 387, 395, 396, 398, 430, 431, 432], "excluded_lines": [], "executed_branches": [], "missing_branches": [[274, 275], [274, 278], [278, 279], [278, 282], [282, 283], [282, 287], [292, 293], [292, 296], [296, 297], [296, 307]]}, "WorkHoursCalculationService.update_monthly_summary": {"executed_lines": [], "summary": {"covered_lines": 0, "num_statements": 35, "percent_covered": 0.0, "percent_covered_display": "0.00", "missing_lines": 35, "excluded_lines": 0, "num_branches": 16, "num_partial_branches": 0, "covered_branches": 0, "missing_branches": 16}, "missing_lines": [453, 454, 455, 457, 458, 459, 461, 462, 463, 465, 467, 472, 479, 480, 482, 484, 485, 486, 487, 490, 497, 501, 502, 503, 504, 506, 507, 509, 512, 514, 516, 517, 518, 519, 520], "excluded_lines": [], "executed_branches": [], "missing_branches": [[453, 454], [453, 457], [457, 458], [457, 461], [461, 462], [461, 465], [482, 484], [482, 490], [484, 485], [484, 487], [485, 484], [485, 486], [501, 502], [501, 504], [502, 501], [502, 503]]}, "WorkHoursCalculationService.batch_update_monthly_summaries": {"executed_lines": [], "summary": {"covered_lines": 0, "num_statements": 32, "percent_covered": 0.0, "percent_covered_display": "0.00", "missing_lines": 32, "excluded_lines": 0, "num_branches": 14, "num_partial_branches": 0, "covered_branches": 0, "missing_branches": 14}, "missing_lines": [541, 542, 543, 545, 546, 547, 549, 550, 551, 552, 553, 555, 557, 558, 560, 562, 563, 565, 566, 568, 569, 570, 571, 572, 573, 576, 578, 584, 586, 587, 588, 589], "excluded_lines": [], "executed_branches": [], "missing_branches": [[541, 542], [541, 545], [545, 546], [545, 549], [549, 550], [549, 555], [550, 551], [550, 555], [551, 550], [551, 552], [557, 558], [557, 560], [568, 569], [568, 578]]}, "WorkHoursCalculationService.apply_group_penalties": {"executed_lines": [], "summary": {"covered_lines": 0, "num_statements": 33, "percent_covered": 0.0, "percent_covered_display": "0.00", "missing_lines": 33, "excluded_lines": 0, "num_branches": 12, "num_partial_branches": 0, "covered_branches": 0, "missing_branches": 12}, "missing_lines": [609, 610, 611, 613, 614, 615, 617, 618, 619, 621, 622, 623, 624, 626, 628, 634, 635, 637, 640, 642, 645, 646, 647, 648, 650, 658, 660, 663, 665, 667, 668, 669, 670], "excluded_lines": [], "executed_branches": [], "missing_branches": [[609, 610], [609, 613], [613, 614], [613, 617], [617, 618], [617, 621], [622, 623], [622, 626], [640, 642], [640, 660], [645, 646], [645, 647]]}, "WorkHoursCalculationService._calculate_repair_tasks_hours": {"executed_lines": [], "summary": {"covered_lines": 0, "num_statements": 14, "percent_covered": 0.0, "percent_covered_display": "0.00", "missing_lines": 14, "excluded_lines": 0, "num_branches": 4, "num_partial_branches": 0, "covered_branches": 0, "missing_branches": 4}, "missing_lines": [678, 690, 691, 694, 696, 697, 699, 701, 702, 705, 706, 709, 712, 716], "excluded_lines": [], "executed_branches": [], "missing_branches": [[690, 691], [690, 716], [696, 697], [696, 699]]}, "WorkHoursCalculationService._is_response_overdue": {"executed_lines": [], "summary": {"covered_lines": 0, "num_statements": 4, "percent_covered": 0.0, "percent_covered_display": "0.00", "missing_lines": 4, "excluded_lines": 0, "num_branches": 2, "num_partial_branches": 0, "covered_branches": 0, "missing_branches": 2}, "missing_lines": [720, 725, 727, 730], "excluded_lines": [], "executed_branches": [], "missing_branches": [[720, 725], [720, 727]]}, "WorkHoursCalculationService._is_completion_overdue": {"executed_lines": [], "summary": {"covered_lines": 0, "num_statements": 4, "percent_covered": 0.0, "percent_covered_display": "0.00", "missing_lines": 4, "excluded_lines": 0, "num_branches": 2, "num_partial_branches": 0, "covered_branches": 0, "missing_branches": 2}, "missing_lines": [734, 735, 737, 740], "excluded_lines": [], "executed_branches": [], "missing_branches": [[734, 735], [734, 737]]}, "WorkHoursCalculationService._is_negative_review": {"executed_lines": [], "summary": {"covered_lines": 0, "num_statements": 1, "percent_covered": 0.0, "percent_covered_display": "0.00", "missing_lines": 1, "excluded_lines": 0, "num_branches": 0, "num_partial_branches": 0, "covered_branches": 0, "missing_branches": 0}, "missing_lines": [744], "excluded_lines": [], "executed_branches": [], "missing_branches": []}, "WorkHoursCalculationService._get_or_create_penalty_tag": {"executed_lines": [], "summary": {"covered_lines": 0, "num_statements": 18, "percent_covered": 0.0, "percent_covered_display": "0.00", "missing_lines": 18, "excluded_lines": 0, "num_branches": 6, "num_partial_branches": 0, "covered_branches": 0, "missing_branches": 6}, "missing_lines": [748, 766, 767, 768, 770, 773, 774, 775, 777, 779, 780, 783, 784, 785, 786, 787, 788, 790], "excluded_lines": [], "executed_branches": [], "missing_branches": [[767, 768], [767, 770], [777, 779], [777, 790], [780, 783], [780, 784]]}, "WorkHoursCalculationService._get_penalty_minutes": {"executed_lines": [], "summary": {"covered_lines": 0, "num_statements": 2, "percent_covered": 0.0, "percent_covered_display": "0.00", "missing_lines": 2, "excluded_lines": 0, "num_branches": 0, "num_partial_branches": 0, "covered_branches": 0, "missing_branches": 0}, "missing_lines": [794, 799], "excluded_lines": [], "executed_branches": [], "missing_branches": []}, "WorkHoursCalculationService._apply_member_penalty": {"executed_lines": [], "summary": {"covered_lines": 0, "num_statements": 25, "percent_covered": 0.0, "percent_covered_display": "0.00", "missing_lines": 25, "excluded_lines": 0, "num_branches": 8, "num_partial_branches": 0, "covered_branches": 0, "missing_branches": 8}, "missing_lines": [811, 818, 819, 821, 822, 825, 828, 829, 830, 832, 833, 836, 841, 842, 845, 850, 851, 854, 861, 862, 863, 864, 865, 867, 880], "excluded_lines": [], "executed_branches": [], "missing_branches": [[821, 822], [821, 828], [832, 833], [832, 841], [841, 842], [841, 850], [850, 851], [850, 861]]}, "RushTaskMarkingService.__init__": {"executed_lines": [], "summary": {"covered_lines": 0, "num_statements": 1, "percent_covered": 0.0, "percent_covered_display": "0.00", "missing_lines": 1, "excluded_lines": 0, "num_branches": 0, "num_partial_branches": 0, "covered_branches": 0, "missing_branches": 0}, "missing_lines": [887], "excluded_lines": [], "executed_branches": [], "missing_branches": []}, "RushTaskMarkingService.mark_rush_tasks_by_date": {"executed_lines": [], "summary": {"covered_lines": 0, "num_statements": 39, "percent_covered": 0.0, "percent_covered_display": "0.00", "missing_lines": 39, "excluded_lines": 0, "num_branches": 18, "num_partial_branches": 0, "covered_branches": 0, "missing_branches": 18}, "missing_lines": [914, 915, 916, 918, 920, 921, 922, 923, 925, 926, 927, 929, 931, 945, 946, 948, 949, 952, 954, 955, 957, 959, 965, 967, 970, 971, 974, 976, 979, 980, 982, 984, 987, 993, 995, 996, 997, 998, 999], "excluded_lines": [], "executed_branches": [], "missing_branches": [[914, 915], [914, 918], [918, 920], [918, 925], [920, 921], [920, 925], [921, 920], [921, 922], [925, 926], [925, 929], [945, 946], [945, 948], [957, 959], [957, 982], [965, 967], [965, 979], [970, 971], [970, 974]]}, "RushTaskMarkingService._get_or_create_rush_tag": {"executed_lines": [], "summary": {"covered_lines": 0, "num_statements": 9, "percent_covered": 0.0, "percent_covered_display": "0.00", "missing_lines": 9, "excluded_lines": 0, "num_branches": 2, "num_partial_branches": 0, "covered_branches": 0, "missing_branches": 2}, "missing_lines": [1003, 1006, 1007, 1009, 1011, 1012, 1013, 1014, 1016], "excluded_lines": [], "executed_branches": [], "missing_branches": [[1009, 1011], [1009, 1016]]}, "RushTaskMarkingService.batch_recalculate_work_hours": {"executed_lines": [], "summary": {"covered_lines": 0, "num_statements": 44, "percent_covered": 0.0, "percent_covered_display": "0.00", "missing_lines": 44, "excluded_lines": 0, "num_branches": 18, "num_partial_branches": 0, "covered_branches": 0, "missing_branches": 18}, "missing_lines": [1038, 1039, 1040, 1042, 1044, 1045, 1046, 1047, 1049, 1051, 1062, 1063, 1065, 1066, 1068, 1070, 1071, 1073, 1074, 1076, 1077, 1082, 1084, 1085, 1089, 1092, 1095, 1101, 1102, 1104, 1105, 1106, 1107, 1110, 1111, 1112, 1117, 1121, 1128, 1130, 1131, 1132, 1133, 1134], "excluded_lines": [], "executed_branches": [], "missing_branches": [[1038, 1039], [1038, 1042], [1042, 1044], [1042, 1049], [1044, 1045], [1044, 1049], [1045, 1044], [1045, 1046], [1062, 1063], [1062, 1065], [1070, 1071], [1070, 1089], [1076, 1077], [1076, 1082], [1104, 1105], [1104, 1117], [1105, 1104], [1105, 1106]]}, "": {"executed_lines": [1, 7, 8, 9, 10, 12, 13, 14, 16, 17, 18, 28, 31, 32, 34, 52, 255, 434, 522, 591, 674, 718, 732, 742, 746, 792, 801, 883, 884, 886, 889, 1001, 1018], "summary": {"covered_lines": 30, "num_statements": 30, "percent_covered": 100.0, "percent_covered_display": "100.00", "missing_lines": 0, "excluded_lines": 0, "num_branches": 0, "num_partial_branches": 0, "covered_branches": 0, "missing_branches": 0}, "missing_lines": [], "excluded_lines": [], "executed_branches": [], "missing_branches": []}}, "classes": {"WorkHoursCalculationService": {"executed_lines": [], "summary": {"covered_lines": 0, "num_statements": 315, "percent_covered": 0.0, "percent_covered_display": "0.00", "missing_lines": 315, "excluded_lines": 0, "num_branches": 130, "num_partial_branches": 0, "covered_branches": 0, "missing_branches": 130}, "missing_lines": [35, 38, 39, 40, 41, 44, 45, 46, 49, 50, 68, 69, 70, 72, 73, 74, 76, 77, 78, 80, 81, 82, 85, 86, 89, 90, 91, 92, 93, 95, 97, 100, 101, 102, 103, 104, 105, 108, 110, 111, 114, 115, 116, 119, 120, 121, 122, 123, 124, 127, 128, 133, 134, 138, 139, 143, 144, 148, 153, 155, 168, 175, 178, 179, 180, 181, 184, 185, 186, 187, 188, 189, 190, 191, 192, 195, 196, 199, 200, 203, 204, 208, 209, 213, 214, 218, 226, 230, 242, 244, 245, 247, 248, 249, 253, 274, 275, 276, 278, 279, 280, 282, 283, 284, 287, 288, 289, 290, 292, 293, 294, 296, 297, 301, 302, 303, 304, 305, 307, 309, 310, 313, 327, 328, 331, 334, 342, 343, 346, 351, 359, 360, 363, 368, 369, 371, 378, 379, 381, 386, 387, 395, 396, 398, 430, 431, 432, 453, 454, 455, 457, 458, 459, 461, 462, 463, 465, 467, 472, 479, 480, 482, 484, 485, 486, 487, 490, 497, 501, 502, 503, 504, 506, 507, 509, 512, 514, 516, 517, 518, 519, 520, 541, 542, 543, 545, 546, 547, 549, 550, 551, 552, 553, 555, 557, 558, 560, 562, 563, 565, 566, 568, 569, 570, 571, 572, 573, 576, 578, 584, 586, 587, 588, 589, 609, 610, 611, 613, 614, 615, 617, 618, 619, 621, 622, 623, 624, 626, 628, 634, 635, 637, 640, 642, 645, 646, 647, 648, 650, 658, 660, 663, 665, 667, 668, 669, 670, 678, 690, 691, 694, 696, 697, 699, 701, 702, 705, 706, 709, 712, 716, 720, 725, 727, 730, 734, 735, 737, 740, 744, 748, 766, 767, 768, 770, 773, 774, 775, 777, 779, 780, 783, 784, 785, 786, 787, 788, 790, 794, 799, 811, 818, 819, 821, 822, 825, 828, 829, 830, 832, 833, 836, 841, 842, 845, 850, 851, 854, 861, 862, 863, 864, 865, 867, 880], "excluded_lines": [], "executed_branches": [], "missing_branches": [[68, 69], [68, 72], [72, 73], [72, 76], [76, 77], [76, 80], [80, 81], [80, 85], [85, 86], [85, 95], [100, 101], [100, 108], [102, 103], [102, 108], [103, 102], [103, 104], [108, 110], [108, 168], [119, 120], [119, 133], [120, 119], [120, 121], [121, 122], [121, 123], [123, 124], [123, 127], [127, 119], [127, 128], [133, 134], [133, 138], [138, 139], [138, 143], [143, 144], [143, 148], [184, 185], [184, 203], [185, 184], [185, 186], [186, 187], [186, 188], [188, 184], [188, 189], [189, 190], [189, 191], [191, 192], [191, 195], [195, 196], [195, 199], [199, 184], [199, 200], [203, 204], [203, 208], [208, 209], [208, 213], [213, 214], [213, 218], [274, 275], [274, 278], [278, 279], [278, 282], [282, 283], [282, 287], [292, 293], [292, 296], [296, 297], [296, 307], [453, 454], [453, 457], [457, 458], [457, 461], [461, 462], [461, 465], [482, 484], [482, 490], [484, 485], [484, 487], [485, 484], [485, 486], [501, 502], [501, 504], [502, 501], [502, 503], [541, 542], [541, 545], [545, 546], [545, 549], [549, 550], [549, 555], [550, 551], [550, 555], [551, 550], [551, 552], [557, 558], [557, 560], [568, 569], [568, 578], [609, 610], [609, 613], [613, 614], [613, 617], [617, 618], [617, 621], [622, 623], [622, 626], [640, 642], [640, 660], [645, 646], [645, 647], [690, 691], [690, 716], [696, 697], [696, 699], [720, 725], [720, 727], [734, 735], [734, 737], [767, 768], [767, 770], [777, 779], [777, 790], [780, 783], [780, 784], [821, 822], [821, 828], [832, 833], [832, 841], [841, 842], [841, 850], [850, 851], [850, 861]]}, "RushTaskMarkingService": {"executed_lines": [], "summary": {"covered_lines": 0, "num_statements": 93, "percent_covered": 0.0, "percent_covered_display": "0.00", "missing_lines": 93, "excluded_lines": 0, "num_branches": 38, "num_partial_branches": 0, "covered_branches": 0, "missing_branches": 38}, "missing_lines": [887, 914, 915, 916, 918, 920, 921, 922, 923, 925, 926, 927, 929, 931, 945, 946, 948, 949, 952, 954, 955, 957, 959, 965, 967, 970, 971, 974, 976, 979, 980, 982, 984, 987, 993, 995, 996, 997, 998, 999, 1003, 1006, 1007, 1009, 1011, 1012, 1013, 1014, 1016, 1038, 1039, 1040, 1042, 1044, 1045, 1046, 1047, 1049, 1051, 1062, 1063, 1065, 1066, 1068, 1070, 1071, 1073, 1074, 1076, 1077, 1082, 1084, 1085, 1089, 1092, 1095, 1101, 1102, 1104, 1105, 1106, 1107, 1110, 1111, 1112, 1117, 1121, 1128, 1130, 1131, 1132, 1133, 1134], "excluded_lines": [], "executed_branches": [], "missing_branches": [[914, 915], [914, 918], [918, 920], [918, 925], [920, 921], [920, 925], [921, 920], [921, 922], [925, 926], [925, 929], [945, 946], [945, 948], [957, 959], [957, 982], [965, 967], [965, 979], [970, 971], [970, 974], [1009, 1011], [1009, 1016], [1038, 1039], [1038, 1042], [1042, 1044], [1042, 1049], [1044, 1045], [1044, 1049], [1045, 1044], [1045, 1046], [1062, 1063], [1062, 1065], [1070, 1071], [1070, 1089], [1076, 1077], [1076, 1082], [1104, 1105], [1104, 1117], [1105, 1104], [1105, 1106]]}, "": {"executed_lines": [1, 7, 8, 9, 10, 12, 13, 14, 16, 17, 18, 28, 31, 32, 34, 52, 255, 434, 522, 591, 674, 718, 732, 742, 746, 792, 801, 883, 884, 886, 889, 1001, 1018], "summary": {"covered_lines": 30, "num_statements": 30, "percent_covered": 100.0, "percent_covered_display": "100.00", "missing_lines": 0, "excluded_lines": 0, "num_branches": 0, "num_partial_branches": 0, "covered_branches": 0, "missing_branches": 0}, "missing_lines": [], "excluded_lines": [], "executed_branches": [], "missing_branches": []}}}, "app\\utils\\__init__.py": {"executed_lines": [], "summary": {"covered_lines": 0, "num_statements": 0, "percent_covered": 100.0, "percent_covered_display": "100.00", "missing_lines": 0, "excluded_lines": 0, "num_branches": 0, "num_partial_branches": 0, "covered_branches": 0, "missing_branches": 0}, "missing_lines": [], "excluded_lines": [], "executed_branches": [], "missing_branches": [], "functions": {"": {"executed_lines": [], "summary": {"covered_lines": 0, "num_statements": 0, "percent_covered": 100.0, "percent_covered_display": "100.00", "missing_lines": 0, "excluded_lines": 0, "num_branches": 0, "num_partial_branches": 0, "covered_branches": 0, "missing_branches": 0}, "missing_lines": [], "excluded_lines": [], "executed_branches": [], "missing_branches": []}}, "classes": {"": {"executed_lines": [], "summary": {"covered_lines": 0, "num_statements": 0, "percent_covered": 100.0, "percent_covered_display": "100.00", "missing_lines": 0, "excluded_lines": 0, "num_branches": 0, "num_partial_branches": 0, "covered_branches": 0, "missing_branches": 0}, "missing_lines": [], "excluded_lines": [], "executed_branches": [], "missing_branches": []}}}, "app\\utils\\seed_data.py": {"executed_lines": [], "summary": {"covered_lines": 0, "num_statements": 0, "percent_covered": 100.0, "percent_covered_display": "100.00", "missing_lines": 0, "excluded_lines": 0, "num_branches": 0, "num_partial_branches": 0, "covered_branches": 0, "missing_branches": 0}, "missing_lines": [], "excluded_lines": [], "executed_branches": [], "missing_branches": [], "functions": {"": {"executed_lines": [], "summary": {"covered_lines": 0, "num_statements": 0, "percent_covered": 100.0, "percent_covered_display": "100.00", "missing_lines": 0, "excluded_lines": 0, "num_branches": 0, "num_partial_branches": 0, "covered_branches": 0, "missing_branches": 0}, "missing_lines": [], "excluded_lines": [], "executed_branches": [], "missing_branches": []}}, "classes": {"": {"executed_lines": [], "summary": {"covered_lines": 0, "num_statements": 0, "percent_covered": 100.0, "percent_covered_display": "100.00", "missing_lines": 0, "excluded_lines": 0, "num_branches": 0, "num_partial_branches": 0, "covered_branches": 0, "missing_branches": 0}, "missing_lines": [], "excluded_lines": [], "executed_branches": [], "missing_branches": []}}}}, "totals": {"covered_lines": 1889, "num_statements": 7903, "percent_covered": 19.363844849935187, "percent_covered_display": "19.36", "missing_lines": 6014, "excluded_lines": 97, "num_branches": 2126, "num_partial_branches": 35, "covered_branches": 53, "missing_branches": 2073}}